{"/Users/mattward/Desktop/Projects/med-chat/app.js": {"path":"/Users/mattward/Desktop/Projects/med-chat/app.js","statementMap":{"0":{"start":{"line":3,"column":0},"end":{"line":7,"column":1}},"1":{"start":{"line":4,"column":2},"end":{"line":4,"column":50}},"2":{"start":{"line":6,"column":2},"end":{"line":6,"column":29}},"3":{"start":{"line":9,"column":16},"end":{"line":9,"column":34}},"4":{"start":{"line":10,"column":13},"end":{"line":10,"column":28}},"5":{"start":{"line":11,"column":13},"end":{"line":11,"column":28}},"6":{"start":{"line":12,"column":13},"end":{"line":12,"column":28}},"7":{"start":{"line":13,"column":18},"end":{"line":13,"column":47}},"8":{"start":{"line":14,"column":19},"end":{"line":14,"column":41}},"9":{"start":{"line":15,"column":16},"end":{"line":15,"column":34}},"10":{"start":{"line":16,"column":29},"end":{"line":16,"column":62}},"11":{"start":{"line":17,"column":29},"end":{"line":17,"column":62}},"12":{"start":{"line":18,"column":15},"end":{"line":18,"column":45}},"13":{"start":{"line":21,"column":23},"end":{"line":21,"column":53}},"14":{"start":{"line":22,"column":26},"end":{"line":22,"column":57}},"15":{"start":{"line":23,"column":20},"end":{"line":23,"column":46}},"16":{"start":{"line":24,"column":22},"end":{"line":24,"column":56}},"17":{"start":{"line":28,"column":28},"end":{"line":28,"column":61}},"18":{"start":{"line":29,"column":21},"end":{"line":29,"column":47}},"19":{"start":{"line":30,"column":32},"end":{"line":30,"column":69}},"20":{"start":{"line":31,"column":25},"end":{"line":31,"column":55}},"21":{"start":{"line":34,"column":24},"end":{"line":34,"column":54}},"22":{"start":{"line":37,"column":31},"end":{"line":37,"column":35}},"23":{"start":{"line":38,"column":26},"end":{"line":38,"column":28}},"24":{"start":{"line":39,"column":30},"end":{"line":39,"column":57}},"25":{"start":{"line":40,"column":34},"end":{"line":40,"column":36}},"26":{"start":{"line":41,"column":29},"end":{"line":41,"column":99}},"27":{"start":{"line":42,"column":32},"end":{"line":42,"column":35}},"28":{"start":{"line":43,"column":16},"end":{"line":43,"column":19}},"29":{"start":{"line":44,"column":25},"end":{"line":44,"column":28}},"30":{"start":{"line":45,"column":35},"end":{"line":45,"column":38}},"31":{"start":{"line":46,"column":21},"end":{"line":46,"column":25}},"32":{"start":{"line":49,"column":12},"end":{"line":49,"column":21}},"33":{"start":{"line":50,"column":15},"end":{"line":50,"column":37}},"34":{"start":{"line":53,"column":0},"end":{"line":68,"column":1}},"35":{"start":{"line":54,"column":19},"end":{"line":54,"column":34}},"36":{"start":{"line":55,"column":2},"end":{"line":60,"column":4}},"37":{"start":{"line":61,"column":2},"end":{"line":67,"column":4}},"38":{"start":{"line":71,"column":16},"end":{"line":76,"column":2}},"39":{"start":{"line":77,"column":0},"end":{"line":79,"column":1}},"40":{"start":{"line":78,"column":2},"end":{"line":78,"column":19}},"41":{"start":{"line":82,"column":0},"end":{"line":82,"column":16}},"42":{"start":{"line":85,"column":0},"end":{"line":85,"column":56}},"43":{"start":{"line":88,"column":0},"end":{"line":88,"column":27}},"44":{"start":{"line":89,"column":0},"end":{"line":89,"column":51}},"45":{"start":{"line":92,"column":15},"end":{"line":92,"column":42}},"46":{"start":{"line":95,"column":14},"end":{"line":97,"column":1}},"47":{"start":{"line":96,"column":2},"end":{"line":96,"column":46}},"48":{"start":{"line":100,"column":0},"end":{"line":108,"column":1}},"49":{"start":{"line":102,"column":24},"end":{"line":102,"column":46}},"50":{"start":{"line":103,"column":2},"end":{"line":103,"column":42}},"51":{"start":{"line":106,"column":21},"end":{"line":106,"column":70}},"52":{"start":{"line":107,"column":2},"end":{"line":107,"column":29}},"53":{"start":{"line":111,"column":0},"end":{"line":111,"column":47}},"54":{"start":{"line":112,"column":0},"end":{"line":112,"column":33}},"55":{"start":{"line":113,"column":0},"end":{"line":113,"column":56}},"56":{"start":{"line":114,"column":0},"end":{"line":114,"column":42}},"57":{"start":{"line":117,"column":0},"end":{"line":122,"column":3}},"58":{"start":{"line":118,"column":2},"end":{"line":121,"column":5}},"59":{"start":{"line":125,"column":15},"end":{"line":125,"column":32}},"60":{"start":{"line":126,"column":24},"end":{"line":126,"column":34}},"61":{"start":{"line":127,"column":23},"end":{"line":127,"column":34}},"62":{"start":{"line":128,"column":23},"end":{"line":128,"column":34}},"63":{"start":{"line":130,"column":0},"end":{"line":166,"column":3}},"64":{"start":{"line":131,"column":2},"end":{"line":165,"column":3}},"65":{"start":{"line":132,"column":4},"end":{"line":132,"column":64}},"66":{"start":{"line":134,"column":25},"end":{"line":134,"column":34}},"67":{"start":{"line":135,"column":4},"end":{"line":140,"column":5}},"68":{"start":{"line":136,"column":6},"end":{"line":136,"column":55}},"69":{"start":{"line":137,"column":6},"end":{"line":139,"column":9}},"70":{"start":{"line":142,"column":24},"end":{"line":147,"column":5}},"71":{"start":{"line":149,"column":23},"end":{"line":152,"column":6}},"72":{"start":{"line":154,"column":23},"end":{"line":154,"column":39}},"73":{"start":{"line":156,"column":4},"end":{"line":156,"column":37}},"74":{"start":{"line":157,"column":4},"end":{"line":157,"column":37}},"75":{"start":{"line":159,"column":18},"end":{"line":159,"column":37}},"76":{"start":{"line":161,"column":4},"end":{"line":161,"column":34}},"77":{"start":{"line":163,"column":4},"end":{"line":163,"column":54}},"78":{"start":{"line":164,"column":4},"end":{"line":164,"column":16}},"79":{"start":{"line":169,"column":0},"end":{"line":186,"column":3}},"80":{"start":{"line":170,"column":2},"end":{"line":185,"column":3}},"81":{"start":{"line":171,"column":19},"end":{"line":171,"column":27}},"82":{"start":{"line":172,"column":4},"end":{"line":175,"column":5}},"83":{"start":{"line":173,"column":6},"end":{"line":173,"column":64}},"84":{"start":{"line":174,"column":6},"end":{"line":174,"column":77}},"85":{"start":{"line":177,"column":18},"end":{"line":177,"column":50}},"86":{"start":{"line":178,"column":4},"end":{"line":178,"column":66}},"87":{"start":{"line":180,"column":4},"end":{"line":180,"column":25}},"88":{"start":{"line":181,"column":4},"end":{"line":181,"column":31}},"89":{"start":{"line":183,"column":4},"end":{"line":183,"column":60}},"90":{"start":{"line":184,"column":4},"end":{"line":184,"column":16}},"91":{"start":{"line":189,"column":0},"end":{"line":221,"column":3}},"92":{"start":{"line":190,"column":2},"end":{"line":220,"column":3}},"93":{"start":{"line":191,"column":53},"end":{"line":191,"column":61}},"94":{"start":{"line":194,"column":4},"end":{"line":200,"column":5}},"95":{"start":{"line":198,"column":6},"end":{"line":198,"column":76}},"96":{"start":{"line":199,"column":6},"end":{"line":199,"column":91}},"97":{"start":{"line":203,"column":17},"end":{"line":203,"column":52}},"98":{"start":{"line":204,"column":21},"end":{"line":204,"column":70}},"99":{"start":{"line":207,"column":4},"end":{"line":214,"column":5}},"100":{"start":{"line":208,"column":6},"end":{"line":213,"column":8}},"101":{"start":{"line":216,"column":4},"end":{"line":216,"column":53}},"102":{"start":{"line":218,"column":4},"end":{"line":218,"column":72}},"103":{"start":{"line":219,"column":4},"end":{"line":219,"column":16}},"104":{"start":{"line":224,"column":0},"end":{"line":226,"column":3}},"105":{"start":{"line":225,"column":2},"end":{"line":225,"column":66}},"106":{"start":{"line":229,"column":0},"end":{"line":284,"column":2}},"107":{"start":{"line":233,"column":4},"end":{"line":282,"column":5}},"108":{"start":{"line":242,"column":10},"end":{"line":242,"column":18}},"109":{"start":{"line":244,"column":6},"end":{"line":276,"column":7}},"110":{"start":{"line":245,"column":8},"end":{"line":245,"column":78}},"111":{"start":{"line":247,"column":8},"end":{"line":269,"column":9}},"112":{"start":{"line":248,"column":31},"end":{"line":248,"column":85}},"113":{"start":{"line":249,"column":28},"end":{"line":249,"column":58}},"114":{"start":{"line":251,"column":10},"end":{"line":268,"column":11}},"115":{"start":{"line":252,"column":12},"end":{"line":259,"column":15}},"116":{"start":{"line":261,"column":12},"end":{"line":267,"column":15}},"117":{"start":{"line":270,"column":13},"end":{"line":276,"column":7}},"118":{"start":{"line":272,"column":8},"end":{"line":272,"column":76}},"119":{"start":{"line":275,"column":8},"end":{"line":275,"column":78}},"120":{"start":{"line":278,"column":6},"end":{"line":278,"column":56}},"121":{"start":{"line":280,"column":6},"end":{"line":280,"column":58}},"122":{"start":{"line":281,"column":6},"end":{"line":281,"column":18}},"123":{"start":{"line":287,"column":0},"end":{"line":297,"column":3}},"124":{"start":{"line":288,"column":2},"end":{"line":292,"column":5}},"125":{"start":{"line":293,"column":2},"end":{"line":295,"column":68}},"126":{"start":{"line":296,"column":2},"end":{"line":296,"column":12}},"127":{"start":{"line":300,"column":2},"end":{"line":307,"column":3}},"128":{"start":{"line":301,"column":17},"end":{"line":301,"column":49}},"129":{"start":{"line":302,"column":4},"end":{"line":306,"column":7}},"130":{"start":{"line":303,"column":6},"end":{"line":305,"column":9}},"131":{"start":{"line":310,"column":0},"end":{"line":310,"column":21}}},"fnMap":{"0":{"name":"(anonymous_0)","decl":{"start":{"line":95,"column":14},"end":{"line":95,"column":15}},"loc":{"start":{"line":95,"column":20},"end":{"line":97,"column":1}},"line":95},"1":{"name":"(anonymous_1)","decl":{"start":{"line":117,"column":19},"end":{"line":117,"column":20}},"loc":{"start":{"line":117,"column":33},"end":{"line":122,"column":1}},"line":117},"2":{"name":"(anonymous_2)","decl":{"start":{"line":130,"column":18},"end":{"line":130,"column":19}},"loc":{"start":{"line":130,"column":44},"end":{"line":166,"column":1}},"line":130},"3":{"name":"(anonymous_3)","decl":{"start":{"line":169,"column":19},"end":{"line":169,"column":20}},"loc":{"start":{"line":169,"column":45},"end":{"line":186,"column":1}},"line":169},"4":{"name":"(anonymous_4)","decl":{"start":{"line":189,"column":25},"end":{"line":189,"column":26}},"loc":{"start":{"line":189,"column":51},"end":{"line":221,"column":1}},"line":189},"5":{"name":"(anonymous_5)","decl":{"start":{"line":224,"column":33},"end":{"line":224,"column":34}},"loc":{"start":{"line":224,"column":47},"end":{"line":226,"column":1}},"line":224},"6":{"name":"(anonymous_6)","decl":{"start":{"line":232,"column":2},"end":{"line":232,"column":3}},"loc":{"start":{"line":232,"column":28},"end":{"line":283,"column":3}},"line":232},"7":{"name":"(anonymous_7)","decl":{"start":{"line":287,"column":8},"end":{"line":287,"column":9}},"loc":{"start":{"line":287,"column":33},"end":{"line":297,"column":1}},"line":287},"8":{"name":"(anonymous_8)","decl":{"start":{"line":302,"column":24},"end":{"line":302,"column":25}},"loc":{"start":{"line":302,"column":30},"end":{"line":306,"column":5}},"line":302}},"branchMap":{"0":{"loc":{"start":{"line":3,"column":0},"end":{"line":7,"column":1}},"type":"if","locations":[{"start":{"line":3,"column":0},"end":{"line":7,"column":1}},{"start":{"line":5,"column":7},"end":{"line":7,"column":1}}],"line":3},"1":{"loc":{"start":{"line":53,"column":0},"end":{"line":68,"column":1}},"type":"if","locations":[{"start":{"line":53,"column":0},"end":{"line":68,"column":1}},{"start":{},"end":{}}],"line":53},"2":{"loc":{"start":{"line":53,"column":4},"end":{"line":53,"column":77}},"type":"binary-expr","locations":[{"start":{"line":53,"column":4},"end":{"line":53,"column":35}},{"start":{"line":53,"column":39},"end":{"line":53,"column":77}}],"line":53},"3":{"loc":{"start":{"line":77,"column":0},"end":{"line":79,"column":1}},"type":"if","locations":[{"start":{"line":77,"column":0},"end":{"line":79,"column":1}},{"start":{},"end":{}}],"line":77},"4":{"loc":{"start":{"line":100,"column":0},"end":{"line":108,"column":1}},"type":"if","locations":[{"start":{"line":100,"column":0},"end":{"line":108,"column":1}},{"start":{},"end":{}}],"line":100},"5":{"loc":{"start":{"line":135,"column":4},"end":{"line":140,"column":5}},"type":"if","locations":[{"start":{"line":135,"column":4},"end":{"line":140,"column":5}},{"start":{},"end":{}}],"line":135},"6":{"loc":{"start":{"line":135,"column":8},"end":{"line":135,"column":37}},"type":"binary-expr","locations":[{"start":{"line":135,"column":8},"end":{"line":135,"column":17}},{"start":{"line":135,"column":21},"end":{"line":135,"column":37}}],"line":135},"7":{"loc":{"start":{"line":172,"column":4},"end":{"line":175,"column":5}},"type":"if","locations":[{"start":{"line":172,"column":4},"end":{"line":175,"column":5}},{"start":{},"end":{}}],"line":172},"8":{"loc":{"start":{"line":194,"column":4},"end":{"line":200,"column":5}},"type":"if","locations":[{"start":{"line":194,"column":4},"end":{"line":200,"column":5}},{"start":{},"end":{}}],"line":194},"9":{"loc":{"start":{"line":195,"column":6},"end":{"line":196,"column":52}},"type":"binary-expr","locations":[{"start":{"line":195,"column":6},"end":{"line":195,"column":26}},{"start":{"line":196,"column":6},"end":{"line":196,"column":52}}],"line":195},"10":{"loc":{"start":{"line":207,"column":4},"end":{"line":214,"column":5}},"type":"if","locations":[{"start":{"line":207,"column":4},"end":{"line":214,"column":5}},{"start":{},"end":{}}],"line":207},"11":{"loc":{"start":{"line":244,"column":6},"end":{"line":276,"column":7}},"type":"if","locations":[{"start":{"line":244,"column":6},"end":{"line":276,"column":7}},{"start":{"line":270,"column":13},"end":{"line":276,"column":7}}],"line":244},"12":{"loc":{"start":{"line":244,"column":10},"end":{"line":244,"column":38}},"type":"binary-expr","locations":[{"start":{"line":244,"column":10},"end":{"line":244,"column":19}},{"start":{"line":244,"column":23},"end":{"line":244,"column":38}}],"line":244},"13":{"loc":{"start":{"line":247,"column":8},"end":{"line":269,"column":9}},"type":"if","locations":[{"start":{"line":247,"column":8},"end":{"line":269,"column":9}},{"start":{},"end":{}}],"line":247},"14":{"loc":{"start":{"line":251,"column":10},"end":{"line":268,"column":11}},"type":"if","locations":[{"start":{"line":251,"column":10},"end":{"line":268,"column":11}},{"start":{},"end":{}}],"line":251},"15":{"loc":{"start":{"line":258,"column":37},"end":{"line":258,"column":68}},"type":"binary-expr","locations":[{"start":{"line":258,"column":37},"end":{"line":258,"column":60}},{"start":{"line":258,"column":64},"end":{"line":258,"column":68}}],"line":258},"16":{"loc":{"start":{"line":270,"column":13},"end":{"line":276,"column":7}},"type":"if","locations":[{"start":{"line":270,"column":13},"end":{"line":276,"column":7}},{"start":{"line":274,"column":13},"end":{"line":276,"column":7}}],"line":270},"17":{"loc":{"start":{"line":300,"column":2},"end":{"line":307,"column":3}},"type":"if","locations":[{"start":{"line":300,"column":2},"end":{"line":307,"column":3}},{"start":{},"end":{}}],"line":300},"18":{"loc":{"start":{"line":300,"column":6},"end":{"line":300,"column":64}},"type":"binary-expr","locations":[{"start":{"line":300,"column":6},"end":{"line":300,"column":37}},{"start":{"line":300,"column":41},"end":{"line":300,"column":64}}],"line":300},"19":{"loc":{"start":{"line":301,"column":17},"end":{"line":301,"column":49}},"type":"binary-expr","locations":[{"start":{"line":301,"column":17},"end":{"line":301,"column":33}},{"start":{"line":301,"column":37},"end":{"line":301,"column":49}}],"line":301}},"s":{"0":1,"1":1,"2":0,"3":1,"4":1,"5":1,"6":1,"7":1,"8":1,"9":1,"10":1,"11":1,"12":1,"13":1,"14":1,"15":1,"16":1,"17":1,"18":1,"19":1,"20":1,"21":1,"22":1,"23":1,"24":1,"25":1,"26":1,"27":1,"28":1,"29":1,"30":1,"31":1,"32":1,"33":1,"34":1,"35":0,"36":0,"37":0,"38":1,"39":1,"40":0,"41":1,"42":1,"43":1,"44":1,"45":1,"46":1,"47":0,"48":1,"49":0,"50":0,"51":0,"52":0,"53":1,"54":1,"55":1,"56":1,"57":1,"58":1,"59":1,"60":1,"61":1,"62":1,"63":1,"64":2,"65":2,"66":2,"67":2,"68":1,"69":1,"70":1,"71":1,"72":1,"73":1,"74":1,"75":1,"76":1,"77":0,"78":0,"79":1,"80":2,"81":2,"82":2,"83":1,"84":1,"85":1,"86":1,"87":1,"88":1,"89":0,"90":0,"91":1,"92":2,"93":2,"94":2,"95":1,"96":1,"97":1,"98":1,"99":1,"100":0,"101":1,"102":0,"103":0,"104":1,"105":1,"106":1,"107":2,"108":2,"109":2,"110":1,"111":1,"112":1,"113":1,"114":1,"115":1,"116":1,"117":1,"118":1,"119":0,"120":2,"121":0,"122":0,"123":1,"124":1,"125":1,"126":1,"127":1,"128":0,"129":0,"130":0,"131":1},"f":{"0":0,"1":1,"2":2,"3":2,"4":2,"5":1,"6":2,"7":1,"8":0},"b":{"0":[1,0],"1":[0,1],"2":[1,0],"3":[0,1],"4":[0,1],"5":[1,1],"6":[2,1],"7":[1,1],"8":[1,1],"9":[2,2],"10":[0,1],"11":[1,1],"12":[2,1],"13":[1,0],"14":[1,0],"15":[1,0],"16":[1,0],"17":[0,1],"18":[1,0],"19":[0,0]},"_coverageSchema":"1a1c01bbd47fc00a2c39e90264f33305004495a9","hash":"d6a788cc134338c2f63ae8e3bfdcc1ace7214e21"}
,"/Users/mattward/Desktop/Projects/med-chat/webpack.config.js": {"path":"/Users/mattward/Desktop/Projects/med-chat/webpack.config.js","statementMap":{"0":{"start":{"line":1,"column":13},"end":{"line":1,"column":28}},"1":{"start":{"line":2,"column":16},"end":{"line":2,"column":34}},"2":{"start":{"line":4,"column":0},"end":{"line":45,"column":2}}},"fnMap":{},"branchMap":{},"s":{"0":1,"1":1,"2":1},"f":{},"b":{},"_coverageSchema":"1a1c01bbd47fc00a2c39e90264f33305004495a9","hash":"9b7d350b1c6b197094a86ad821f8e540475e97a3"}
,"/Users/mattward/Desktop/Projects/med-chat/modules/broadcast.js": {"path":"/Users/mattward/Desktop/Projects/med-chat/modules/broadcast.js","statementMap":{"0":{"start":{"line":2,"column":24},"end":{"line":2,"column":28}},"1":{"start":{"line":9,"column":2},"end":{"line":9,"column":27}},"2":{"start":{"line":17,"column":2},"end":{"line":17,"column":27}},"3":{"start":{"line":20,"column":0},"end":{"line":23,"column":2}}},"fnMap":{"0":{"name":"setBroadcast","decl":{"start":{"line":8,"column":9},"end":{"line":8,"column":21}},"loc":{"start":{"line":8,"column":28},"end":{"line":10,"column":1}},"line":8},"1":{"name":"getBroadcast","decl":{"start":{"line":16,"column":9},"end":{"line":16,"column":21}},"loc":{"start":{"line":16,"column":24},"end":{"line":18,"column":1}},"line":16}},"branchMap":{},"s":{"0":2,"1":3,"2":1,"3":2},"f":{"0":3,"1":1},"b":{},"_coverageSchema":"1a1c01bbd47fc00a2c39e90264f33305004495a9","hash":"70d83488d8d40a723b65411a9ae58b84208fac5b"}
,"/Users/mattward/Desktop/Projects/med-chat/modules/logger.js": {"path":"/Users/mattward/Desktop/Projects/med-chat/modules/logger.js","statementMap":{"0":{"start":{"line":2,"column":45},"end":{"line":2,"column":63}},"1":{"start":{"line":4,"column":15},"end":{"line":19,"column":2}},"2":{"start":{"line":10,"column":8},"end":{"line":12,"column":10}},"3":{"start":{"line":21,"column":0},"end":{"line":21,"column":24}}},"fnMap":{"0":{"name":"(anonymous_0)","decl":{"start":{"line":9,"column":6},"end":{"line":9,"column":7}},"loc":{"start":{"line":10,"column":8},"end":{"line":12,"column":10}},"line":10}},"branchMap":{"0":{"loc":{"start":{"line":11,"column":10},"end":{"line":11,"column":62}},"type":"cond-expr","locations":[{"start":{"line":11,"column":37},"end":{"line":11,"column":57}},{"start":{"line":11,"column":60},"end":{"line":11,"column":62}}],"line":11}},"s":{"0":2,"1":2,"2":3,"3":2},"f":{"0":3},"b":{"0":[0,3]},"_coverageSchema":"1a1c01bbd47fc00a2c39e90264f33305004495a9","hash":"18e4373eb8364d842efa8e1bf6213b10347b9f2d"}
,"/Users/mattward/Desktop/Projects/med-chat/modules/websocket.js": {"path":"/Users/mattward/Desktop/Projects/med-chat/modules/websocket.js","statementMap":{"0":{"start":{"line":3,"column":18},"end":{"line":3,"column":31}},"1":{"start":{"line":4,"column":15},"end":{"line":4,"column":34}},"2":{"start":{"line":5,"column":24},"end":{"line":5,"column":46}},"3":{"start":{"line":14,"column":2},"end":{"line":17,"column":3}},"4":{"start":{"line":15,"column":4},"end":{"line":15,"column":72}},"5":{"start":{"line":16,"column":4},"end":{"line":16,"column":35}},"6":{"start":{"line":19,"column":14},"end":{"line":19,"column":46}},"7":{"start":{"line":21,"column":2},"end":{"line":32,"column":5}},"8":{"start":{"line":22,"column":4},"end":{"line":22,"column":56}},"9":{"start":{"line":24,"column":4},"end":{"line":27,"column":7}},"10":{"start":{"line":25,"column":6},"end":{"line":25,"column":61}},"11":{"start":{"line":29,"column":4},"end":{"line":31,"column":7}},"12":{"start":{"line":30,"column":6},"end":{"line":30,"column":49}},"13":{"start":{"line":39,"column":23},"end":{"line":39,"column":43}},"14":{"start":{"line":40,"column":4},"end":{"line":44,"column":7}},"15":{"start":{"line":41,"column":6},"end":{"line":43,"column":7}},"16":{"start":{"line":42,"column":8},"end":{"line":42,"column":32}},"17":{"start":{"line":45,"column":4},"end":{"line":45,"column":63}},"18":{"start":{"line":49,"column":2},"end":{"line":49,"column":42}},"19":{"start":{"line":51,"column":2},"end":{"line":51,"column":49}},"20":{"start":{"line":53,"column":2},"end":{"line":53,"column":23}},"21":{"start":{"line":56,"column":0},"end":{"line":56,"column":32}}},"fnMap":{"0":{"name":"setupWebSocket","decl":{"start":{"line":12,"column":9},"end":{"line":12,"column":23}},"loc":{"start":{"line":12,"column":32},"end":{"line":54,"column":1}},"line":12},"1":{"name":"(anonymous_1)","decl":{"start":{"line":16,"column":24},"end":{"line":16,"column":25}},"loc":{"start":{"line":16,"column":30},"end":{"line":16,"column":32}},"line":16},"2":{"name":"(anonymous_2)","decl":{"start":{"line":21,"column":23},"end":{"line":21,"column":24}},"loc":{"start":{"line":21,"column":31},"end":{"line":32,"column":3}},"line":21},"3":{"name":"(anonymous_3)","decl":{"start":{"line":24,"column":21},"end":{"line":24,"column":22}},"loc":{"start":{"line":24,"column":34},"end":{"line":27,"column":5}},"line":24},"4":{"name":"(anonymous_4)","decl":{"start":{"line":29,"column":19},"end":{"line":29,"column":20}},"loc":{"start":{"line":29,"column":25},"end":{"line":31,"column":5}},"line":29},"5":{"name":"broadcast","decl":{"start":{"line":38,"column":11},"end":{"line":38,"column":20}},"loc":{"start":{"line":38,"column":27},"end":{"line":46,"column":3}},"line":38},"6":{"name":"(anonymous_6)","decl":{"start":{"line":40,"column":24},"end":{"line":40,"column":25}},"loc":{"start":{"line":40,"column":36},"end":{"line":44,"column":5}},"line":40}},"branchMap":{"0":{"loc":{"start":{"line":14,"column":2},"end":{"line":17,"column":3}},"type":"if","locations":[{"start":{"line":14,"column":2},"end":{"line":17,"column":3}},{"start":{},"end":{}}],"line":14},"1":{"loc":{"start":{"line":41,"column":6},"end":{"line":43,"column":7}},"type":"if","locations":[{"start":{"line":41,"column":6},"end":{"line":43,"column":7}},{"start":{},"end":{}}],"line":41}},"s":{"0":2,"1":2,"2":2,"3":3,"4":1,"5":1,"6":2,"7":2,"8":0,"9":0,"10":0,"11":0,"12":0,"13":1,"14":1,"15":1,"16":1,"17":1,"18":2,"19":2,"20":2,"21":2},"f":{"0":3,"1":1,"2":0,"3":0,"4":0,"5":1,"6":1},"b":{"0":[1,2],"1":[1,0]},"_coverageSchema":"1a1c01bbd47fc00a2c39e90264f33305004495a9","hash":"93526e7343620307bbdb1c539ede2ed1cbaa266f"}
,"/Users/mattward/Desktop/Projects/med-chat/routes/callParams.js": {"path":"/Users/mattward/Desktop/Projects/med-chat/routes/callParams.js","statementMap":{"0":{"start":{"line":3,"column":16},"end":{"line":3,"column":34}},"1":{"start":{"line":4,"column":15},"end":{"line":4,"column":31}},"2":{"start":{"line":5,"column":36},"end":{"line":5,"column":64}},"3":{"start":{"line":6,"column":15},"end":{"line":6,"column":43}},"4":{"start":{"line":7,"column":22},"end":{"line":7,"column":57}},"5":{"start":{"line":10,"column":32},"end":{"line":10,"column":35}},"6":{"start":{"line":11,"column":30},"end":{"line":11,"column":33}},"7":{"start":{"line":12,"column":31},"end":{"line":12,"column":36}},"8":{"start":{"line":18,"column":0},"end":{"line":61,"column":2}},"9":{"start":{"line":28,"column":19},"end":{"line":28,"column":40}},"10":{"start":{"line":29,"column":4},"end":{"line":34,"column":5}},"11":{"start":{"line":30,"column":6},"end":{"line":32,"column":9}},"12":{"start":{"line":33,"column":6},"end":{"line":33,"column":82}},"13":{"start":{"line":36,"column":20},"end":{"line":36,"column":30}},"14":{"start":{"line":38,"column":4},"end":{"line":59,"column":5}},"15":{"start":{"line":39,"column":27},"end":{"line":39,"column":69}},"16":{"start":{"line":40,"column":25},"end":{"line":40,"column":68}},"17":{"start":{"line":41,"column":25},"end":{"line":41,"column":56}},"18":{"start":{"line":42,"column":23},"end":{"line":42,"column":45}},"19":{"start":{"line":44,"column":6},"end":{"line":49,"column":7}},"20":{"start":{"line":45,"column":8},"end":{"line":45,"column":77}},"21":{"start":{"line":46,"column":8},"end":{"line":48,"column":11}},"22":{"start":{"line":51,"column":6},"end":{"line":51,"column":51}},"23":{"start":{"line":53,"column":6},"end":{"line":53,"column":69}},"24":{"start":{"line":54,"column":6},"end":{"line":58,"column":7}},"25":{"start":{"line":55,"column":8},"end":{"line":55,"column":92}},"26":{"start":{"line":57,"column":8},"end":{"line":57,"column":20}},"27":{"start":{"line":63,"column":0},"end":{"line":63,"column":24}}},"fnMap":{"0":{"name":"(anonymous_0)","decl":{"start":{"line":27,"column":2},"end":{"line":27,"column":3}},"loc":{"start":{"line":27,"column":28},"end":{"line":60,"column":3}},"line":27}},"branchMap":{"0":{"loc":{"start":{"line":29,"column":4},"end":{"line":34,"column":5}},"type":"if","locations":[{"start":{"line":29,"column":4},"end":{"line":34,"column":5}},{"start":{},"end":{}}],"line":29},"1":{"loc":{"start":{"line":40,"column":36},"end":{"line":40,"column":67}},"type":"binary-expr","locations":[{"start":{"line":40,"column":36},"end":{"line":40,"column":59}},{"start":{"line":40,"column":63},"end":{"line":40,"column":67}}],"line":40},"2":{"loc":{"start":{"line":44,"column":6},"end":{"line":49,"column":7}},"type":"if","locations":[{"start":{"line":44,"column":6},"end":{"line":49,"column":7}},{"start":{},"end":{}}],"line":44},"3":{"loc":{"start":{"line":54,"column":6},"end":{"line":58,"column":7}},"type":"if","locations":[{"start":{"line":54,"column":6},"end":{"line":58,"column":7}},{"start":{"line":56,"column":13},"end":{"line":58,"column":7}}],"line":54}},"s":{"0":1,"1":1,"2":1,"3":1,"4":1,"5":1,"6":1,"7":1,"8":1,"9":3,"10":3,"11":0,"12":0,"13":3,"14":3,"15":3,"16":2,"17":2,"18":2,"19":2,"20":1,"21":1,"22":1,"23":1,"24":1,"25":1,"26":0,"27":1},"f":{"0":3},"b":{"0":[0,3],"1":[2,0],"2":[1,1],"3":[1,0]},"_coverageSchema":"1a1c01bbd47fc00a2c39e90264f33305004495a9","hash":"52756247653b7910c108df594e8a6979e0dbbd43"}
,"/Users/mattward/Desktop/Projects/med-chat/routes/conversations.js": {"path":"/Users/mattward/Desktop/Projects/med-chat/routes/conversations.js","statementMap":{"0":{"start":{"line":3,"column":16},"end":{"line":3,"column":34}},"1":{"start":{"line":4,"column":15},"end":{"line":4,"column":31}},"2":{"start":{"line":5,"column":49},"end":{"line":5,"column":77}},"3":{"start":{"line":6,"column":15},"end":{"line":6,"column":43}},"4":{"start":{"line":7,"column":22},"end":{"line":7,"column":57}},"5":{"start":{"line":8,"column":26},"end":{"line":8,"column":39}},"6":{"start":{"line":9,"column":25},"end":{"line":9,"column":56}},"7":{"start":{"line":12,"column":32},"end":{"line":12,"column":35}},"8":{"start":{"line":13,"column":30},"end":{"line":13,"column":33}},"9":{"start":{"line":14,"column":28},"end":{"line":14,"column":31}},"10":{"start":{"line":15,"column":23},"end":{"line":15,"column":26}},"11":{"start":{"line":16,"column":31},"end":{"line":16,"column":36}},"12":{"start":{"line":23,"column":0},"end":{"line":48,"column":3}},"13":{"start":{"line":24,"column":2},"end":{"line":47,"column":3}},"14":{"start":{"line":25,"column":4},"end":{"line":25,"column":46}},"15":{"start":{"line":26,"column":29},"end":{"line":26,"column":68}},"16":{"start":{"line":28,"column":35},"end":{"line":41,"column":6}},"17":{"start":{"line":29,"column":25},"end":{"line":29,"column":46}},"18":{"start":{"line":30,"column":6},"end":{"line":40,"column":8}},"19":{"start":{"line":43,"column":4},"end":{"line":43,"column":37}},"20":{"start":{"line":45,"column":4},"end":{"line":45,"column":64}},"21":{"start":{"line":46,"column":4},"end":{"line":46,"column":16}},"22":{"start":{"line":55,"column":0},"end":{"line":136,"column":2}},"23":{"start":{"line":66,"column":19},"end":{"line":66,"column":40}},"24":{"start":{"line":67,"column":4},"end":{"line":72,"column":5}},"25":{"start":{"line":68,"column":6},"end":{"line":70,"column":9}},"26":{"start":{"line":71,"column":6},"end":{"line":71,"column":82}},"27":{"start":{"line":74,"column":20},"end":{"line":74,"column":30}},"28":{"start":{"line":76,"column":4},"end":{"line":134,"column":5}},"29":{"start":{"line":77,"column":6},"end":{"line":77,"column":60}},"30":{"start":{"line":78,"column":27},"end":{"line":78,"column":69}},"31":{"start":{"line":79,"column":6},"end":{"line":84,"column":7}},"32":{"start":{"line":80,"column":8},"end":{"line":80,"column":54}},"33":{"start":{"line":81,"column":8},"end":{"line":83,"column":61}},"34":{"start":{"line":87,"column":23},"end":{"line":90,"column":8}},"35":{"start":{"line":91,"column":28},"end":{"line":91,"column":36}},"36":{"start":{"line":94,"column":26},"end":{"line":97,"column":8}},"37":{"start":{"line":98,"column":26},"end":{"line":101,"column":14}},"38":{"start":{"line":100,"column":10},"end":{"line":100,"column":79}},"39":{"start":{"line":103,"column":6},"end":{"line":105,"column":8}},"40":{"start":{"line":107,"column":23},"end":{"line":107,"column":25}},"41":{"start":{"line":108,"column":6},"end":{"line":116,"column":7}},"42":{"start":{"line":109,"column":8},"end":{"line":109,"column":65}},"43":{"start":{"line":111,"column":8},"end":{"line":114,"column":11}},"44":{"start":{"line":118,"column":6},"end":{"line":125,"column":9}},"45":{"start":{"line":127,"column":6},"end":{"line":127,"column":74}},"46":{"start":{"line":128,"column":6},"end":{"line":133,"column":7}},"47":{"start":{"line":130,"column":8},"end":{"line":130,"column":92}},"48":{"start":{"line":132,"column":8},"end":{"line":132,"column":20}},"49":{"start":{"line":143,"column":0},"end":{"line":202,"column":2}},"50":{"start":{"line":162,"column":19},"end":{"line":162,"column":40}},"51":{"start":{"line":163,"column":4},"end":{"line":168,"column":5}},"52":{"start":{"line":164,"column":6},"end":{"line":166,"column":9}},"53":{"start":{"line":167,"column":6},"end":{"line":167,"column":82}},"54":{"start":{"line":170,"column":20},"end":{"line":170,"column":30}},"55":{"start":{"line":171,"column":46},"end":{"line":171,"column":55}},"56":{"start":{"line":172,"column":24},"end":{"line":172,"column":43}},"57":{"start":{"line":174,"column":4},"end":{"line":200,"column":5}},"58":{"start":{"line":175,"column":6},"end":{"line":178,"column":9}},"59":{"start":{"line":179,"column":23},"end":{"line":182,"column":8}},"60":{"start":{"line":184,"column":32},"end":{"line":189,"column":9}},"61":{"start":{"line":184,"column":55},"end":{"line":189,"column":7}},"62":{"start":{"line":191,"column":6},"end":{"line":191,"column":34}},"63":{"start":{"line":193,"column":6},"end":{"line":193,"column":61}},"64":{"start":{"line":194,"column":6},"end":{"line":199,"column":7}},"65":{"start":{"line":196,"column":8},"end":{"line":196,"column":92}},"66":{"start":{"line":198,"column":8},"end":{"line":198,"column":20}},"67":{"start":{"line":209,"column":0},"end":{"line":280,"column":2}},"68":{"start":{"line":231,"column":19},"end":{"line":231,"column":40}},"69":{"start":{"line":232,"column":4},"end":{"line":237,"column":5}},"70":{"start":{"line":233,"column":6},"end":{"line":235,"column":9}},"71":{"start":{"line":236,"column":6},"end":{"line":236,"column":82}},"72":{"start":{"line":239,"column":20},"end":{"line":239,"column":30}},"73":{"start":{"line":240,"column":32},"end":{"line":240,"column":40}},"74":{"start":{"line":242,"column":4},"end":{"line":278,"column":5}},"75":{"start":{"line":243,"column":6},"end":{"line":243,"column":80}},"76":{"start":{"line":244,"column":25},"end":{"line":248,"column":7}},"77":{"start":{"line":251,"column":6},"end":{"line":262,"column":7}},"78":{"start":{"line":252,"column":26},"end":{"line":252,"column":40}},"79":{"start":{"line":253,"column":8},"end":{"line":261,"column":9}},"80":{"start":{"line":254,"column":10},"end":{"line":260,"column":13}},"81":{"start":{"line":264,"column":6},"end":{"line":264,"column":55}},"82":{"start":{"line":266,"column":6},"end":{"line":271,"column":9}},"83":{"start":{"line":272,"column":6},"end":{"line":277,"column":7}},"84":{"start":{"line":274,"column":8},"end":{"line":274,"column":92}},"85":{"start":{"line":276,"column":8},"end":{"line":276,"column":20}},"86":{"start":{"line":287,"column":0},"end":{"line":348,"column":2}},"87":{"start":{"line":304,"column":19},"end":{"line":304,"column":40}},"88":{"start":{"line":305,"column":4},"end":{"line":310,"column":5}},"89":{"start":{"line":306,"column":6},"end":{"line":308,"column":9}},"90":{"start":{"line":309,"column":6},"end":{"line":309,"column":82}},"91":{"start":{"line":312,"column":20},"end":{"line":312,"column":30}},"92":{"start":{"line":313,"column":29},"end":{"line":313,"column":37}},"93":{"start":{"line":316,"column":4},"end":{"line":320,"column":5}},"94":{"start":{"line":317,"column":6},"end":{"line":319,"column":67}},"95":{"start":{"line":322,"column":4},"end":{"line":346,"column":5}},"96":{"start":{"line":323,"column":6},"end":{"line":323,"column":60}},"97":{"start":{"line":324,"column":6},"end":{"line":324,"column":50}},"98":{"start":{"line":327,"column":6},"end":{"line":335,"column":7}},"99":{"start":{"line":328,"column":26},"end":{"line":328,"column":40}},"100":{"start":{"line":329,"column":8},"end":{"line":334,"column":9}},"101":{"start":{"line":330,"column":10},"end":{"line":333,"column":13}},"102":{"start":{"line":337,"column":6},"end":{"line":337,"column":73}},"103":{"start":{"line":339,"column":6},"end":{"line":339,"column":66}},"104":{"start":{"line":340,"column":6},"end":{"line":345,"column":7}},"105":{"start":{"line":342,"column":8},"end":{"line":342,"column":92}},"106":{"start":{"line":344,"column":8},"end":{"line":344,"column":20}},"107":{"start":{"line":355,"column":0},"end":{"line":378,"column":2}},"108":{"start":{"line":365,"column":19},"end":{"line":365,"column":40}},"109":{"start":{"line":366,"column":4},"end":{"line":368,"column":5}},"110":{"start":{"line":367,"column":6},"end":{"line":367,"column":82}},"111":{"start":{"line":370,"column":4},"end":{"line":376,"column":5}},"112":{"start":{"line":371,"column":22},"end":{"line":371,"column":32}},"113":{"start":{"line":372,"column":6},"end":{"line":372,"column":50}},"114":{"start":{"line":373,"column":6},"end":{"line":373,"column":78}},"115":{"start":{"line":375,"column":6},"end":{"line":375,"column":18}},"116":{"start":{"line":380,"column":0},"end":{"line":380,"column":24}}},"fnMap":{"0":{"name":"(anonymous_0)","decl":{"start":{"line":23,"column":16},"end":{"line":23,"column":17}},"loc":{"start":{"line":23,"column":42},"end":{"line":48,"column":1}},"line":23},"1":{"name":"(anonymous_1)","decl":{"start":{"line":28,"column":56},"end":{"line":28,"column":57}},"loc":{"start":{"line":28,"column":66},"end":{"line":41,"column":5}},"line":28},"2":{"name":"(anonymous_2)","decl":{"start":{"line":64,"column":2},"end":{"line":64,"column":3}},"loc":{"start":{"line":64,"column":28},"end":{"line":135,"column":3}},"line":64},"3":{"name":"(anonymous_3)","decl":{"start":{"line":99,"column":8},"end":{"line":99,"column":9}},"loc":{"start":{"line":100,"column":10},"end":{"line":100,"column":79}},"line":100},"4":{"name":"(anonymous_4)","decl":{"start":{"line":160,"column":2},"end":{"line":160,"column":3}},"loc":{"start":{"line":160,"column":28},"end":{"line":201,"column":3}},"line":160},"5":{"name":"(anonymous_5)","decl":{"start":{"line":184,"column":45},"end":{"line":184,"column":46}},"loc":{"start":{"line":184,"column":55},"end":{"line":189,"column":7}},"line":184},"6":{"name":"(anonymous_6)","decl":{"start":{"line":229,"column":2},"end":{"line":229,"column":3}},"loc":{"start":{"line":229,"column":28},"end":{"line":279,"column":3}},"line":229},"7":{"name":"(anonymous_7)","decl":{"start":{"line":302,"column":2},"end":{"line":302,"column":3}},"loc":{"start":{"line":302,"column":28},"end":{"line":347,"column":3}},"line":302},"8":{"name":"(anonymous_8)","decl":{"start":{"line":364,"column":2},"end":{"line":364,"column":3}},"loc":{"start":{"line":364,"column":28},"end":{"line":377,"column":3}},"line":364}},"branchMap":{"0":{"loc":{"start":{"line":29,"column":25},"end":{"line":29,"column":46}},"type":"binary-expr","locations":[{"start":{"line":29,"column":25},"end":{"line":29,"column":40}},{"start":{"line":29,"column":44},"end":{"line":29,"column":46}}],"line":29},"1":{"loc":{"start":{"line":33,"column":21},"end":{"line":33,"column":49}},"type":"binary-expr","locations":[{"start":{"line":33,"column":21},"end":{"line":33,"column":43}},{"start":{"line":33,"column":47},"end":{"line":33,"column":49}}],"line":33},"2":{"loc":{"start":{"line":34,"column":15},"end":{"line":34,"column":37}},"type":"binary-expr","locations":[{"start":{"line":34,"column":15},"end":{"line":34,"column":31}},{"start":{"line":34,"column":35},"end":{"line":34,"column":37}}],"line":34},"3":{"loc":{"start":{"line":35,"column":14},"end":{"line":35,"column":35}},"type":"binary-expr","locations":[{"start":{"line":35,"column":14},"end":{"line":35,"column":29}},{"start":{"line":35,"column":33},"end":{"line":35,"column":35}}],"line":35},"4":{"loc":{"start":{"line":36,"column":21},"end":{"line":36,"column":58}},"type":"binary-expr","locations":[{"start":{"line":36,"column":21},"end":{"line":36,"column":37}},{"start":{"line":36,"column":41},"end":{"line":36,"column":58}}],"line":36},"5":{"loc":{"start":{"line":37,"column":25},"end":{"line":37,"column":53}},"type":"binary-expr","locations":[{"start":{"line":37,"column":25},"end":{"line":37,"column":45}},{"start":{"line":37,"column":49},"end":{"line":37,"column":53}}],"line":37},"6":{"loc":{"start":{"line":39,"column":21},"end":{"line":39,"column":42}},"type":"binary-expr","locations":[{"start":{"line":39,"column":21},"end":{"line":39,"column":37}},{"start":{"line":39,"column":41},"end":{"line":39,"column":42}}],"line":39},"7":{"loc":{"start":{"line":67,"column":4},"end":{"line":72,"column":5}},"type":"if","locations":[{"start":{"line":67,"column":4},"end":{"line":72,"column":5}},{"start":{},"end":{}}],"line":67},"8":{"loc":{"start":{"line":79,"column":6},"end":{"line":84,"column":7}},"type":"if","locations":[{"start":{"line":79,"column":6},"end":{"line":84,"column":7}},{"start":{},"end":{}}],"line":79},"9":{"loc":{"start":{"line":100,"column":10},"end":{"line":100,"column":79}},"type":"binary-expr","locations":[{"start":{"line":100,"column":10},"end":{"line":100,"column":56}},{"start":{"line":100,"column":60},"end":{"line":100,"column":79}}],"line":100},"10":{"loc":{"start":{"line":109,"column":32},"end":{"line":109,"column":63}},"type":"binary-expr","locations":[{"start":{"line":109,"column":32},"end":{"line":109,"column":55}},{"start":{"line":109,"column":59},"end":{"line":109,"column":63}}],"line":109},"11":{"loc":{"start":{"line":122,"column":21},"end":{"line":122,"column":71}},"type":"cond-expr","locations":[{"start":{"line":122,"column":35},"end":{"line":122,"column":51}},{"start":{"line":122,"column":54},"end":{"line":122,"column":71}}],"line":122},"12":{"loc":{"start":{"line":123,"column":25},"end":{"line":123,"column":69}},"type":"cond-expr","locations":[{"start":{"line":123,"column":39},"end":{"line":123,"column":62}},{"start":{"line":123,"column":65},"end":{"line":123,"column":69}}],"line":123},"13":{"loc":{"start":{"line":128,"column":6},"end":{"line":133,"column":7}},"type":"if","locations":[{"start":{"line":128,"column":6},"end":{"line":133,"column":7}},{"start":{"line":131,"column":13},"end":{"line":133,"column":7}}],"line":128},"14":{"loc":{"start":{"line":163,"column":4},"end":{"line":168,"column":5}},"type":"if","locations":[{"start":{"line":163,"column":4},"end":{"line":168,"column":5}},{"start":{},"end":{}}],"line":163},"15":{"loc":{"start":{"line":171,"column":12},"end":{"line":171,"column":26}},"type":"default-arg","locations":[{"start":{"line":171,"column":20},"end":{"line":171,"column":26}}],"line":171},"16":{"loc":{"start":{"line":171,"column":28},"end":{"line":171,"column":41}},"type":"default-arg","locations":[{"start":{"line":171,"column":36},"end":{"line":171,"column":41}}],"line":171},"17":{"loc":{"start":{"line":194,"column":6},"end":{"line":199,"column":7}},"type":"if","locations":[{"start":{"line":194,"column":6},"end":{"line":199,"column":7}},{"start":{"line":197,"column":13},"end":{"line":199,"column":7}}],"line":194},"18":{"loc":{"start":{"line":232,"column":4},"end":{"line":237,"column":5}},"type":"if","locations":[{"start":{"line":232,"column":4},"end":{"line":237,"column":5}},{"start":{},"end":{}}],"line":232},"19":{"loc":{"start":{"line":247,"column":8},"end":{"line":247,"column":49}},"type":"binary-expr","locations":[{"start":{"line":247,"column":8},"end":{"line":247,"column":14}},{"start":{"line":247,"column":18},"end":{"line":247,"column":49}}],"line":247},"20":{"loc":{"start":{"line":251,"column":6},"end":{"line":262,"column":7}},"type":"if","locations":[{"start":{"line":251,"column":6},"end":{"line":262,"column":7}},{"start":{},"end":{}}],"line":251},"21":{"loc":{"start":{"line":253,"column":8},"end":{"line":261,"column":9}},"type":"if","locations":[{"start":{"line":253,"column":8},"end":{"line":261,"column":9}},{"start":{},"end":{}}],"line":253},"22":{"loc":{"start":{"line":257,"column":20},"end":{"line":257,"column":61}},"type":"binary-expr","locations":[{"start":{"line":257,"column":20},"end":{"line":257,"column":26}},{"start":{"line":257,"column":30},"end":{"line":257,"column":61}}],"line":257},"23":{"loc":{"start":{"line":272,"column":6},"end":{"line":277,"column":7}},"type":"if","locations":[{"start":{"line":272,"column":6},"end":{"line":277,"column":7}},{"start":{"line":275,"column":13},"end":{"line":277,"column":7}}],"line":272},"24":{"loc":{"start":{"line":305,"column":4},"end":{"line":310,"column":5}},"type":"if","locations":[{"start":{"line":305,"column":4},"end":{"line":310,"column":5}},{"start":{},"end":{}}],"line":305},"25":{"loc":{"start":{"line":316,"column":4},"end":{"line":320,"column":5}},"type":"if","locations":[{"start":{"line":316,"column":4},"end":{"line":320,"column":5}},{"start":{},"end":{}}],"line":316},"26":{"loc":{"start":{"line":327,"column":6},"end":{"line":335,"column":7}},"type":"if","locations":[{"start":{"line":327,"column":6},"end":{"line":335,"column":7}},{"start":{},"end":{}}],"line":327},"27":{"loc":{"start":{"line":329,"column":8},"end":{"line":334,"column":9}},"type":"if","locations":[{"start":{"line":329,"column":8},"end":{"line":334,"column":9}},{"start":{},"end":{}}],"line":329},"28":{"loc":{"start":{"line":340,"column":6},"end":{"line":345,"column":7}},"type":"if","locations":[{"start":{"line":340,"column":6},"end":{"line":345,"column":7}},{"start":{"line":343,"column":13},"end":{"line":345,"column":7}}],"line":340},"29":{"loc":{"start":{"line":366,"column":4},"end":{"line":368,"column":5}},"type":"if","locations":[{"start":{"line":366,"column":4},"end":{"line":368,"column":5}},{"start":{},"end":{}}],"line":366}},"s":{"0":1,"1":1,"2":1,"3":1,"4":1,"5":1,"6":1,"7":1,"8":1,"9":1,"10":1,"11":1,"12":1,"13":1,"14":1,"15":1,"16":1,"17":1,"18":1,"19":1,"20":0,"21":0,"22":1,"23":3,"24":3,"25":0,"26":0,"27":3,"28":3,"29":3,"30":3,"31":1,"32":0,"33":0,"34":1,"35":1,"36":1,"37":1,"38":1,"39":1,"40":1,"41":1,"42":1,"43":0,"44":1,"45":2,"46":2,"47":1,"48":1,"49":1,"50":3,"51":3,"52":1,"53":1,"54":2,"55":2,"56":2,"57":2,"58":2,"59":2,"60":1,"61":1,"62":1,"63":1,"64":1,"65":1,"66":0,"67":1,"68":2,"69":2,"70":1,"71":1,"72":1,"73":1,"74":1,"75":1,"76":1,"77":1,"78":1,"79":1,"80":1,"81":1,"82":0,"83":0,"84":0,"85":0,"86":1,"87":2,"88":2,"89":0,"90":0,"91":2,"92":2,"93":2,"94":1,"95":1,"96":1,"97":1,"98":1,"99":1,"100":1,"101":1,"102":1,"103":0,"104":0,"105":0,"106":0,"107":1,"108":1,"109":1,"110":0,"111":1,"112":1,"113":1,"114":1,"115":0,"116":1},"f":{"0":1,"1":1,"2":3,"3":1,"4":3,"5":1,"6":2,"7":2,"8":1},"b":{"0":[1,0],"1":[1,1],"2":[1,1],"3":[1,1],"4":[1,0],"5":[1,0],"6":[1,1],"7":[0,3],"8":[0,1],"9":[1,0],"10":[1,0],"11":[1,0],"12":[1,0],"13":[1,1],"14":[1,2],"15":[0],"16":[0],"17":[1,0],"18":[1,1],"19":[1,0],"20":[1,0],"21":[1,0],"22":[1,0],"23":[0,0],"24":[0,2],"25":[1,1],"26":[1,0],"27":[1,0],"28":[0,0],"29":[0,1]},"_coverageSchema":"1a1c01bbd47fc00a2c39e90264f33305004495a9","hash":"6f11e5018771122f9edc9d551af78cf0d1ef9c1b"}
,"/Users/mattward/Desktop/Projects/med-chat/routes/search.js": {"path":"/Users/mattward/Desktop/Projects/med-chat/routes/search.js","statementMap":{"0":{"start":{"line":3,"column":16},"end":{"line":3,"column":34}},"1":{"start":{"line":4,"column":15},"end":{"line":4,"column":31}},"2":{"start":{"line":5,"column":36},"end":{"line":5,"column":64}},"3":{"start":{"line":6,"column":15},"end":{"line":6,"column":43}},"4":{"start":{"line":7,"column":21},"end":{"line":7,"column":49}},"5":{"start":{"line":10,"column":32},"end":{"line":10,"column":35}},"6":{"start":{"line":15,"column":0},"end":{"line":44,"column":2}},"7":{"start":{"line":19,"column":19},"end":{"line":19,"column":40}},"8":{"start":{"line":20,"column":4},"end":{"line":23,"column":5}},"9":{"start":{"line":21,"column":6},"end":{"line":21,"column":77}},"10":{"start":{"line":22,"column":6},"end":{"line":22,"column":82}},"11":{"start":{"line":25,"column":35},"end":{"line":25,"column":44}},"12":{"start":{"line":26,"column":4},"end":{"line":29,"column":5}},"13":{"start":{"line":27,"column":6},"end":{"line":27,"column":49}},"14":{"start":{"line":28,"column":6},"end":{"line":28,"column":93}},"15":{"start":{"line":31,"column":4},"end":{"line":42,"column":5}},"16":{"start":{"line":32,"column":6},"end":{"line":32,"column":39}},"17":{"start":{"line":33,"column":22},"end":{"line":33,"column":67}},"18":{"start":{"line":34,"column":6},"end":{"line":37,"column":9}},"19":{"start":{"line":38,"column":6},"end":{"line":38,"column":24}},"20":{"start":{"line":40,"column":6},"end":{"line":40,"column":70}},"21":{"start":{"line":41,"column":6},"end":{"line":41,"column":18}},"22":{"start":{"line":46,"column":0},"end":{"line":46,"column":24}}},"fnMap":{"0":{"name":"(anonymous_0)","decl":{"start":{"line":18,"column":2},"end":{"line":18,"column":3}},"loc":{"start":{"line":18,"column":28},"end":{"line":43,"column":3}},"line":18}},"branchMap":{"0":{"loc":{"start":{"line":20,"column":4},"end":{"line":23,"column":5}},"type":"if","locations":[{"start":{"line":20,"column":4},"end":{"line":23,"column":5}},{"start":{},"end":{}}],"line":20},"1":{"loc":{"start":{"line":26,"column":4},"end":{"line":29,"column":5}},"type":"if","locations":[{"start":{"line":26,"column":4},"end":{"line":29,"column":5}},{"start":{},"end":{}}],"line":26}},"s":{"0":1,"1":1,"2":1,"3":1,"4":1,"5":1,"6":1,"7":2,"8":2,"9":1,"10":1,"11":1,"12":1,"13":0,"14":0,"15":1,"16":1,"17":1,"18":1,"19":1,"20":0,"21":0,"22":1},"f":{"0":2},"b":{"0":[1,1],"1":[0,1]},"_coverageSchema":"1a1c01bbd47fc00a2c39e90264f33305004495a9","hash":"e2a8a6e4e233570d78f22d337c65e3bf3caf5173"}
,"/Users/mattward/Desktop/Projects/med-chat/routes/startConversation.js": {"path":"/Users/mattward/Desktop/Projects/med-chat/routes/startConversation.js","statementMap":{"0":{"start":{"line":3,"column":16},"end":{"line":3,"column":34}},"1":{"start":{"line":4,"column":15},"end":{"line":4,"column":31}},"2":{"start":{"line":5,"column":35},"end":{"line":5,"column":63}},"3":{"start":{"line":6,"column":15},"end":{"line":6,"column":43}},"4":{"start":{"line":7,"column":22},"end":{"line":7,"column":57}},"5":{"start":{"line":8,"column":26},"end":{"line":8,"column":58}},"6":{"start":{"line":9,"column":24},"end":{"line":9,"column":55}},"7":{"start":{"line":12,"column":19},"end":{"line":12,"column":68}},"8":{"start":{"line":13,"column":20},"end":{"line":13,"column":30}},"9":{"start":{"line":17,"column":2},"end":{"line":39,"column":3}},"10":{"start":{"line":18,"column":21},"end":{"line":21,"column":6}},"11":{"start":{"line":22,"column":4},"end":{"line":33,"column":5}},"12":{"start":{"line":23,"column":30},"end":{"line":23,"column":38}},"13":{"start":{"line":24,"column":6},"end":{"line":30,"column":9}},"14":{"start":{"line":32,"column":6},"end":{"line":32,"column":71}},"15":{"start":{"line":35,"column":4},"end":{"line":38,"column":7}},"16":{"start":{"line":42,"column":25},"end":{"line":42,"column":28}},"17":{"start":{"line":44,"column":0},"end":{"line":141,"column":2}},"18":{"start":{"line":61,"column":19},"end":{"line":61,"column":40}},"19":{"start":{"line":62,"column":4},"end":{"line":67,"column":5}},"20":{"start":{"line":63,"column":6},"end":{"line":65,"column":9}},"21":{"start":{"line":66,"column":6},"end":{"line":66,"column":75}},"22":{"start":{"line":69,"column":4},"end":{"line":139,"column":5}},"23":{"start":{"line":70,"column":64},"end":{"line":70,"column":72}},"24":{"start":{"line":72,"column":6},"end":{"line":78,"column":9}},"25":{"start":{"line":80,"column":25},"end":{"line":80,"column":65}},"26":{"start":{"line":81,"column":27},"end":{"line":81,"column":69}},"27":{"start":{"line":83,"column":27},"end":{"line":86,"column":7}},"28":{"start":{"line":87,"column":6},"end":{"line":90,"column":9}},"29":{"start":{"line":93,"column":6},"end":{"line":93,"column":78}},"30":{"start":{"line":95,"column":6},"end":{"line":95,"column":72}},"31":{"start":{"line":96,"column":6},"end":{"line":99,"column":9}},"32":{"start":{"line":102,"column":6},"end":{"line":102,"column":75}},"33":{"start":{"line":105,"column":8},"end":{"line":106,"column":36}},"34":{"start":{"line":107,"column":27},"end":{"line":107,"column":53}},"35":{"start":{"line":109,"column":6},"end":{"line":113,"column":9}},"36":{"start":{"line":114,"column":24},"end":{"line":119,"column":7}},"37":{"start":{"line":120,"column":6},"end":{"line":124,"column":9}},"38":{"start":{"line":127,"column":6},"end":{"line":127,"column":68}},"39":{"start":{"line":129,"column":6},"end":{"line":129,"column":59}},"40":{"start":{"line":132,"column":6},"end":{"line":132,"column":73}},"41":{"start":{"line":134,"column":6},"end":{"line":137,"column":9}},"42":{"start":{"line":138,"column":6},"end":{"line":138,"column":18}},"43":{"start":{"line":143,"column":0},"end":{"line":143,"column":24}}},"fnMap":{"0":{"name":"logLatestMessage","decl":{"start":{"line":16,"column":15},"end":{"line":16,"column":31}},"loc":{"start":{"line":16,"column":58},"end":{"line":40,"column":1}},"line":16},"1":{"name":"(anonymous_1)","decl":{"start":{"line":60,"column":2},"end":{"line":60,"column":3}},"loc":{"start":{"line":60,"column":28},"end":{"line":140,"column":3}},"line":60}},"branchMap":{"0":{"loc":{"start":{"line":22,"column":4},"end":{"line":33,"column":5}},"type":"if","locations":[{"start":{"line":22,"column":4},"end":{"line":33,"column":5}},{"start":{"line":31,"column":11},"end":{"line":33,"column":5}}],"line":22},"1":{"loc":{"start":{"line":62,"column":4},"end":{"line":67,"column":5}},"type":"if","locations":[{"start":{"line":62,"column":4},"end":{"line":67,"column":5}},{"start":{},"end":{}}],"line":62},"2":{"loc":{"start":{"line":81,"column":27},"end":{"line":81,"column":69}},"type":"binary-expr","locations":[{"start":{"line":81,"column":27},"end":{"line":81,"column":31}},{"start":{"line":81,"column":35},"end":{"line":81,"column":69}}],"line":81}},"s":{"0":1,"1":1,"2":1,"3":1,"4":1,"5":1,"6":1,"7":1,"8":1,"9":4,"10":4,"11":0,"12":0,"13":0,"14":0,"15":4,"16":1,"17":1,"18":2,"19":2,"20":1,"21":1,"22":1,"23":1,"24":1,"25":1,"26":1,"27":1,"28":1,"29":1,"30":1,"31":1,"32":1,"33":1,"34":1,"35":1,"36":1,"37":1,"38":1,"39":1,"40":1,"41":0,"42":0,"43":1},"f":{"0":4,"1":2},"b":{"0":[0,0],"1":[1,1],"2":[1,0]},"_coverageSchema":"1a1c01bbd47fc00a2c39e90264f33305004495a9","hash":"8962032604464544bc881dd0ec0dda9c19fa87d3"}
}
