{"/Users/mattward/Desktop/Projects/med-chat/public/js/api.js": {"path":"/Users/mattward/Desktop/Projects/med-chat/public/js/api.js","statementMap":{"0":{"start":{"line":19,"column":19},"end":{"line":113,"column":1}},"1":{"start":{"line":24,"column":19},"end":{"line":24,"column":63}},"2":{"start":{"line":24,"column":54},"end":{"line":24,"column":62}},"3":{"start":{"line":30,"column":26},"end":{"line":30,"column":77}},"4":{"start":{"line":30,"column":68},"end":{"line":30,"column":76}},"5":{"start":{"line":38,"column":4},"end":{"line":38,"column":62}},"6":{"start":{"line":38,"column":53},"end":{"line":38,"column":61}},"7":{"start":{"line":47,"column":4},"end":{"line":49,"column":30}},"8":{"start":{"line":49,"column":21},"end":{"line":49,"column":29}},"9":{"start":{"line":58,"column":4},"end":{"line":60,"column":30}},"10":{"start":{"line":60,"column":21},"end":{"line":60,"column":29}},"11":{"start":{"line":68,"column":4},"end":{"line":72,"column":30}},"12":{"start":{"line":72,"column":21},"end":{"line":72,"column":29}},"13":{"start":{"line":80,"column":4},"end":{"line":80,"column":73}},"14":{"start":{"line":80,"column":64},"end":{"line":80,"column":72}},"15":{"start":{"line":88,"column":4},"end":{"line":88,"column":67}},"16":{"start":{"line":88,"column":58},"end":{"line":88,"column":66}},"17":{"start":{"line":96,"column":4},"end":{"line":96,"column":71}},"18":{"start":{"line":96,"column":62},"end":{"line":96,"column":70}},"19":{"start":{"line":104,"column":4},"end":{"line":104,"column":60}},"20":{"start":{"line":104,"column":51},"end":{"line":104,"column":59}},"21":{"start":{"line":112,"column":4},"end":{"line":112,"column":60}},"22":{"start":{"line":112,"column":51},"end":{"line":112,"column":59}}},"fnMap":{"0":{"name":"(anonymous_0)","decl":{"start":{"line":24,"column":13},"end":{"line":24,"column":14}},"loc":{"start":{"line":24,"column":19},"end":{"line":24,"column":63}},"line":24},"1":{"name":"(anonymous_1)","decl":{"start":{"line":24,"column":45},"end":{"line":24,"column":46}},"loc":{"start":{"line":24,"column":54},"end":{"line":24,"column":62}},"line":24},"2":{"name":"(anonymous_2)","decl":{"start":{"line":30,"column":20},"end":{"line":30,"column":21}},"loc":{"start":{"line":30,"column":26},"end":{"line":30,"column":77}},"line":30},"3":{"name":"(anonymous_3)","decl":{"start":{"line":30,"column":59},"end":{"line":30,"column":60}},"loc":{"start":{"line":30,"column":68},"end":{"line":30,"column":76}},"line":30},"4":{"name":"(anonymous_4)","decl":{"start":{"line":37,"column":26},"end":{"line":37,"column":27}},"loc":{"start":{"line":38,"column":4},"end":{"line":38,"column":62}},"line":38},"5":{"name":"(anonymous_5)","decl":{"start":{"line":38,"column":44},"end":{"line":38,"column":45}},"loc":{"start":{"line":38,"column":53},"end":{"line":38,"column":61}},"line":38},"6":{"name":"(anonymous_6)","decl":{"start":{"line":46,"column":15},"end":{"line":46,"column":16}},"loc":{"start":{"line":47,"column":4},"end":{"line":49,"column":30}},"line":47},"7":{"name":"(anonymous_7)","decl":{"start":{"line":49,"column":12},"end":{"line":49,"column":13}},"loc":{"start":{"line":49,"column":21},"end":{"line":49,"column":29}},"line":49},"8":{"name":"(anonymous_8)","decl":{"start":{"line":57,"column":15},"end":{"line":57,"column":16}},"loc":{"start":{"line":58,"column":4},"end":{"line":60,"column":30}},"line":58},"9":{"name":"(anonymous_9)","decl":{"start":{"line":60,"column":12},"end":{"line":60,"column":13}},"loc":{"start":{"line":60,"column":21},"end":{"line":60,"column":29}},"line":60},"10":{"name":"(anonymous_10)","decl":{"start":{"line":67,"column":22},"end":{"line":67,"column":23}},"loc":{"start":{"line":68,"column":4},"end":{"line":72,"column":30}},"line":68},"11":{"name":"(anonymous_11)","decl":{"start":{"line":72,"column":12},"end":{"line":72,"column":13}},"loc":{"start":{"line":72,"column":21},"end":{"line":72,"column":29}},"line":72},"12":{"name":"(anonymous_12)","decl":{"start":{"line":79,"column":22},"end":{"line":79,"column":23}},"loc":{"start":{"line":80,"column":4},"end":{"line":80,"column":73}},"line":80},"13":{"name":"(anonymous_13)","decl":{"start":{"line":80,"column":55},"end":{"line":80,"column":56}},"loc":{"start":{"line":80,"column":64},"end":{"line":80,"column":72}},"line":80},"14":{"name":"(anonymous_14)","decl":{"start":{"line":87,"column":21},"end":{"line":87,"column":22}},"loc":{"start":{"line":88,"column":4},"end":{"line":88,"column":67}},"line":88},"15":{"name":"(anonymous_15)","decl":{"start":{"line":88,"column":49},"end":{"line":88,"column":50}},"loc":{"start":{"line":88,"column":58},"end":{"line":88,"column":66}},"line":88},"16":{"name":"(anonymous_16)","decl":{"start":{"line":95,"column":23},"end":{"line":95,"column":24}},"loc":{"start":{"line":96,"column":4},"end":{"line":96,"column":71}},"line":96},"17":{"name":"(anonymous_17)","decl":{"start":{"line":96,"column":53},"end":{"line":96,"column":54}},"loc":{"start":{"line":96,"column":62},"end":{"line":96,"column":70}},"line":96},"18":{"name":"(anonymous_18)","decl":{"start":{"line":103,"column":17},"end":{"line":103,"column":18}},"loc":{"start":{"line":104,"column":4},"end":{"line":104,"column":60}},"line":104},"19":{"name":"(anonymous_19)","decl":{"start":{"line":104,"column":42},"end":{"line":104,"column":43}},"loc":{"start":{"line":104,"column":51},"end":{"line":104,"column":59}},"line":104},"20":{"name":"(anonymous_20)","decl":{"start":{"line":111,"column":19},"end":{"line":111,"column":20}},"loc":{"start":{"line":112,"column":4},"end":{"line":112,"column":60}},"line":112},"21":{"name":"(anonymous_21)","decl":{"start":{"line":112,"column":42},"end":{"line":112,"column":43}},"loc":{"start":{"line":112,"column":51},"end":{"line":112,"column":59}},"line":112}},"branchMap":{"0":{"loc":{"start":{"line":46,"column":21},"end":{"line":46,"column":32}},"type":"default-arg","locations":[{"start":{"line":46,"column":30},"end":{"line":46,"column":32}}],"line":46}},"s":{"0":1,"1":1,"2":1,"3":1,"4":1,"5":1,"6":1,"7":1,"8":1,"9":1,"10":1,"11":1,"12":1,"13":1,"14":1,"15":1,"16":1,"17":1,"18":1,"19":1,"20":1,"21":1,"22":1},"f":{"0":1,"1":1,"2":1,"3":1,"4":1,"5":1,"6":1,"7":1,"8":1,"9":1,"10":1,"11":1,"12":1,"13":1,"14":1,"15":1,"16":1,"17":1,"18":1,"19":1,"20":1,"21":1},"b":{"0":[1]},"_coverageSchema":"1a1c01bbd47fc00a2c39e90264f33305004495a9","hash":"e79a49f6a7e498e0c3889e3260a38b9d61f76f3d"}
,"/Users/mattward/Desktop/Projects/med-chat/public/js/call.js": {"path":"/Users/mattward/Desktop/Projects/med-chat/public/js/call.js","statementMap":{"0":{"start":{"line":12,"column":26},"end":{"line":250,"column":1}},"1":{"start":{"line":23,"column":4},"end":{"line":26,"column":5}},"2":{"start":{"line":24,"column":6},"end":{"line":24,"column":66}},"3":{"start":{"line":25,"column":6},"end":{"line":25,"column":13}},"4":{"start":{"line":28,"column":4},"end":{"line":31,"column":5}},"5":{"start":{"line":29,"column":6},"end":{"line":29,"column":42}},"6":{"start":{"line":30,"column":6},"end":{"line":30,"column":13}},"7":{"start":{"line":33,"column":4},"end":{"line":88,"column":5}},"8":{"start":{"line":34,"column":6},"end":{"line":72,"column":7}},"9":{"start":{"line":36,"column":25},"end":{"line":39,"column":10}},"10":{"start":{"line":40,"column":24},"end":{"line":40,"column":37}},"11":{"start":{"line":43,"column":8},"end":{"line":47,"column":11}},"12":{"start":{"line":50,"column":8},"end":{"line":52,"column":11}},"13":{"start":{"line":51,"column":10},"end":{"line":51,"column":72}},"14":{"start":{"line":54,"column":8},"end":{"line":56,"column":11}},"15":{"start":{"line":55,"column":10},"end":{"line":55,"column":55}},"16":{"start":{"line":58,"column":8},"end":{"line":67,"column":11}},"17":{"start":{"line":59,"column":10},"end":{"line":59,"column":27}},"18":{"start":{"line":60,"column":10},"end":{"line":60,"column":34}},"19":{"start":{"line":61,"column":10},"end":{"line":63,"column":13}},"20":{"start":{"line":62,"column":12},"end":{"line":62,"column":40}},"21":{"start":{"line":64,"column":10},"end":{"line":66,"column":13}},"22":{"start":{"line":65,"column":12},"end":{"line":65,"column":40}},"23":{"start":{"line":69,"column":8},"end":{"line":71,"column":11}},"24":{"start":{"line":70,"column":10},"end":{"line":70,"column":38}},"25":{"start":{"line":75,"column":21},"end":{"line":75,"column":69}},"26":{"start":{"line":78,"column":6},"end":{"line":78,"column":75}},"27":{"start":{"line":81,"column":6},"end":{"line":81,"column":34}},"28":{"start":{"line":84,"column":6},"end":{"line":84,"column":42}},"29":{"start":{"line":86,"column":6},"end":{"line":86,"column":49}},"30":{"start":{"line":87,"column":6},"end":{"line":87,"column":83}},"31":{"start":{"line":95,"column":4},"end":{"line":110,"column":5}},"32":{"start":{"line":96,"column":6},"end":{"line":96,"column":35}},"33":{"start":{"line":97,"column":6},"end":{"line":97,"column":35}},"34":{"start":{"line":99,"column":29},"end":{"line":99,"column":66}},"35":{"start":{"line":100,"column":6},"end":{"line":105,"column":7}},"36":{"start":{"line":101,"column":8},"end":{"line":101,"column":86}},"37":{"start":{"line":102,"column":8},"end":{"line":102,"column":26}},"38":{"start":{"line":104,"column":8},"end":{"line":104,"column":59}},"39":{"start":{"line":107,"column":6},"end":{"line":107,"column":78}},"40":{"start":{"line":109,"column":6},"end":{"line":109,"column":65}},"41":{"start":{"line":117,"column":4},"end":{"line":122,"column":5}},"42":{"start":{"line":118,"column":6},"end":{"line":118,"column":29}},"43":{"start":{"line":119,"column":6},"end":{"line":119,"column":23}},"44":{"start":{"line":121,"column":6},"end":{"line":121,"column":62}},"45":{"start":{"line":129,"column":4},"end":{"line":129,"column":37}},"46":{"start":{"line":130,"column":4},"end":{"line":130,"column":34}},"47":{"start":{"line":131,"column":4},"end":{"line":131,"column":34}},"48":{"start":{"line":138,"column":4},"end":{"line":138,"column":40}},"49":{"start":{"line":139,"column":4},"end":{"line":139,"column":33}},"50":{"start":{"line":140,"column":4},"end":{"line":140,"column":35}},"51":{"start":{"line":141,"column":4},"end":{"line":141,"column":21}},"52":{"start":{"line":149,"column":4},"end":{"line":149,"column":55}},"53":{"start":{"line":150,"column":4},"end":{"line":150,"column":40}},"54":{"start":{"line":151,"column":4},"end":{"line":151,"column":33}},"55":{"start":{"line":152,"column":4},"end":{"line":152,"column":35}},"56":{"start":{"line":153,"column":4},"end":{"line":153,"column":21}},"57":{"start":{"line":161,"column":30},"end":{"line":161,"column":68}},"58":{"start":{"line":162,"column":4},"end":{"line":176,"column":5}},"59":{"start":{"line":163,"column":6},"end":{"line":163,"column":45}},"60":{"start":{"line":164,"column":6},"end":{"line":164,"column":39}},"61":{"start":{"line":165,"column":6},"end":{"line":173,"column":7}},"62":{"start":{"line":166,"column":8},"end":{"line":166,"column":51}},"63":{"start":{"line":167,"column":13},"end":{"line":173,"column":7}},"64":{"start":{"line":168,"column":8},"end":{"line":168,"column":54}},"65":{"start":{"line":169,"column":13},"end":{"line":173,"column":7}},"66":{"start":{"line":170,"column":8},"end":{"line":170,"column":54}},"67":{"start":{"line":172,"column":8},"end":{"line":172,"column":55}},"68":{"start":{"line":175,"column":6},"end":{"line":175,"column":52}},"69":{"start":{"line":183,"column":30},"end":{"line":183,"column":68}},"70":{"start":{"line":184,"column":22},"end":{"line":184,"column":32}},"71":{"start":{"line":186,"column":4},"end":{"line":194,"column":13}},"72":{"start":{"line":187,"column":26},"end":{"line":187,"column":48}},"73":{"start":{"line":188,"column":22},"end":{"line":188,"column":53}},"74":{"start":{"line":189,"column":22},"end":{"line":189,"column":62}},"75":{"start":{"line":190,"column":25},"end":{"line":190,"column":74}},"76":{"start":{"line":191,"column":6},"end":{"line":193,"column":7}},"77":{"start":{"line":192,"column":8},"end":{"line":192,"column":51}},"78":{"start":{"line":201,"column":4},"end":{"line":201,"column":45}},"79":{"start":{"line":202,"column":4},"end":{"line":202,"column":37}},"80":{"start":{"line":210,"column":23},"end":{"line":210,"column":58}},"81":{"start":{"line":211,"column":23},"end":{"line":211,"column":58}},"82":{"start":{"line":212,"column":26},"end":{"line":212,"column":65}},"83":{"start":{"line":214,"column":4},"end":{"line":222,"column":5}},"84":{"start":{"line":215,"column":6},"end":{"line":215,"column":58}},"85":{"start":{"line":215,"column":23},"end":{"line":215,"column":57}},"86":{"start":{"line":216,"column":6},"end":{"line":216,"column":66}},"87":{"start":{"line":216,"column":23},"end":{"line":216,"column":65}},"88":{"start":{"line":217,"column":6},"end":{"line":217,"column":72}},"89":{"start":{"line":217,"column":26},"end":{"line":217,"column":71}},"90":{"start":{"line":219,"column":6},"end":{"line":219,"column":66}},"91":{"start":{"line":219,"column":23},"end":{"line":219,"column":65}},"92":{"start":{"line":220,"column":6},"end":{"line":220,"column":58}},"93":{"start":{"line":220,"column":23},"end":{"line":220,"column":57}},"94":{"start":{"line":221,"column":6},"end":{"line":221,"column":64}},"95":{"start":{"line":221,"column":26},"end":{"line":221,"column":63}},"96":{"start":{"line":230,"column":25},"end":{"line":230,"column":69}},"97":{"start":{"line":231,"column":32},"end":{"line":231,"column":85}},"98":{"start":{"line":233,"column":4},"end":{"line":236,"column":5}},"99":{"start":{"line":234,"column":6},"end":{"line":234,"column":61}},"100":{"start":{"line":235,"column":6},"end":{"line":235,"column":13}},"101":{"start":{"line":238,"column":4},"end":{"line":248,"column":5}},"102":{"start":{"line":239,"column":23},"end":{"line":242,"column":8}},"103":{"start":{"line":244,"column":6},"end":{"line":244,"column":43}},"104":{"start":{"line":246,"column":6},"end":{"line":246,"column":57}},"105":{"start":{"line":247,"column":6},"end":{"line":247,"column":61}},"106":{"start":{"line":256,"column":21},"end":{"line":256,"column":56}},"107":{"start":{"line":257,"column":21},"end":{"line":257,"column":56}},"108":{"start":{"line":258,"column":24},"end":{"line":258,"column":63}},"109":{"start":{"line":259,"column":31},"end":{"line":259,"column":78}},"110":{"start":{"line":261,"column":2},"end":{"line":263,"column":3}},"111":{"start":{"line":262,"column":4},"end":{"line":262,"column":70}},"112":{"start":{"line":262,"column":47},"end":{"line":262,"column":68}},"113":{"start":{"line":265,"column":2},"end":{"line":267,"column":3}},"114":{"start":{"line":266,"column":4},"end":{"line":266,"column":72}},"115":{"start":{"line":266,"column":47},"end":{"line":266,"column":70}},"116":{"start":{"line":269,"column":2},"end":{"line":271,"column":3}},"117":{"start":{"line":270,"column":4},"end":{"line":270,"column":72}},"118":{"start":{"line":270,"column":50},"end":{"line":270,"column":70}},"119":{"start":{"line":273,"column":2},"end":{"line":275,"column":3}},"120":{"start":{"line":274,"column":4},"end":{"line":274,"column":86}},"121":{"start":{"line":274,"column":57},"end":{"line":274,"column":84}}},"fnMap":{"0":{"name":"(anonymous_0)","decl":{"start":{"line":22,"column":2},"end":{"line":22,"column":3}},"loc":{"start":{"line":22,"column":19},"end":{"line":89,"column":3}},"line":22},"1":{"name":"(anonymous_1)","decl":{"start":{"line":50,"column":32},"end":{"line":50,"column":33}},"loc":{"start":{"line":50,"column":38},"end":{"line":52,"column":9}},"line":50},"2":{"name":"(anonymous_2)","decl":{"start":{"line":54,"column":32},"end":{"line":54,"column":33}},"loc":{"start":{"line":54,"column":43},"end":{"line":56,"column":9}},"line":54},"3":{"name":"(anonymous_3)","decl":{"start":{"line":58,"column":34},"end":{"line":58,"column":35}},"loc":{"start":{"line":58,"column":44},"end":{"line":67,"column":9}},"line":58},"4":{"name":"(anonymous_4)","decl":{"start":{"line":61,"column":37},"end":{"line":61,"column":38}},"loc":{"start":{"line":61,"column":43},"end":{"line":63,"column":11}},"line":61},"5":{"name":"(anonymous_5)","decl":{"start":{"line":64,"column":32},"end":{"line":64,"column":33}},"loc":{"start":{"line":64,"column":43},"end":{"line":66,"column":11}},"line":64},"6":{"name":"(anonymous_6)","decl":{"start":{"line":69,"column":37},"end":{"line":69,"column":38}},"loc":{"start":{"line":69,"column":43},"end":{"line":71,"column":9}},"line":69},"7":{"name":"(anonymous_7)","decl":{"start":{"line":94,"column":2},"end":{"line":94,"column":3}},"loc":{"start":{"line":94,"column":15},"end":{"line":111,"column":3}},"line":94},"8":{"name":"(anonymous_8)","decl":{"start":{"line":116,"column":2},"end":{"line":116,"column":3}},"loc":{"start":{"line":116,"column":12},"end":{"line":123,"column":3}},"line":116},"9":{"name":"(anonymous_9)","decl":{"start":{"line":128,"column":2},"end":{"line":128,"column":3}},"loc":{"start":{"line":128,"column":21},"end":{"line":132,"column":3}},"line":128},"10":{"name":"(anonymous_10)","decl":{"start":{"line":137,"column":2},"end":{"line":137,"column":3}},"loc":{"start":{"line":137,"column":25},"end":{"line":142,"column":3}},"line":137},"11":{"name":"(anonymous_11)","decl":{"start":{"line":148,"column":2},"end":{"line":148,"column":3}},"loc":{"start":{"line":148,"column":25},"end":{"line":154,"column":3}},"line":148},"12":{"name":"(anonymous_12)","decl":{"start":{"line":160,"column":2},"end":{"line":160,"column":3}},"loc":{"start":{"line":160,"column":27},"end":{"line":177,"column":3}},"line":160},"13":{"name":"(anonymous_13)","decl":{"start":{"line":182,"column":2},"end":{"line":182,"column":3}},"loc":{"start":{"line":182,"column":27},"end":{"line":195,"column":3}},"line":182},"14":{"name":"(anonymous_14)","decl":{"start":{"line":186,"column":44},"end":{"line":186,"column":45}},"loc":{"start":{"line":186,"column":50},"end":{"line":194,"column":5}},"line":186},"15":{"name":"(anonymous_15)","decl":{"start":{"line":200,"column":2},"end":{"line":200,"column":3}},"loc":{"start":{"line":200,"column":26},"end":{"line":203,"column":3}},"line":200},"16":{"name":"(anonymous_16)","decl":{"start":{"line":209,"column":2},"end":{"line":209,"column":3}},"loc":{"start":{"line":209,"column":29},"end":{"line":223,"column":3}},"line":209},"17":{"name":"(anonymous_17)","decl":{"start":{"line":229,"column":2},"end":{"line":229,"column":3}},"loc":{"start":{"line":229,"column":25},"end":{"line":249,"column":3}},"line":229},"18":{"name":"setupCallControls","decl":{"start":{"line":255,"column":16},"end":{"line":255,"column":33}},"loc":{"start":{"line":255,"column":36},"end":{"line":276,"column":1}},"line":255},"19":{"name":"(anonymous_19)","decl":{"start":{"line":262,"column":41},"end":{"line":262,"column":42}},"loc":{"start":{"line":262,"column":47},"end":{"line":262,"column":68}},"line":262},"20":{"name":"(anonymous_20)","decl":{"start":{"line":266,"column":41},"end":{"line":266,"column":42}},"loc":{"start":{"line":266,"column":47},"end":{"line":266,"column":70}},"line":266},"21":{"name":"(anonymous_21)","decl":{"start":{"line":270,"column":44},"end":{"line":270,"column":45}},"loc":{"start":{"line":270,"column":50},"end":{"line":270,"column":70}},"line":270},"22":{"name":"(anonymous_22)","decl":{"start":{"line":274,"column":51},"end":{"line":274,"column":52}},"loc":{"start":{"line":274,"column":57},"end":{"line":274,"column":84}},"line":274}},"branchMap":{"0":{"loc":{"start":{"line":23,"column":4},"end":{"line":26,"column":5}},"type":"if","locations":[{"start":{"line":23,"column":4},"end":{"line":26,"column":5}},{"start":{},"end":{}}],"line":23},"1":{"loc":{"start":{"line":28,"column":4},"end":{"line":31,"column":5}},"type":"if","locations":[{"start":{"line":28,"column":4},"end":{"line":31,"column":5}},{"start":{},"end":{}}],"line":28},"2":{"loc":{"start":{"line":28,"column":8},"end":{"line":28,"column":50}},"type":"binary-expr","locations":[{"start":{"line":28,"column":8},"end":{"line":28,"column":17}},{"start":{"line":28,"column":21},"end":{"line":28,"column":50}}],"line":28},"3":{"loc":{"start":{"line":34,"column":6},"end":{"line":72,"column":7}},"type":"if","locations":[{"start":{"line":34,"column":6},"end":{"line":72,"column":7}},{"start":{},"end":{}}],"line":34},"4":{"loc":{"start":{"line":95,"column":4},"end":{"line":110,"column":5}},"type":"if","locations":[{"start":{"line":95,"column":4},"end":{"line":110,"column":5}},{"start":{"line":108,"column":11},"end":{"line":110,"column":5}}],"line":95},"5":{"loc":{"start":{"line":100,"column":6},"end":{"line":105,"column":7}},"type":"if","locations":[{"start":{"line":100,"column":6},"end":{"line":105,"column":7}},{"start":{"line":103,"column":13},"end":{"line":105,"column":7}}],"line":100},"6":{"loc":{"start":{"line":101,"column":52},"end":{"line":101,"column":84}},"type":"cond-expr","locations":[{"start":{"line":101,"column":67},"end":{"line":101,"column":76}},{"start":{"line":101,"column":79},"end":{"line":101,"column":84}}],"line":101},"7":{"loc":{"start":{"line":107,"column":39},"end":{"line":107,"column":73}},"type":"cond-expr","locations":[{"start":{"line":107,"column":54},"end":{"line":107,"column":61}},{"start":{"line":107,"column":64},"end":{"line":107,"column":73}}],"line":107},"8":{"loc":{"start":{"line":117,"column":4},"end":{"line":122,"column":5}},"type":"if","locations":[{"start":{"line":117,"column":4},"end":{"line":122,"column":5}},{"start":{"line":120,"column":11},"end":{"line":122,"column":5}}],"line":117},"9":{"loc":{"start":{"line":162,"column":4},"end":{"line":176,"column":5}},"type":"if","locations":[{"start":{"line":162,"column":4},"end":{"line":176,"column":5}},{"start":{"line":174,"column":11},"end":{"line":176,"column":5}}],"line":162},"10":{"loc":{"start":{"line":165,"column":6},"end":{"line":173,"column":7}},"type":"if","locations":[{"start":{"line":165,"column":6},"end":{"line":173,"column":7}},{"start":{"line":167,"column":13},"end":{"line":173,"column":7}}],"line":165},"11":{"loc":{"start":{"line":167,"column":13},"end":{"line":173,"column":7}},"type":"if","locations":[{"start":{"line":167,"column":13},"end":{"line":173,"column":7}},{"start":{"line":169,"column":13},"end":{"line":173,"column":7}}],"line":167},"12":{"loc":{"start":{"line":169,"column":13},"end":{"line":173,"column":7}},"type":"if","locations":[{"start":{"line":169,"column":13},"end":{"line":173,"column":7}},{"start":{"line":171,"column":13},"end":{"line":173,"column":7}}],"line":169},"13":{"loc":{"start":{"line":190,"column":39},"end":{"line":190,"column":62}},"type":"cond-expr","locations":[{"start":{"line":190,"column":54},"end":{"line":190,"column":57}},{"start":{"line":190,"column":60},"end":{"line":190,"column":62}}],"line":190},"14":{"loc":{"start":{"line":191,"column":6},"end":{"line":193,"column":7}},"type":"if","locations":[{"start":{"line":191,"column":6},"end":{"line":193,"column":7}},{"start":{},"end":{}}],"line":191},"15":{"loc":{"start":{"line":214,"column":4},"end":{"line":222,"column":5}},"type":"if","locations":[{"start":{"line":214,"column":4},"end":{"line":222,"column":5}},{"start":{"line":218,"column":11},"end":{"line":222,"column":5}}],"line":214},"16":{"loc":{"start":{"line":215,"column":6},"end":{"line":215,"column":58}},"type":"if","locations":[{"start":{"line":215,"column":6},"end":{"line":215,"column":58}},{"start":{},"end":{}}],"line":215},"17":{"loc":{"start":{"line":216,"column":6},"end":{"line":216,"column":66}},"type":"if","locations":[{"start":{"line":216,"column":6},"end":{"line":216,"column":66}},{"start":{},"end":{}}],"line":216},"18":{"loc":{"start":{"line":217,"column":6},"end":{"line":217,"column":72}},"type":"if","locations":[{"start":{"line":217,"column":6},"end":{"line":217,"column":72}},{"start":{},"end":{}}],"line":217},"19":{"loc":{"start":{"line":219,"column":6},"end":{"line":219,"column":66}},"type":"if","locations":[{"start":{"line":219,"column":6},"end":{"line":219,"column":66}},{"start":{},"end":{}}],"line":219},"20":{"loc":{"start":{"line":220,"column":6},"end":{"line":220,"column":58}},"type":"if","locations":[{"start":{"line":220,"column":6},"end":{"line":220,"column":58}},{"start":{},"end":{}}],"line":220},"21":{"loc":{"start":{"line":221,"column":6},"end":{"line":221,"column":64}},"type":"if","locations":[{"start":{"line":221,"column":6},"end":{"line":221,"column":64}},{"start":{},"end":{}}],"line":221},"22":{"loc":{"start":{"line":231,"column":32},"end":{"line":231,"column":85}},"type":"cond-expr","locations":[{"start":{"line":231,"column":47},"end":{"line":231,"column":78}},{"start":{"line":231,"column":81},"end":{"line":231,"column":85}}],"line":231},"23":{"loc":{"start":{"line":233,"column":4},"end":{"line":236,"column":5}},"type":"if","locations":[{"start":{"line":233,"column":4},"end":{"line":236,"column":5}},{"start":{},"end":{}}],"line":233},"24":{"loc":{"start":{"line":233,"column":8},"end":{"line":233,"column":72}},"type":"binary-expr","locations":[{"start":{"line":233,"column":8},"end":{"line":233,"column":28}},{"start":{"line":233,"column":32},"end":{"line":233,"column":72}}],"line":233},"25":{"loc":{"start":{"line":261,"column":2},"end":{"line":263,"column":3}},"type":"if","locations":[{"start":{"line":261,"column":2},"end":{"line":263,"column":3}},{"start":{},"end":{}}],"line":261},"26":{"loc":{"start":{"line":265,"column":2},"end":{"line":267,"column":3}},"type":"if","locations":[{"start":{"line":265,"column":2},"end":{"line":267,"column":3}},{"start":{},"end":{}}],"line":265},"27":{"loc":{"start":{"line":269,"column":2},"end":{"line":271,"column":3}},"type":"if","locations":[{"start":{"line":269,"column":2},"end":{"line":271,"column":3}},{"start":{},"end":{}}],"line":269},"28":{"loc":{"start":{"line":273,"column":2},"end":{"line":275,"column":3}},"type":"if","locations":[{"start":{"line":273,"column":2},"end":{"line":275,"column":3}},{"start":{},"end":{}}],"line":273}},"s":{"0":1,"1":4,"2":1,"3":1,"4":3,"5":1,"6":1,"7":2,"8":2,"9":2,"10":2,"11":2,"12":2,"13":0,"14":2,"15":0,"16":2,"17":1,"18":1,"19":1,"20":0,"21":1,"22":0,"23":2,"24":0,"25":2,"26":1,"27":1,"28":1,"29":1,"30":1,"31":3,"32":2,"33":2,"34":2,"35":2,"36":2,"37":2,"38":0,"39":2,"40":1,"41":2,"42":1,"43":1,"44":1,"45":2,"46":2,"47":2,"48":1,"49":1,"50":1,"51":1,"52":1,"53":1,"54":1,"55":1,"56":1,"57":4,"58":4,"59":3,"60":3,"61":3,"62":2,"63":1,"64":0,"65":1,"66":0,"67":1,"68":1,"69":2,"70":2,"71":2,"72":5,"73":5,"74":5,"75":5,"76":5,"77":5,"78":1,"79":1,"80":1,"81":1,"82":1,"83":1,"84":1,"85":1,"86":1,"87":1,"88":1,"89":1,"90":0,"91":0,"92":0,"93":0,"94":0,"95":0,"96":3,"97":3,"98":3,"99":1,"100":1,"101":2,"102":2,"103":1,"104":1,"105":1,"106":1,"107":1,"108":1,"109":1,"110":1,"111":1,"112":0,"113":1,"114":1,"115":0,"116":1,"117":1,"118":0,"119":1,"120":1,"121":0},"f":{"0":4,"1":0,"2":0,"3":1,"4":0,"5":0,"6":0,"7":3,"8":2,"9":2,"10":1,"11":1,"12":4,"13":2,"14":5,"15":1,"16":1,"17":3,"18":1,"19":0,"20":0,"21":0,"22":0},"b":{"0":[1,3],"1":[1,2],"2":[3,1],"3":[2,0],"4":[2,1],"5":[2,0],"6":[1,1],"7":[1,1],"8":[1,1],"9":[3,1],"10":[2,1],"11":[0,1],"12":[0,1],"13":[5,0],"14":[5,0],"15":[1,0],"16":[1,0],"17":[1,0],"18":[1,0],"19":[0,0],"20":[0,0],"21":[0,0],"22":[3,0],"23":[1,2],"24":[3,3],"25":[1,0],"26":[1,0],"27":[1,0],"28":[1,0]},"_coverageSchema":"1a1c01bbd47fc00a2c39e90264f33305004495a9","hash":"b44213e7665c0d0cad425a2150a6e3e06991e1bb"}
,"/Users/mattward/Desktop/Projects/med-chat/public/js/conversations.js": {"path":"/Users/mattward/Desktop/Projects/med-chat/public/js/conversations.js","statementMap":{"0":{"start":{"line":7,"column":2},"end":{"line":7,"column":69}},"1":{"start":{"line":9,"column":2},"end":{"line":33,"column":3}},"2":{"start":{"line":10,"column":26},"end":{"line":10,"column":54}},"3":{"start":{"line":12,"column":4},"end":{"line":14,"column":6}},"4":{"start":{"line":13,"column":16},"end":{"line":13,"column":73}},"5":{"start":{"line":16,"column":4},"end":{"line":16,"column":39}},"6":{"start":{"line":18,"column":4},"end":{"line":23,"column":5}},"7":{"start":{"line":19,"column":27},"end":{"line":19,"column":85}},"8":{"start":{"line":20,"column":6},"end":{"line":22,"column":7}},"9":{"start":{"line":21,"column":8},"end":{"line":21,"column":47}},"10":{"start":{"line":25,"column":4},"end":{"line":25,"column":37}},"11":{"start":{"line":26,"column":4},"end":{"line":26,"column":40}},"12":{"start":{"line":27,"column":4},"end":{"line":27,"column":25}},"13":{"start":{"line":29,"column":4},"end":{"line":29,"column":50}},"14":{"start":{"line":30,"column":4},"end":{"line":30,"column":14}},"15":{"start":{"line":32,"column":4},"end":{"line":32,"column":70}},"16":{"start":{"line":37,"column":2},"end":{"line":54,"column":3}},"17":{"start":{"line":38,"column":28},"end":{"line":41,"column":6}},"18":{"start":{"line":42,"column":4},"end":{"line":44,"column":5}},"19":{"start":{"line":43,"column":6},"end":{"line":43,"column":64}},"20":{"start":{"line":46,"column":29},"end":{"line":46,"column":32}},"21":{"start":{"line":47,"column":4},"end":{"line":53,"column":5}},"22":{"start":{"line":48,"column":6},"end":{"line":50,"column":8}},"23":{"start":{"line":52,"column":6},"end":{"line":52,"column":54}},"24":{"start":{"line":58,"column":26},"end":{"line":58,"column":76}},"25":{"start":{"line":59,"column":2},"end":{"line":70,"column":3}},"26":{"start":{"line":60,"column":4},"end":{"line":60,"column":44}},"27":{"start":{"line":61,"column":24},"end":{"line":61,"column":70}},"28":{"start":{"line":62,"column":4},"end":{"line":69,"column":5}},"29":{"start":{"line":63,"column":27},"end":{"line":63,"column":65}},"30":{"start":{"line":64,"column":6},"end":{"line":64,"column":49}},"31":{"start":{"line":66,"column":6},"end":{"line":68,"column":8}},"32":{"start":{"line":74,"column":24},"end":{"line":76,"column":3}},"33":{"start":{"line":75,"column":14},"end":{"line":75,"column":35}},"34":{"start":{"line":78,"column":2},"end":{"line":85,"column":3}},"35":{"start":{"line":79,"column":4},"end":{"line":82,"column":6}},"36":{"start":{"line":84,"column":4},"end":{"line":84,"column":35}},"37":{"start":{"line":86,"column":2},"end":{"line":86,"column":49}},"38":{"start":{"line":90,"column":28},"end":{"line":92,"column":3}},"39":{"start":{"line":91,"column":14},"end":{"line":91,"column":35}},"40":{"start":{"line":94,"column":2},"end":{"line":120,"column":3}},"41":{"start":{"line":95,"column":4},"end":{"line":99,"column":6}},"42":{"start":{"line":101,"column":28},"end":{"line":101,"column":71}},"43":{"start":{"line":102,"column":4},"end":{"line":119,"column":5}},"44":{"start":{"line":103,"column":26},"end":{"line":103,"column":65}},"45":{"start":{"line":104,"column":6},"end":{"line":106,"column":7}},"46":{"start":{"line":105,"column":8},"end":{"line":105,"column":79}},"47":{"start":{"line":108,"column":29},"end":{"line":108,"column":75}},"48":{"start":{"line":109,"column":6},"end":{"line":111,"column":7}},"49":{"start":{"line":110,"column":8},"end":{"line":110,"column":84}},"50":{"start":{"line":113,"column":22},"end":{"line":113,"column":60}},"51":{"start":{"line":114,"column":6},"end":{"line":116,"column":7}},"52":{"start":{"line":115,"column":8},"end":{"line":115,"column":63}},"53":{"start":{"line":118,"column":6},"end":{"line":118,"column":38}},"54":{"start":{"line":122,"column":2},"end":{"line":122,"column":43}},"55":{"start":{"line":126,"column":30},"end":{"line":128,"column":3}},"56":{"start":{"line":129,"column":2},"end":{"line":134,"column":3}},"57":{"start":{"line":130,"column":4},"end":{"line":130,"column":33}},"58":{"start":{"line":131,"column":4},"end":{"line":131,"column":61}},"59":{"start":{"line":133,"column":4},"end":{"line":133,"column":76}},"60":{"start":{"line":136,"column":2},"end":{"line":142,"column":3}},"61":{"start":{"line":137,"column":4},"end":{"line":137,"column":35}},"62":{"start":{"line":138,"column":4},"end":{"line":138,"column":55}},"63":{"start":{"line":139,"column":4},"end":{"line":139,"column":61}},"64":{"start":{"line":140,"column":4},"end":{"line":140,"column":68}},"65":{"start":{"line":141,"column":4},"end":{"line":141,"column":78}},"66":{"start":{"line":146,"column":2},"end":{"line":151,"column":3}},"67":{"start":{"line":147,"column":4},"end":{"line":147,"column":49}},"68":{"start":{"line":149,"column":4},"end":{"line":149,"column":55}},"69":{"start":{"line":150,"column":4},"end":{"line":150,"column":16}},"70":{"start":{"line":155,"column":2},"end":{"line":160,"column":3}},"71":{"start":{"line":156,"column":4},"end":{"line":156,"column":40}},"72":{"start":{"line":158,"column":4},"end":{"line":158,"column":50}},"73":{"start":{"line":159,"column":4},"end":{"line":159,"column":16}},"74":{"start":{"line":164,"column":2},"end":{"line":169,"column":3}},"75":{"start":{"line":165,"column":4},"end":{"line":165,"column":45}},"76":{"start":{"line":167,"column":4},"end":{"line":167,"column":50}},"77":{"start":{"line":168,"column":4},"end":{"line":168,"column":16}},"78":{"start":{"line":173,"column":2},"end":{"line":180,"column":3}},"79":{"start":{"line":174,"column":4},"end":{"line":174,"column":38}},"80":{"start":{"line":175,"column":4},"end":{"line":175,"column":34}},"81":{"start":{"line":176,"column":4},"end":{"line":176,"column":54}},"82":{"start":{"line":178,"column":4},"end":{"line":178,"column":55}},"83":{"start":{"line":179,"column":4},"end":{"line":179,"column":16}},"84":{"start":{"line":184,"column":2},"end":{"line":189,"column":3}},"85":{"start":{"line":185,"column":4},"end":{"line":185,"column":59}},"86":{"start":{"line":187,"column":4},"end":{"line":187,"column":60}},"87":{"start":{"line":188,"column":4},"end":{"line":188,"column":16}},"88":{"start":{"line":193,"column":2},"end":{"line":198,"column":3}},"89":{"start":{"line":194,"column":4},"end":{"line":194,"column":59}},"90":{"start":{"line":196,"column":4},"end":{"line":196,"column":62}},"91":{"start":{"line":197,"column":4},"end":{"line":197,"column":16}},"92":{"start":{"line":202,"column":2},"end":{"line":207,"column":3}},"93":{"start":{"line":203,"column":4},"end":{"line":203,"column":50}},"94":{"start":{"line":205,"column":4},"end":{"line":205,"column":70}},"95":{"start":{"line":206,"column":4},"end":{"line":206,"column":16}},"96":{"start":{"line":211,"column":26},"end":{"line":211,"column":76}},"97":{"start":{"line":212,"column":2},"end":{"line":221,"column":3}},"98":{"start":{"line":213,"column":27},"end":{"line":213,"column":73}},"99":{"start":{"line":214,"column":20},"end":{"line":214,"column":58}},"100":{"start":{"line":215,"column":4},"end":{"line":217,"column":5}},"101":{"start":{"line":216,"column":6},"end":{"line":216,"column":54}},"102":{"start":{"line":218,"column":4},"end":{"line":220,"column":5}},"103":{"start":{"line":219,"column":6},"end":{"line":219,"column":66}},"104":{"start":{"line":224,"column":0},"end":{"line":234,"column":1}},"105":{"start":{"line":225,"column":2},"end":{"line":227,"column":5}},"106":{"start":{"line":226,"column":4},"end":{"line":226,"column":44}},"107":{"start":{"line":228,"column":2},"end":{"line":233,"column":5}},"108":{"start":{"line":229,"column":4},"end":{"line":229,"column":40}},"109":{"start":{"line":230,"column":4},"end":{"line":232,"column":7}},"110":{"start":{"line":231,"column":6},"end":{"line":231,"column":61}}},"fnMap":{"0":{"name":"loadConversations","decl":{"start":{"line":6,"column":22},"end":{"line":6,"column":39}},"loc":{"start":{"line":6,"column":42},"end":{"line":34,"column":1}},"line":6},"1":{"name":"(anonymous_1)","decl":{"start":{"line":13,"column":6},"end":{"line":13,"column":7}},"loc":{"start":{"line":13,"column":16},"end":{"line":13,"column":73}},"line":13},"2":{"name":"updateLatestMessagePreview","decl":{"start":{"line":36,"column":22},"end":{"line":36,"column":48}},"loc":{"start":{"line":36,"column":66},"end":{"line":55,"column":1}},"line":36},"3":{"name":"incrementUnreadCount","decl":{"start":{"line":57,"column":16},"end":{"line":57,"column":36}},"loc":{"start":{"line":57,"column":54},"end":{"line":71,"column":1}},"line":57},"4":{"name":"handleNewConversation","decl":{"start":{"line":73,"column":16},"end":{"line":73,"column":37}},"loc":{"start":{"line":73,"column":44},"end":{"line":87,"column":1}},"line":73},"5":{"name":"(anonymous_5)","decl":{"start":{"line":75,"column":4},"end":{"line":75,"column":5}},"loc":{"start":{"line":75,"column":14},"end":{"line":75,"column":35}},"line":75},"6":{"name":"handleUpdateConversation","decl":{"start":{"line":89,"column":16},"end":{"line":89,"column":40}},"loc":{"start":{"line":89,"column":47},"end":{"line":123,"column":1}},"line":89},"7":{"name":"(anonymous_7)","decl":{"start":{"line":91,"column":4},"end":{"line":91,"column":5}},"loc":{"start":{"line":91,"column":14},"end":{"line":91,"column":35}},"line":91},"8":{"name":"removeConversationFromUI","decl":{"start":{"line":125,"column":16},"end":{"line":125,"column":40}},"loc":{"start":{"line":125,"column":58},"end":{"line":143,"column":1}},"line":125},"9":{"name":"fetchConversation","decl":{"start":{"line":145,"column":22},"end":{"line":145,"column":39}},"loc":{"start":{"line":145,"column":45},"end":{"line":152,"column":1}},"line":145},"10":{"name":"listConversations","decl":{"start":{"line":154,"column":22},"end":{"line":154,"column":39}},"loc":{"start":{"line":154,"column":42},"end":{"line":161,"column":1}},"line":154},"11":{"name":"createConversation","decl":{"start":{"line":163,"column":22},"end":{"line":163,"column":40}},"loc":{"start":{"line":163,"column":47},"end":{"line":170,"column":1}},"line":163},"12":{"name":"deleteConversation","decl":{"start":{"line":172,"column":22},"end":{"line":172,"column":40}},"loc":{"start":{"line":172,"column":46},"end":{"line":181,"column":1}},"line":172},"13":{"name":"addMessage","decl":{"start":{"line":183,"column":22},"end":{"line":183,"column":32}},"loc":{"start":{"line":183,"column":59},"end":{"line":190,"column":1}},"line":183},"14":{"name":"listMessages","decl":{"start":{"line":192,"column":22},"end":{"line":192,"column":34}},"loc":{"start":{"line":192,"column":66},"end":{"line":199,"column":1}},"line":192},"15":{"name":"markMessagesAsRead","decl":{"start":{"line":201,"column":22},"end":{"line":201,"column":40}},"loc":{"start":{"line":201,"column":58},"end":{"line":208,"column":1}},"line":201},"16":{"name":"updateConversationPreview","decl":{"start":{"line":210,"column":16},"end":{"line":210,"column":41}},"loc":{"start":{"line":210,"column":74},"end":{"line":222,"column":1}},"line":210},"17":{"name":"(anonymous_17)","decl":{"start":{"line":225,"column":21},"end":{"line":225,"column":22}},"loc":{"start":{"line":225,"column":27},"end":{"line":227,"column":3}},"line":225},"18":{"name":"(anonymous_18)","decl":{"start":{"line":228,"column":20},"end":{"line":228,"column":21}},"loc":{"start":{"line":228,"column":26},"end":{"line":233,"column":3}},"line":228},"19":{"name":"(anonymous_19)","decl":{"start":{"line":230,"column":30},"end":{"line":230,"column":31}},"loc":{"start":{"line":230,"column":41},"end":{"line":232,"column":5}},"line":230}},"branchMap":{"0":{"loc":{"start":{"line":18,"column":4},"end":{"line":23,"column":5}},"type":"if","locations":[{"start":{"line":18,"column":4},"end":{"line":23,"column":5}},{"start":{},"end":{}}],"line":18},"1":{"loc":{"start":{"line":20,"column":6},"end":{"line":22,"column":7}},"type":"if","locations":[{"start":{"line":20,"column":6},"end":{"line":22,"column":7}},{"start":{},"end":{}}],"line":20},"2":{"loc":{"start":{"line":42,"column":4},"end":{"line":44,"column":5}},"type":"if","locations":[{"start":{"line":42,"column":4},"end":{"line":44,"column":5}},{"start":{},"end":{}}],"line":42},"3":{"loc":{"start":{"line":47,"column":4},"end":{"line":53,"column":5}},"type":"if","locations":[{"start":{"line":47,"column":4},"end":{"line":53,"column":5}},{"start":{"line":51,"column":11},"end":{"line":53,"column":5}}],"line":47},"4":{"loc":{"start":{"line":47,"column":8},"end":{"line":47,"column":68}},"type":"binary-expr","locations":[{"start":{"line":47,"column":8},"end":{"line":47,"column":22}},{"start":{"line":47,"column":26},"end":{"line":47,"column":68}}],"line":47},"5":{"loc":{"start":{"line":59,"column":2},"end":{"line":70,"column":3}},"type":"if","locations":[{"start":{"line":59,"column":2},"end":{"line":70,"column":3}},{"start":{},"end":{}}],"line":59},"6":{"loc":{"start":{"line":62,"column":4},"end":{"line":69,"column":5}},"type":"if","locations":[{"start":{"line":62,"column":4},"end":{"line":69,"column":5}},{"start":{"line":65,"column":11},"end":{"line":69,"column":5}}],"line":62},"7":{"loc":{"start":{"line":63,"column":27},"end":{"line":63,"column":65}},"type":"binary-expr","locations":[{"start":{"line":63,"column":27},"end":{"line":63,"column":60}},{"start":{"line":63,"column":64},"end":{"line":63,"column":65}}],"line":63},"8":{"loc":{"start":{"line":78,"column":2},"end":{"line":85,"column":3}},"type":"if","locations":[{"start":{"line":78,"column":2},"end":{"line":85,"column":3}},{"start":{"line":83,"column":9},"end":{"line":85,"column":3}}],"line":78},"9":{"loc":{"start":{"line":94,"column":2},"end":{"line":120,"column":3}},"type":"if","locations":[{"start":{"line":94,"column":2},"end":{"line":120,"column":3}},{"start":{},"end":{}}],"line":94},"10":{"loc":{"start":{"line":98,"column":19},"end":{"line":98,"column":89}},"type":"binary-expr","locations":[{"start":{"line":98,"column":19},"end":{"line":98,"column":35}},{"start":{"line":98,"column":39},"end":{"line":98,"column":89}}],"line":98},"11":{"loc":{"start":{"line":102,"column":4},"end":{"line":119,"column":5}},"type":"if","locations":[{"start":{"line":102,"column":4},"end":{"line":119,"column":5}},{"start":{},"end":{}}],"line":102},"12":{"loc":{"start":{"line":104,"column":6},"end":{"line":106,"column":7}},"type":"if","locations":[{"start":{"line":104,"column":6},"end":{"line":106,"column":7}},{"start":{},"end":{}}],"line":104},"13":{"loc":{"start":{"line":105,"column":34},"end":{"line":105,"column":78}},"type":"binary-expr","locations":[{"start":{"line":105,"column":34},"end":{"line":105,"column":51}},{"start":{"line":105,"column":55},"end":{"line":105,"column":78}}],"line":105},"14":{"loc":{"start":{"line":109,"column":6},"end":{"line":111,"column":7}},"type":"if","locations":[{"start":{"line":109,"column":6},"end":{"line":111,"column":7}},{"start":{},"end":{}}],"line":109},"15":{"loc":{"start":{"line":110,"column":37},"end":{"line":110,"column":83}},"type":"binary-expr","locations":[{"start":{"line":110,"column":37},"end":{"line":110,"column":53}},{"start":{"line":110,"column":57},"end":{"line":110,"column":83}}],"line":110},"16":{"loc":{"start":{"line":114,"column":6},"end":{"line":116,"column":7}},"type":"if","locations":[{"start":{"line":114,"column":6},"end":{"line":116,"column":7}},{"start":{},"end":{}}],"line":114},"17":{"loc":{"start":{"line":114,"column":10},"end":{"line":114,"column":41}},"type":"binary-expr","locations":[{"start":{"line":114,"column":10},"end":{"line":114,"column":17}},{"start":{"line":114,"column":21},"end":{"line":114,"column":41}}],"line":114},"18":{"loc":{"start":{"line":129,"column":2},"end":{"line":134,"column":3}},"type":"if","locations":[{"start":{"line":129,"column":2},"end":{"line":134,"column":3}},{"start":{"line":132,"column":9},"end":{"line":134,"column":3}}],"line":129},"19":{"loc":{"start":{"line":136,"column":2},"end":{"line":142,"column":3}},"type":"if","locations":[{"start":{"line":136,"column":2},"end":{"line":142,"column":3}},{"start":{},"end":{}}],"line":136},"20":{"loc":{"start":{"line":192,"column":52},"end":{"line":192,"column":64}},"type":"default-arg","locations":[{"start":{"line":192,"column":62},"end":{"line":192,"column":64}}],"line":192},"21":{"loc":{"start":{"line":212,"column":2},"end":{"line":221,"column":3}},"type":"if","locations":[{"start":{"line":212,"column":2},"end":{"line":221,"column":3}},{"start":{},"end":{}}],"line":212},"22":{"loc":{"start":{"line":215,"column":4},"end":{"line":217,"column":5}},"type":"if","locations":[{"start":{"line":215,"column":4},"end":{"line":217,"column":5}},{"start":{},"end":{}}],"line":215},"23":{"loc":{"start":{"line":218,"column":4},"end":{"line":220,"column":5}},"type":"if","locations":[{"start":{"line":218,"column":4},"end":{"line":220,"column":5}},{"start":{},"end":{}}],"line":218},"24":{"loc":{"start":{"line":218,"column":8},"end":{"line":218,"column":44}},"type":"binary-expr","locations":[{"start":{"line":218,"column":8},"end":{"line":218,"column":15}},{"start":{"line":218,"column":19},"end":{"line":218,"column":44}}],"line":218},"25":{"loc":{"start":{"line":224,"column":0},"end":{"line":234,"column":1}},"type":"if","locations":[{"start":{"line":224,"column":0},"end":{"line":234,"column":1}},{"start":{},"end":{}}],"line":224}},"s":{"0":3,"1":3,"2":3,"3":2,"4":4,"5":2,"6":2,"7":0,"8":0,"9":0,"10":2,"11":2,"12":2,"13":1,"14":1,"15":3,"16":3,"17":3,"18":1,"19":0,"20":2,"21":2,"22":1,"23":1,"24":3,"25":3,"26":2,"27":2,"28":2,"29":1,"30":1,"31":1,"32":2,"33":1,"34":2,"35":1,"36":1,"37":2,"38":1,"39":1,"40":1,"41":0,"42":0,"43":0,"44":0,"45":0,"46":0,"47":0,"48":0,"49":0,"50":0,"51":0,"52":0,"53":0,"54":1,"55":2,"56":2,"57":1,"58":1,"59":1,"60":2,"61":0,"62":0,"63":0,"64":0,"65":0,"66":2,"67":2,"68":1,"69":1,"70":2,"71":2,"72":1,"73":1,"74":2,"75":2,"76":1,"77":1,"78":1,"79":1,"80":0,"81":0,"82":1,"83":1,"84":2,"85":2,"86":1,"87":1,"88":3,"89":3,"90":1,"91":1,"92":2,"93":2,"94":1,"95":1,"96":2,"97":2,"98":1,"99":1,"100":1,"101":1,"102":1,"103":0,"104":1,"105":0,"106":0,"107":0,"108":0,"109":0,"110":0},"f":{"0":3,"1":4,"2":3,"3":3,"4":2,"5":1,"6":1,"7":1,"8":2,"9":2,"10":2,"11":2,"12":1,"13":2,"14":3,"15":2,"16":2,"17":0,"18":0,"19":0},"b":{"0":[0,2],"1":[0,0],"2":[0,1],"3":[1,1],"4":[2,1],"5":[2,1],"6":[1,1],"7":[1,0],"8":[1,1],"9":[0,1],"10":[0,0],"11":[0,0],"12":[0,0],"13":[0,0],"14":[0,0],"15":[0,0],"16":[0,0],"17":[0,0],"18":[1,1],"19":[0,2],"20":[2],"21":[1,1],"22":[1,0],"23":[0,1],"24":[1,1],"25":[0,1]},"_coverageSchema":"1a1c01bbd47fc00a2c39e90264f33305004495a9","hash":"663e7e659c6cd46846f876b30e7cc673bfcaa440"}
,"/Users/mattward/Desktop/Projects/med-chat/public/js/events.js": {"path":"/Users/mattward/Desktop/Projects/med-chat/public/js/events.js","statementMap":{"0":{"start":{"line":38,"column":33},"end":{"line":38,"column":37}},"1":{"start":{"line":39,"column":30},"end":{"line":39,"column":33}},"2":{"start":{"line":40,"column":43},"end":{"line":40,"column":46}},"3":{"start":{"line":42,"column":18},"end":{"line":42,"column":23}},"4":{"start":{"line":45,"column":33},"end":{"line":45,"column":37}},"5":{"start":{"line":46,"column":30},"end":{"line":46,"column":34}},"6":{"start":{"line":58,"column":6},"end":{"line":58,"column":18}},"7":{"start":{"line":60,"column":26},"end":{"line":60,"column":64}},"8":{"start":{"line":61,"column":25},"end":{"line":61,"column":68}},"9":{"start":{"line":63,"column":2},"end":{"line":78,"column":3}},"10":{"start":{"line":64,"column":4},"end":{"line":68,"column":6}},"11":{"start":{"line":65,"column":6},"end":{"line":67,"column":7}},"12":{"start":{"line":66,"column":8},"end":{"line":66,"column":56}},"13":{"start":{"line":69,"column":4},"end":{"line":69,"column":77}},"14":{"start":{"line":71,"column":4},"end":{"line":73,"column":6}},"15":{"start":{"line":72,"column":6},"end":{"line":72,"column":54}},"16":{"start":{"line":74,"column":4},"end":{"line":74,"column":70}},"17":{"start":{"line":76,"column":4},"end":{"line":76,"column":57}},"18":{"start":{"line":77,"column":4},"end":{"line":77,"column":45}},"19":{"start":{"line":81,"column":29},"end":{"line":81,"column":76}},"20":{"start":{"line":82,"column":2},"end":{"line":86,"column":3}},"21":{"start":{"line":83,"column":4},"end":{"line":83,"column":95}},"22":{"start":{"line":83,"column":55},"end":{"line":83,"column":93}},"23":{"start":{"line":85,"column":4},"end":{"line":85,"column":48}},"24":{"start":{"line":89,"column":30},"end":{"line":89,"column":78}},"25":{"start":{"line":90,"column":2},"end":{"line":94,"column":3}},"26":{"start":{"line":91,"column":4},"end":{"line":91,"column":102}},"27":{"start":{"line":91,"column":62},"end":{"line":91,"column":100}},"28":{"start":{"line":93,"column":4},"end":{"line":93,"column":46}},"29":{"start":{"line":97,"column":2},"end":{"line":97,"column":34}},"30":{"start":{"line":100,"column":2},"end":{"line":100,"column":28}},"31":{"start":{"line":103,"column":22},"end":{"line":103,"column":57}},"32":{"start":{"line":104,"column":2},"end":{"line":108,"column":3}},"33":{"start":{"line":105,"column":4},"end":{"line":105,"column":64}},"34":{"start":{"line":107,"column":4},"end":{"line":107,"column":37}},"35":{"start":{"line":111,"column":2},"end":{"line":111,"column":36}},"36":{"start":{"line":116,"column":2},"end":{"line":138,"column":3}},"37":{"start":{"line":117,"column":4},"end":{"line":132,"column":7}},"38":{"start":{"line":119,"column":30},"end":{"line":119,"column":68}},"39":{"start":{"line":120,"column":29},"end":{"line":120,"column":72}},"40":{"start":{"line":122,"column":6},"end":{"line":124,"column":7}},"41":{"start":{"line":123,"column":8},"end":{"line":123,"column":84}},"42":{"start":{"line":126,"column":6},"end":{"line":128,"column":7}},"43":{"start":{"line":127,"column":8},"end":{"line":127,"column":77}},"44":{"start":{"line":131,"column":6},"end":{"line":131,"column":48}},"45":{"start":{"line":134,"column":4},"end":{"line":137,"column":7}},"46":{"start":{"line":135,"column":6},"end":{"line":135,"column":38}},"47":{"start":{"line":136,"column":6},"end":{"line":136,"column":40}},"48":{"start":{"line":148,"column":15},"end":{"line":148,"column":63}},"49":{"start":{"line":149,"column":2},"end":{"line":149,"column":24}},"50":{"start":{"line":149,"column":15},"end":{"line":149,"column":22}},"51":{"start":{"line":151,"column":17},"end":{"line":151,"column":57}},"52":{"start":{"line":153,"column":2},"end":{"line":156,"column":5}},"53":{"start":{"line":154,"column":4},"end":{"line":154,"column":83}},"54":{"start":{"line":154,"column":47},"end":{"line":154,"column":81}},"55":{"start":{"line":155,"column":4},"end":{"line":155,"column":82}},"56":{"start":{"line":155,"column":46},"end":{"line":155,"column":80}},"57":{"start":{"line":174,"column":6},"end":{"line":174,"column":18}},"58":{"start":{"line":176,"column":16},"end":{"line":176,"column":28}},"59":{"start":{"line":177,"column":16},"end":{"line":177,"column":34}},"60":{"start":{"line":178,"column":25},"end":{"line":178,"column":47}},"61":{"start":{"line":179,"column":16},"end":{"line":179,"column":20}},"62":{"start":{"line":180,"column":21},"end":{"line":180,"column":23}},"63":{"start":{"line":182,"column":2},"end":{"line":210,"column":3}},"64":{"start":{"line":184,"column":6},"end":{"line":184,"column":45}},"65":{"start":{"line":185,"column":6},"end":{"line":185,"column":84}},"66":{"start":{"line":186,"column":6},"end":{"line":186,"column":12}},"67":{"start":{"line":188,"column":6},"end":{"line":188,"column":38}},"68":{"start":{"line":189,"column":6},"end":{"line":189,"column":40}},"69":{"start":{"line":190,"column":6},"end":{"line":190,"column":12}},"70":{"start":{"line":192,"column":6},"end":{"line":192,"column":39}},"71":{"start":{"line":193,"column":6},"end":{"line":193,"column":58}},"72":{"start":{"line":194,"column":6},"end":{"line":194,"column":12}},"73":{"start":{"line":196,"column":6},"end":{"line":196,"column":38}},"74":{"start":{"line":197,"column":6},"end":{"line":197,"column":58}},"75":{"start":{"line":198,"column":6},"end":{"line":198,"column":12}},"76":{"start":{"line":200,"column":6},"end":{"line":200,"column":39}},"77":{"start":{"line":201,"column":6},"end":{"line":201,"column":41}},"78":{"start":{"line":202,"column":6},"end":{"line":202,"column":12}},"79":{"start":{"line":204,"column":6},"end":{"line":204,"column":41}},"80":{"start":{"line":205,"column":6},"end":{"line":205,"column":43}},"81":{"start":{"line":206,"column":6},"end":{"line":206,"column":12}},"82":{"start":{"line":208,"column":6},"end":{"line":208,"column":21}},"83":{"start":{"line":209,"column":6},"end":{"line":209,"column":24}},"84":{"start":{"line":212,"column":23},"end":{"line":212,"column":89}},"85":{"start":{"line":213,"column":2},"end":{"line":221,"column":3}},"86":{"start":{"line":214,"column":4},"end":{"line":220,"column":5}},"87":{"start":{"line":215,"column":6},"end":{"line":215,"column":46}},"88":{"start":{"line":216,"column":6},"end":{"line":216,"column":37}},"89":{"start":{"line":218,"column":6},"end":{"line":218,"column":36}},"90":{"start":{"line":219,"column":6},"end":{"line":219,"column":40}},"91":{"start":{"line":223,"column":2},"end":{"line":223,"column":17}},"92":{"start":{"line":234,"column":17},"end":{"line":234,"column":57}},"93":{"start":{"line":235,"column":16},"end":{"line":235,"column":20}},"94":{"start":{"line":237,"column":2},"end":{"line":241,"column":5}},"95":{"start":{"line":238,"column":4},"end":{"line":240,"column":5}},"96":{"start":{"line":239,"column":6},"end":{"line":239,"column":22}},"97":{"start":{"line":243,"column":2},"end":{"line":243,"column":17}},"98":{"start":{"line":253,"column":51},"end":{"line":253,"column":63}},"99":{"start":{"line":255,"column":21},"end":{"line":255,"column":59}},"100":{"start":{"line":256,"column":2},"end":{"line":259,"column":3}},"101":{"start":{"line":257,"column":4},"end":{"line":257,"column":44}},"102":{"start":{"line":258,"column":4},"end":{"line":258,"column":11}},"103":{"start":{"line":260,"column":18},"end":{"line":260,"column":41}},"104":{"start":{"line":262,"column":2},"end":{"line":264,"column":3}},"105":{"start":{"line":263,"column":4},"end":{"line":263,"column":11}},"106":{"start":{"line":266,"column":2},"end":{"line":269,"column":3}},"107":{"start":{"line":267,"column":4},"end":{"line":267,"column":68}},"108":{"start":{"line":268,"column":4},"end":{"line":268,"column":11}},"109":{"start":{"line":271,"column":2},"end":{"line":310,"column":7}},"110":{"start":{"line":274,"column":6},"end":{"line":274,"column":28}},"111":{"start":{"line":277,"column":24},"end":{"line":277,"column":73}},"112":{"start":{"line":278,"column":6},"end":{"line":284,"column":7}},"113":{"start":{"line":279,"column":8},"end":{"line":279,"column":47}},"114":{"start":{"line":280,"column":8},"end":{"line":280,"column":40}},"115":{"start":{"line":281,"column":8},"end":{"line":283,"column":37}},"116":{"start":{"line":282,"column":10},"end":{"line":282,"column":45}},"117":{"start":{"line":287,"column":6},"end":{"line":291,"column":9}},"118":{"start":{"line":294,"column":6},"end":{"line":294,"column":53}},"119":{"start":{"line":300,"column":6},"end":{"line":300,"column":53}},"120":{"start":{"line":302,"column":24},"end":{"line":302,"column":73}},"121":{"start":{"line":303,"column":6},"end":{"line":309,"column":7}},"122":{"start":{"line":304,"column":8},"end":{"line":304,"column":57}},"123":{"start":{"line":305,"column":8},"end":{"line":305,"column":49}},"124":{"start":{"line":306,"column":8},"end":{"line":308,"column":37}},"125":{"start":{"line":307,"column":10},"end":{"line":307,"column":54}},"126":{"start":{"line":320,"column":32},"end":{"line":320,"column":44}},"127":{"start":{"line":321,"column":2},"end":{"line":321,"column":29}},"128":{"start":{"line":322,"column":16},"end":{"line":322,"column":65}},"129":{"start":{"line":323,"column":2},"end":{"line":327,"column":3}},"130":{"start":{"line":324,"column":4},"end":{"line":324,"column":33}},"131":{"start":{"line":326,"column":4},"end":{"line":326,"column":47}},"132":{"start":{"line":336,"column":16},"end":{"line":336,"column":65}},"133":{"start":{"line":337,"column":2},"end":{"line":339,"column":3}},"134":{"start":{"line":338,"column":4},"end":{"line":338,"column":33}},"135":{"start":{"line":348,"column":15},"end":{"line":348,"column":69}},"136":{"start":{"line":349,"column":2},"end":{"line":353,"column":3}},"137":{"start":{"line":350,"column":4},"end":{"line":350,"column":17}},"138":{"start":{"line":351,"column":4},"end":{"line":351,"column":83}},"139":{"start":{"line":351,"column":61},"end":{"line":351,"column":80}},"140":{"start":{"line":352,"column":4},"end":{"line":352,"column":86}},"141":{"start":{"line":352,"column":54},"end":{"line":352,"column":84}},"142":{"start":{"line":363,"column":51},"end":{"line":363,"column":63}},"143":{"start":{"line":364,"column":22},"end":{"line":364,"column":61}},"144":{"start":{"line":365,"column":2},"end":{"line":369,"column":3}},"145":{"start":{"line":366,"column":4},"end":{"line":366,"column":112}},"146":{"start":{"line":366,"column":57},"end":{"line":366,"column":86}},"147":{"start":{"line":368,"column":4},"end":{"line":368,"column":37}},"148":{"start":{"line":380,"column":22},"end":{"line":380,"column":61}},"149":{"start":{"line":381,"column":2},"end":{"line":384,"column":3}},"150":{"start":{"line":382,"column":4},"end":{"line":382,"column":37}},"151":{"start":{"line":383,"column":4},"end":{"line":383,"column":11}},"152":{"start":{"line":386,"column":16},"end":{"line":386,"column":40}},"153":{"start":{"line":387,"column":2},"end":{"line":390,"column":3}},"154":{"start":{"line":388,"column":4},"end":{"line":388,"column":30}},"155":{"start":{"line":389,"column":4},"end":{"line":389,"column":11}},"156":{"start":{"line":392,"column":2},"end":{"line":398,"column":3}},"157":{"start":{"line":393,"column":20},"end":{"line":393,"column":59}},"158":{"start":{"line":394,"column":4},"end":{"line":394,"column":33}},"159":{"start":{"line":396,"column":4},"end":{"line":396,"column":53}},"160":{"start":{"line":397,"column":4},"end":{"line":397,"column":46}},"161":{"start":{"line":407,"column":22},"end":{"line":407,"column":57}},"162":{"start":{"line":408,"column":2},"end":{"line":411,"column":3}},"163":{"start":{"line":409,"column":4},"end":{"line":409,"column":34}},"164":{"start":{"line":410,"column":4},"end":{"line":410,"column":11}},"165":{"start":{"line":413,"column":2},"end":{"line":420,"column":3}},"166":{"start":{"line":417,"column":4},"end":{"line":417,"column":35}},"167":{"start":{"line":419,"column":4},"end":{"line":419,"column":36}},"168":{"start":{"line":429,"column":25},"end":{"line":429,"column":67}},"169":{"start":{"line":430,"column":19},"end":{"line":430,"column":54}},"170":{"start":{"line":431,"column":23},"end":{"line":431,"column":63}},"171":{"start":{"line":432,"column":24},"end":{"line":432,"column":65}},"172":{"start":{"line":433,"column":25},"end":{"line":433,"column":67}},"173":{"start":{"line":435,"column":2},"end":{"line":435,"column":65}},"174":{"start":{"line":435,"column":24},"end":{"line":435,"column":63}},"175":{"start":{"line":436,"column":2},"end":{"line":436,"column":52}},"176":{"start":{"line":436,"column":18},"end":{"line":436,"column":50}},"177":{"start":{"line":437,"column":2},"end":{"line":437,"column":60}},"178":{"start":{"line":437,"column":22},"end":{"line":437,"column":58}},"179":{"start":{"line":438,"column":2},"end":{"line":438,"column":62}},"180":{"start":{"line":438,"column":23},"end":{"line":438,"column":60}},"181":{"start":{"line":439,"column":2},"end":{"line":439,"column":64}},"182":{"start":{"line":439,"column":24},"end":{"line":439,"column":62}},"183":{"start":{"line":449,"column":2},"end":{"line":451,"column":5}},"184":{"start":{"line":450,"column":4},"end":{"line":450,"column":38}},"185":{"start":{"line":452,"column":31},"end":{"line":452,"column":69}},"186":{"start":{"line":453,"column":2},"end":{"line":460,"column":3}},"187":{"start":{"line":454,"column":4},"end":{"line":454,"column":51}},"188":{"start":{"line":455,"column":4},"end":{"line":455,"column":52}},"189":{"start":{"line":456,"column":24},"end":{"line":456,"column":75}},"190":{"start":{"line":457,"column":4},"end":{"line":459,"column":5}},"191":{"start":{"line":458,"column":6},"end":{"line":458,"column":27}},"192":{"start":{"line":471,"column":21},"end":{"line":471,"column":50}},"193":{"start":{"line":472,"column":15},"end":{"line":472,"column":59}},"194":{"start":{"line":473,"column":16},"end":{"line":473,"column":38}},"195":{"start":{"line":474,"column":22},"end":{"line":474,"column":50}},"196":{"start":{"line":475,"column":14},"end":{"line":475,"column":34}},"197":{"start":{"line":476,"column":21},"end":{"line":476,"column":43}},"198":{"start":{"line":478,"column":2},"end":{"line":478,"column":75}},"199":{"start":{"line":479,"column":2},"end":{"line":479,"column":22}},"200":{"start":{"line":489,"column":2},"end":{"line":501,"column":3}},"201":{"start":{"line":490,"column":21},"end":{"line":490,"column":78}},"202":{"start":{"line":491,"column":4},"end":{"line":491,"column":29}},"203":{"start":{"line":492,"column":24},"end":{"line":492,"column":59}},"204":{"start":{"line":493,"column":4},"end":{"line":496,"column":5}},"205":{"start":{"line":494,"column":6},"end":{"line":494,"column":42}},"206":{"start":{"line":495,"column":6},"end":{"line":495,"column":55}},"207":{"start":{"line":497,"column":4},"end":{"line":497,"column":23}},"208":{"start":{"line":499,"column":4},"end":{"line":499,"column":53}},"209":{"start":{"line":500,"column":4},"end":{"line":500,"column":43}},"210":{"start":{"line":511,"column":2},"end":{"line":511,"column":55}},"211":{"start":{"line":512,"column":2},"end":{"line":518,"column":3}},"212":{"start":{"line":513,"column":4},"end":{"line":513,"column":70}},"213":{"start":{"line":514,"column":4},"end":{"line":514,"column":78}},"214":{"start":{"line":516,"column":4},"end":{"line":516,"column":64}},"215":{"start":{"line":517,"column":4},"end":{"line":517,"column":37}},"216":{"start":{"line":528,"column":34},"end":{"line":577,"column":38}},"217":{"start":{"line":533,"column":6},"end":{"line":533,"column":18}},"218":{"start":{"line":535,"column":2},"end":{"line":537,"column":3}},"219":{"start":{"line":536,"column":4},"end":{"line":536,"column":11}},"220":{"start":{"line":539,"column":2},"end":{"line":539,"column":21}},"221":{"start":{"line":540,"column":2},"end":{"line":540,"column":60}},"222":{"start":{"line":542,"column":2},"end":{"line":547,"column":3}},"223":{"start":{"line":543,"column":4},"end":{"line":543,"column":48}},"224":{"start":{"line":544,"column":4},"end":{"line":544,"column":63}},"225":{"start":{"line":545,"column":4},"end":{"line":545,"column":24}},"226":{"start":{"line":546,"column":4},"end":{"line":546,"column":11}},"227":{"start":{"line":549,"column":2},"end":{"line":549,"column":25}},"228":{"start":{"line":550,"column":2},"end":{"line":550,"column":32}},"229":{"start":{"line":551,"column":2},"end":{"line":551,"column":77}},"230":{"start":{"line":553,"column":2},"end":{"line":553,"column":37}},"231":{"start":{"line":555,"column":2},"end":{"line":576,"column":3}},"232":{"start":{"line":556,"column":4},"end":{"line":556,"column":60}},"233":{"start":{"line":557,"column":25},"end":{"line":557,"column":65}},"234":{"start":{"line":558,"column":4},"end":{"line":558,"column":63}},"235":{"start":{"line":560,"column":4},"end":{"line":560,"column":37}},"236":{"start":{"line":561,"column":4},"end":{"line":561,"column":49}},"237":{"start":{"line":563,"column":4},"end":{"line":567,"column":5}},"238":{"start":{"line":564,"column":6},"end":{"line":566,"column":9}},"239":{"start":{"line":565,"column":8},"end":{"line":565,"column":60}},"240":{"start":{"line":569,"column":4},"end":{"line":569,"column":38}},"241":{"start":{"line":571,"column":4},"end":{"line":571,"column":35}},"242":{"start":{"line":573,"column":27},"end":{"line":573,"column":69}},"243":{"start":{"line":574,"column":4},"end":{"line":574,"column":66}},"244":{"start":{"line":574,"column":26},"end":{"line":574,"column":64}},"245":{"start":{"line":575,"column":4},"end":{"line":575,"column":24}},"246":{"start":{"line":585,"column":30},"end":{"line":585,"column":53}},"247":{"start":{"line":586,"column":2},"end":{"line":586,"column":33}},"248":{"start":{"line":587,"column":24},"end":{"line":587,"column":65}},"249":{"start":{"line":588,"column":19},"end":{"line":588,"column":54}},"250":{"start":{"line":589,"column":23},"end":{"line":589,"column":63}},"251":{"start":{"line":590,"column":25},"end":{"line":590,"column":67}},"252":{"start":{"line":592,"column":2},"end":{"line":595,"column":3}},"253":{"start":{"line":593,"column":4},"end":{"line":593,"column":33}},"254":{"start":{"line":594,"column":4},"end":{"line":594,"column":41}},"255":{"start":{"line":596,"column":2},"end":{"line":599,"column":3}},"256":{"start":{"line":597,"column":4},"end":{"line":597,"column":28}},"257":{"start":{"line":598,"column":4},"end":{"line":598,"column":36}},"258":{"start":{"line":600,"column":2},"end":{"line":602,"column":3}},"259":{"start":{"line":601,"column":4},"end":{"line":601,"column":40}},"260":{"start":{"line":603,"column":2},"end":{"line":605,"column":3}},"261":{"start":{"line":604,"column":4},"end":{"line":604,"column":42}},"262":{"start":{"line":608,"column":2},"end":{"line":610,"column":5}},"263":{"start":{"line":609,"column":4},"end":{"line":609,"column":38}},"264":{"start":{"line":613,"column":2},"end":{"line":613,"column":22}},"265":{"start":{"line":616,"column":2},"end":{"line":618,"column":3}},"266":{"start":{"line":617,"column":4},"end":{"line":617,"column":52}},"267":{"start":{"line":629,"column":32},"end":{"line":629,"column":44}},"268":{"start":{"line":630,"column":23},"end":{"line":630,"column":79}},"269":{"start":{"line":631,"column":2},"end":{"line":646,"column":3}},"270":{"start":{"line":632,"column":4},"end":{"line":632,"column":33}},"271":{"start":{"line":633,"column":4},"end":{"line":633,"column":93}},"272":{"start":{"line":634,"column":4},"end":{"line":634,"column":22}},"273":{"start":{"line":636,"column":4},"end":{"line":645,"column":5}},"274":{"start":{"line":637,"column":6},"end":{"line":637,"column":36}},"275":{"start":{"line":638,"column":6},"end":{"line":638,"column":59}},"276":{"start":{"line":640,"column":6},"end":{"line":640,"column":60}},"277":{"start":{"line":641,"column":6},"end":{"line":641,"column":64}},"278":{"start":{"line":642,"column":6},"end":{"line":642,"column":36}},"279":{"start":{"line":643,"column":6},"end":{"line":643,"column":83}},"280":{"start":{"line":644,"column":6},"end":{"line":644,"column":24}},"281":{"start":{"line":656,"column":114},"end":{"line":656,"column":126}},"282":{"start":{"line":657,"column":33},"end":{"line":657,"column":73}},"283":{"start":{"line":658,"column":2},"end":{"line":681,"column":3}},"284":{"start":{"line":659,"column":4},"end":{"line":677,"column":7}},"285":{"start":{"line":660,"column":27},"end":{"line":660,"column":62}},"286":{"start":{"line":661,"column":6},"end":{"line":676,"column":7}},"287":{"start":{"line":662,"column":8},"end":{"line":662,"column":31}},"288":{"start":{"line":663,"column":8},"end":{"line":663,"column":32}},"289":{"start":{"line":664,"column":24},"end":{"line":664,"column":44}},"290":{"start":{"line":665,"column":8},"end":{"line":667,"column":9}},"291":{"start":{"line":666,"column":10},"end":{"line":666,"column":57}},"292":{"start":{"line":669,"column":36},"end":{"line":669,"column":73}},"293":{"start":{"line":670,"column":8},"end":{"line":675,"column":9}},"294":{"start":{"line":671,"column":26},"end":{"line":671,"column":53}},"295":{"start":{"line":672,"column":10},"end":{"line":674,"column":11}},"296":{"start":{"line":673,"column":12},"end":{"line":673,"column":50}},"297":{"start":{"line":678,"column":4},"end":{"line":678,"column":58}},"298":{"start":{"line":680,"column":4},"end":{"line":680,"column":48}},"299":{"start":{"line":698,"column":6},"end":{"line":698,"column":18}},"300":{"start":{"line":700,"column":2},"end":{"line":700,"column":25}},"301":{"start":{"line":701,"column":15},"end":{"line":701,"column":27}},"302":{"start":{"line":703,"column":2},"end":{"line":741,"column":3}},"303":{"start":{"line":704,"column":24},"end":{"line":704,"column":53}},"304":{"start":{"line":705,"column":20},"end":{"line":705,"column":45}},"305":{"start":{"line":706,"column":17},"end":{"line":706,"column":39}},"306":{"start":{"line":707,"column":18},"end":{"line":707,"column":41}},"307":{"start":{"line":708,"column":16},"end":{"line":708,"column":37}},"308":{"start":{"line":709,"column":23},"end":{"line":709,"column":46}},"309":{"start":{"line":711,"column":4},"end":{"line":740,"column":9}},"310":{"start":{"line":721,"column":8},"end":{"line":733,"column":9}},"311":{"start":{"line":722,"column":32},"end":{"line":724,"column":11}},"312":{"start":{"line":725,"column":10},"end":{"line":728,"column":11}},"313":{"start":{"line":726,"column":12},"end":{"line":726,"column":28}},"314":{"start":{"line":727,"column":12},"end":{"line":727,"column":62}},"315":{"start":{"line":730,"column":10},"end":{"line":730,"column":39}},"316":{"start":{"line":731,"column":10},"end":{"line":731,"column":26}},"317":{"start":{"line":732,"column":10},"end":{"line":732,"column":60}},"318":{"start":{"line":735,"column":8},"end":{"line":735,"column":38}},"319":{"start":{"line":738,"column":8},"end":{"line":738,"column":61}},"320":{"start":{"line":739,"column":8},"end":{"line":739,"column":71}},"321":{"start":{"line":747,"column":0},"end":{"line":772,"column":1}},"322":{"start":{"line":748,"column":2},"end":{"line":765,"column":5}},"323":{"start":{"line":750,"column":28},"end":{"line":750,"column":66}},"324":{"start":{"line":751,"column":27},"end":{"line":751,"column":70}},"325":{"start":{"line":753,"column":4},"end":{"line":755,"column":5}},"326":{"start":{"line":754,"column":6},"end":{"line":754,"column":82}},"327":{"start":{"line":757,"column":4},"end":{"line":759,"column":5}},"328":{"start":{"line":758,"column":6},"end":{"line":758,"column":75}},"329":{"start":{"line":764,"column":4},"end":{"line":764,"column":43}},"330":{"start":{"line":767,"column":2},"end":{"line":771,"column":5}},"331":{"start":{"line":769,"column":4},"end":{"line":769,"column":33}},"332":{"start":{"line":770,"column":4},"end":{"line":770,"column":26}}},"fnMap":{"0":{"name":"setupEventListeners","decl":{"start":{"line":54,"column":16},"end":{"line":54,"column":35}},"loc":{"start":{"line":54,"column":55},"end":{"line":139,"column":1}},"line":54},"1":{"name":"(anonymous_1)","decl":{"start":{"line":64,"column":33},"end":{"line":64,"column":34}},"loc":{"start":{"line":64,"column":40},"end":{"line":68,"column":5}},"line":64},"2":{"name":"(anonymous_2)","decl":{"start":{"line":71,"column":30},"end":{"line":71,"column":31}},"loc":{"start":{"line":71,"column":36},"end":{"line":73,"column":5}},"line":71},"3":{"name":"(anonymous_3)","decl":{"start":{"line":83,"column":49},"end":{"line":83,"column":50}},"loc":{"start":{"line":83,"column":55},"end":{"line":83,"column":93}},"line":83},"4":{"name":"(anonymous_4)","decl":{"start":{"line":91,"column":51},"end":{"line":91,"column":52}},"loc":{"start":{"line":91,"column":62},"end":{"line":91,"column":100}},"line":91},"5":{"name":"(anonymous_5)","decl":{"start":{"line":117,"column":23},"end":{"line":117,"column":24}},"loc":{"start":{"line":117,"column":29},"end":{"line":132,"column":5}},"line":117},"6":{"name":"(anonymous_6)","decl":{"start":{"line":134,"column":22},"end":{"line":134,"column":23}},"loc":{"start":{"line":134,"column":28},"end":{"line":137,"column":5}},"line":134},"7":{"name":"setupFormValidation","decl":{"start":{"line":147,"column":9},"end":{"line":147,"column":28}},"loc":{"start":{"line":147,"column":43},"end":{"line":157,"column":1}},"line":147},"8":{"name":"(anonymous_8)","decl":{"start":{"line":153,"column":17},"end":{"line":153,"column":18}},"loc":{"start":{"line":153,"column":28},"end":{"line":156,"column":3}},"line":153},"9":{"name":"(anonymous_9)","decl":{"start":{"line":154,"column":36},"end":{"line":154,"column":37}},"loc":{"start":{"line":154,"column":47},"end":{"line":154,"column":81}},"line":154},"10":{"name":"(anonymous_10)","decl":{"start":{"line":155,"column":35},"end":{"line":155,"column":36}},"loc":{"start":{"line":155,"column":46},"end":{"line":155,"column":80}},"line":155},"11":{"name":"validateInput","decl":{"start":{"line":166,"column":16},"end":{"line":166,"column":29}},"loc":{"start":{"line":166,"column":56},"end":{"line":224,"column":1}},"line":166},"12":{"name":"validateForm","decl":{"start":{"line":233,"column":16},"end":{"line":233,"column":28}},"loc":{"start":{"line":233,"column":54},"end":{"line":244,"column":1}},"line":233},"13":{"name":"(anonymous_13)","decl":{"start":{"line":237,"column":17},"end":{"line":237,"column":18}},"loc":{"start":{"line":237,"column":28},"end":{"line":241,"column":3}},"line":237},"14":{"name":"handleSendMessage","decl":{"start":{"line":252,"column":16},"end":{"line":252,"column":33}},"loc":{"start":{"line":252,"column":53},"end":{"line":311,"column":1}},"line":252},"15":{"name":"(anonymous_15)","decl":{"start":{"line":273,"column":10},"end":{"line":273,"column":11}},"loc":{"start":{"line":273,"column":16},"end":{"line":298,"column":5}},"line":273},"16":{"name":"(anonymous_16)","decl":{"start":{"line":281,"column":19},"end":{"line":281,"column":20}},"loc":{"start":{"line":281,"column":25},"end":{"line":283,"column":9}},"line":281},"17":{"name":"(anonymous_17)","decl":{"start":{"line":299,"column":11},"end":{"line":299,"column":12}},"loc":{"start":{"line":299,"column":22},"end":{"line":310,"column":5}},"line":299},"18":{"name":"(anonymous_18)","decl":{"start":{"line":306,"column":19},"end":{"line":306,"column":20}},"loc":{"start":{"line":306,"column":25},"end":{"line":308,"column":9}},"line":306},"19":{"name":"openNewConversationModal","decl":{"start":{"line":319,"column":16},"end":{"line":319,"column":40}},"loc":{"start":{"line":319,"column":60},"end":{"line":328,"column":1}},"line":319},"20":{"name":"closeModal","decl":{"start":{"line":335,"column":16},"end":{"line":335,"column":26}},"loc":{"start":{"line":335,"column":29},"end":{"line":340,"column":1}},"line":335},"21":{"name":"clearNewConversationForm","decl":{"start":{"line":347,"column":9},"end":{"line":347,"column":33}},"loc":{"start":{"line":347,"column":36},"end":{"line":354,"column":1}},"line":347},"22":{"name":"(anonymous_22)","decl":{"start":{"line":351,"column":52},"end":{"line":351,"column":53}},"loc":{"start":{"line":351,"column":61},"end":{"line":351,"column":80}},"line":351},"23":{"name":"(anonymous_23)","decl":{"start":{"line":352,"column":46},"end":{"line":352,"column":47}},"loc":{"start":{"line":352,"column":54},"end":{"line":352,"column":84}},"line":352},"24":{"name":"setupSearch","decl":{"start":{"line":362,"column":9},"end":{"line":362,"column":20}},"loc":{"start":{"line":362,"column":40},"end":{"line":370,"column":1}},"line":362},"25":{"name":"(anonymous_25)","decl":{"start":{"line":366,"column":51},"end":{"line":366,"column":52}},"loc":{"start":{"line":366,"column":57},"end":{"line":366,"column":86}},"line":366},"26":{"name":"performSearch","decl":{"start":{"line":379,"column":22},"end":{"line":379,"column":35}},"loc":{"start":{"line":379,"column":64},"end":{"line":399,"column":1}},"line":379},"27":{"name":"checkScrollPosition","decl":{"start":{"line":406,"column":16},"end":{"line":406,"column":35}},"loc":{"start":{"line":406,"column":38},"end":{"line":421,"column":1}},"line":406},"28":{"name":"updateUIForConversationSelection","decl":{"start":{"line":428,"column":9},"end":{"line":428,"column":41}},"loc":{"start":{"line":428,"column":44},"end":{"line":440,"column":1}},"line":428},"29":{"name":"updateConversationSelection","decl":{"start":{"line":448,"column":9},"end":{"line":448,"column":36}},"loc":{"start":{"line":448,"column":42},"end":{"line":461,"column":1}},"line":448},"30":{"name":"(anonymous_30)","decl":{"start":{"line":449,"column":53},"end":{"line":449,"column":54}},"loc":{"start":{"line":449,"column":63},"end":{"line":451,"column":3}},"line":449},"31":{"name":"updateConversationDetails","decl":{"start":{"line":470,"column":9},"end":{"line":470,"column":34}},"loc":{"start":{"line":470,"column":54},"end":{"line":480,"column":1}},"line":470},"32":{"name":"fetchAndRenderMessages","decl":{"start":{"line":488,"column":15},"end":{"line":488,"column":37}},"loc":{"start":{"line":488,"column":43},"end":{"line":502,"column":1}},"line":488},"33":{"name":"handleConversationError","decl":{"start":{"line":510,"column":9},"end":{"line":510,"column":32}},"loc":{"start":{"line":510,"column":40},"end":{"line":519,"column":1}},"line":510},"34":{"name":"(anonymous_34)","decl":{"start":{"line":528,"column":43},"end":{"line":528,"column":44}},"loc":{"start":{"line":528,"column":77},"end":{"line":577,"column":1}},"line":528},"35":{"name":"(anonymous_35)","decl":{"start":{"line":564,"column":49},"end":{"line":564,"column":50}},"loc":{"start":{"line":564,"column":60},"end":{"line":566,"column":7}},"line":564},"36":{"name":"closeConversation","decl":{"start":{"line":584,"column":16},"end":{"line":584,"column":33}},"loc":{"start":{"line":584,"column":36},"end":{"line":619,"column":1}},"line":584},"37":{"name":"(anonymous_37)","decl":{"start":{"line":608,"column":53},"end":{"line":608,"column":54}},"loc":{"start":{"line":608,"column":63},"end":{"line":610,"column":3}},"line":608},"38":{"name":"handleDeleteConversation","decl":{"start":{"line":628,"column":22},"end":{"line":628,"column":46}},"loc":{"start":{"line":628,"column":71},"end":{"line":647,"column":1}},"line":628},"39":{"name":"setupConversationListeners","decl":{"start":{"line":655,"column":16},"end":{"line":655,"column":42}},"loc":{"start":{"line":655,"column":62},"end":{"line":682,"column":1}},"line":655},"40":{"name":"(anonymous_40)","decl":{"start":{"line":659,"column":53},"end":{"line":659,"column":54}},"loc":{"start":{"line":659,"column":64},"end":{"line":677,"column":5}},"line":659},"41":{"name":"startConversation","decl":{"start":{"line":691,"column":16},"end":{"line":691,"column":33}},"loc":{"start":{"line":691,"column":60},"end":{"line":742,"column":1}},"line":691},"42":{"name":"(anonymous_42)","decl":{"start":{"line":720,"column":12},"end":{"line":720,"column":13}},"loc":{"start":{"line":720,"column":32},"end":{"line":736,"column":7}},"line":720},"43":{"name":"(anonymous_43)","decl":{"start":{"line":737,"column":13},"end":{"line":737,"column":14}},"loc":{"start":{"line":737,"column":24},"end":{"line":740,"column":7}},"line":737},"44":{"name":"(anonymous_44)","decl":{"start":{"line":748,"column":21},"end":{"line":748,"column":22}},"loc":{"start":{"line":748,"column":27},"end":{"line":765,"column":3}},"line":748},"45":{"name":"(anonymous_45)","decl":{"start":{"line":767,"column":20},"end":{"line":767,"column":21}},"loc":{"start":{"line":767,"column":26},"end":{"line":771,"column":3}},"line":767}},"branchMap":{"0":{"loc":{"start":{"line":54,"column":36},"end":{"line":54,"column":53}},"type":"default-arg","locations":[{"start":{"line":54,"column":51},"end":{"line":54,"column":53}}],"line":54},"1":{"loc":{"start":{"line":56,"column":9},"end":{"line":56,"column":21}},"type":"default-arg","locations":[{"start":{"line":56,"column":18},"end":{"line":56,"column":21}}],"line":56},"2":{"loc":{"start":{"line":57,"column":9},"end":{"line":57,"column":21}},"type":"default-arg","locations":[{"start":{"line":57,"column":18},"end":{"line":57,"column":21}}],"line":57},"3":{"loc":{"start":{"line":63,"column":2},"end":{"line":78,"column":3}},"type":"if","locations":[{"start":{"line":63,"column":2},"end":{"line":78,"column":3}},{"start":{"line":75,"column":9},"end":{"line":78,"column":3}}],"line":63},"4":{"loc":{"start":{"line":63,"column":6},"end":{"line":63,"column":39}},"type":"binary-expr","locations":[{"start":{"line":63,"column":6},"end":{"line":63,"column":21}},{"start":{"line":63,"column":25},"end":{"line":63,"column":39}}],"line":63},"5":{"loc":{"start":{"line":65,"column":6},"end":{"line":67,"column":7}},"type":"if","locations":[{"start":{"line":65,"column":6},"end":{"line":67,"column":7}},{"start":{},"end":{}}],"line":65},"6":{"loc":{"start":{"line":82,"column":2},"end":{"line":86,"column":3}},"type":"if","locations":[{"start":{"line":82,"column":2},"end":{"line":86,"column":3}},{"start":{"line":84,"column":9},"end":{"line":86,"column":3}}],"line":82},"7":{"loc":{"start":{"line":90,"column":2},"end":{"line":94,"column":3}},"type":"if","locations":[{"start":{"line":90,"column":2},"end":{"line":94,"column":3}},{"start":{"line":92,"column":9},"end":{"line":94,"column":3}}],"line":90},"8":{"loc":{"start":{"line":104,"column":2},"end":{"line":108,"column":3}},"type":"if","locations":[{"start":{"line":104,"column":2},"end":{"line":108,"column":3}},{"start":{"line":106,"column":9},"end":{"line":108,"column":3}}],"line":1
[...]
:{"line":135,"column":73},"end":{"line":135,"column":75}}],"line":135},"9":{"loc":{"start":{"line":146,"column":16},"end":{"line":146,"column":58}},"type":"binary-expr","locations":[{"start":{"line":146,"column":16},"end":{"line":146,"column":52}},{"start":{"line":146,"column":56},"end":{"line":146,"column":58}}],"line":146},"10":{"loc":{"start":{"line":176,"column":2},"end":{"line":178,"column":3}},"type":"if","locations":[{"start":{"line":176,"column":2},"end":{"line":178,"column":3}},{"start":{},"end":{}}],"line":176},"11":{"loc":{"start":{"line":176,"column":6},"end":{"line":176,"column":72}},"type":"binary-expr","locations":[{"start":{"line":176,"column":6},"end":{"line":176,"column":21}},{"start":{"line":176,"column":25},"end":{"line":176,"column":72}}],"line":176},"12":{"loc":{"start":{"line":214,"column":23},"end":{"line":214,"column":78}},"type":"cond-expr","locations":[{"start":{"line":214,"column":62},"end":{"line":214,"column":69}},{"start":{"line":214,"column":72},"end":{"line":214,"column":78}}],"line":214},"13":{"loc":{"start":{"line":225,"column":2},"end":{"line":227,"column":3}},"type":"if","locations":[{"start":{"line":225,"column":2},"end":{"line":227,"column":3}},{"start":{},"end":{}}],"line":225},"14":{"loc":{"start":{"line":272,"column":39},"end":{"line":272,"column":56}},"type":"binary-expr","locations":[{"start":{"line":272,"column":39},"end":{"line":272,"column":43}},{"start":{"line":272,"column":47},"end":{"line":272,"column":56}}],"line":272},"15":{"loc":{"start":{"line":277,"column":26},"end":{"line":277,"column":46}},"type":"binary-expr","locations":[{"start":{"line":277,"column":26},"end":{"line":277,"column":37}},{"start":{"line":277,"column":41},"end":{"line":277,"column":46}}],"line":277},"16":{"loc":{"start":{"line":284,"column":20},"end":{"line":284,"column":34}},"type":"binary-expr","locations":[{"start":{"line":284,"column":20},"end":{"line":284,"column":25}},{"start":{"line":284,"column":29},"end":{"line":284,"column":34}}],"line":284},"17":{"loc":{"start":{"line":291,"column":31},"end":{"line":291,"column":43}},"type":"binary-expr","locations":[{"start":{"line":291,"column":31},"end":{"line":291,"column":34}},{"start":{"line":291,"column":38},"end":{"line":291,"column":43}}],"line":291},"18":{"loc":{"start":{"line":295,"column":33},"end":{"line":295,"column":47}},"type":"binary-expr","locations":[{"start":{"line":295,"column":33},"end":{"line":295,"column":38}},{"start":{"line":295,"column":42},"end":{"line":295,"column":47}}],"line":295},"19":{"loc":{"start":{"line":361,"column":0},"end":{"line":373,"column":1}},"type":"if","locations":[{"start":{"line":361,"column":0},"end":{"line":373,"column":1}},{"start":{},"end":{}}],"line":361}},"s":{"0":2,"1":2,"2":1,"3":1,"4":1,"5":1,"6":1,"7":1,"8":1,"9":2,"10":2,"11":2,"12":2,"13":2,"14":4,"15":4,"16":4,"17":4,"18":3,"19":4,"20":4,"21":4,"22":4,"23":4,"24":4,"25":3,"26":0,"27":3,"28":3,"29":1,"30":4,"31":4,"32":4,"33":4,"34":4,"35":3,"36":3,"37":3,"38":1,"39":0,"40":0,"41":0,"42":0,"43":0,"44":3,"45":3,"46":3,"47":3,"48":3,"49":3,"50":2,"51":1,"52":1,"53":1,"54":1,"55":1,"56":1,"57":1,"58":0,"59":0,"60":0,"61":0,"62":0,"63":0},"f":{"0":2,"1":2,"2":4,"3":4,"4":4,"5":3,"6":0,"7":0,"8":3,"9":1,"10":1,"11":0,"12":0,"13":0},"b":{"0":[1,0],"1":[3,1],"2":[4,2],"3":[4,0],"4":[0,3],"5":[4,2],"6":[4,0],"7":[2,2],"8":[2,2],"9":[4,2],"10":[1,2],"11":[3,2],"12":[2,1],"13":[2,1],"14":[1,0],"15":[1,0],"16":[1,0],"17":[1,0],"18":[1,0],"19":[0,1]},"_coverageSchema":"1a1c01bbd47fc00a2c39e90264f33305004495a9","hash":"59c561f8212d458cea417499aa37a0ce7bb0a6d2"}
,"/Users/mattward/Desktop/Projects/med-chat/public/js/utils.js": {"path":"/Users/mattward/Desktop/Projects/med-chat/public/js/utils.js","statementMap":{"0":{"start":{"line":5,"column":2},"end":{"line":5,"column":40}},"1":{"start":{"line":9,"column":2},"end":{"line":12,"column":5}},"2":{"start":{"line":16,"column":18},"end":{"line":16,"column":52}},"3":{"start":{"line":17,"column":2},"end":{"line":19,"column":3}},"4":{"start":{"line":18,"column":4},"end":{"line":18,"column":45}},"5":{"start":{"line":23,"column":22},"end":{"line":23,"column":57}},"6":{"start":{"line":24,"column":2},"end":{"line":31,"column":3}},"7":{"start":{"line":28,"column":4},"end":{"line":28,"column":35}},"8":{"start":{"line":30,"column":4},"end":{"line":30,"column":36}},"9":{"start":{"line":35,"column":2},"end":{"line":47,"column":3}},"10":{"start":{"line":36,"column":18},"end":{"line":36,"column":55}},"11":{"start":{"line":37,"column":4},"end":{"line":44,"column":9}},"12":{"start":{"line":40,"column":8},"end":{"line":40,"column":62}},"13":{"start":{"line":43,"column":8},"end":{"line":43,"column":46}},"14":{"start":{"line":46,"column":4},"end":{"line":46,"column":71}},"15":{"start":{"line":52,"column":2},"end":{"line":59,"column":4}},"16":{"start":{"line":53,"column":18},"end":{"line":56,"column":5}},"17":{"start":{"line":54,"column":6},"end":{"line":54,"column":28}},"18":{"start":{"line":55,"column":6},"end":{"line":55,"column":20}},"19":{"start":{"line":57,"column":4},"end":{"line":57,"column":26}},"20":{"start":{"line":58,"column":4},"end":{"line":58,"column":38}},"21":{"start":{"line":63,"column":16},"end":{"line":63,"column":37}},"22":{"start":{"line":64,"column":2},"end":{"line":66,"column":3}},"23":{"start":{"line":65,"column":4},"end":{"line":65,"column":17}},"24":{"start":{"line":68,"column":15},"end":{"line":68,"column":35}},"25":{"start":{"line":69,"column":20},"end":{"line":69,"column":34}},"26":{"start":{"line":71,"column":2},"end":{"line":73,"column":3}},"27":{"start":{"line":72,"column":4},"end":{"line":72,"column":17}},"28":{"start":{"line":75,"column":2},"end":{"line":75,"column":51}},"29":{"start":{"line":79,"column":2},"end":{"line":79,"column":30}},"30":{"start":{"line":84,"column":2},"end":{"line":84,"column":40}},"31":{"start":{"line":88,"column":2},"end":{"line":88,"column":32}},"32":{"start":{"line":92,"column":2},"end":{"line":92,"column":50}},"33":{"start":{"line":98,"column":2},"end":{"line":98,"column":33}},"34":{"start":{"line":102,"column":2},"end":{"line":102,"column":35}}},"fnMap":{"0":{"name":"log","decl":{"start":{"line":4,"column":16},"end":{"line":4,"column":19}},"loc":{"start":{"line":4,"column":40},"end":{"line":6,"column":1}},"line":4},"1":{"name":"formatTime","decl":{"start":{"line":8,"column":16},"end":{"line":8,"column":26}},"loc":{"start":{"line":8,"column":39},"end":{"line":13,"column":1}},"line":8},"2":{"name":"scrollToBottom","decl":{"start":{"line":15,"column":16},"end":{"line":15,"column":30}},"loc":{"start":{"line":15,"column":42},"end":{"line":20,"column":1}},"line":15},"3":{"name":"checkScrollPosition","decl":{"start":{"line":22,"column":16},"end":{"line":22,"column":35}},"loc":{"start":{"line":22,"column":38},"end":{"line":32,"column":1}},"line":22},"4":{"name":"playNotificationSound","decl":{"start":{"line":34,"column":16},"end":{"line":34,"column":37}},"loc":{"start":{"line":34,"column":40},"end":{"line":48,"column":1}},"line":34},"5":{"name":"(anonymous_5)","decl":{"start":{"line":39,"column":12},"end":{"line":39,"column":13}},"loc":{"start":{"line":39,"column":18},"end":{"line":41,"column":7}},"line":39},"6":{"name":"(anonymous_6)","decl":{"start":{"line":42,"column":13},"end":{"line":42,"column":14}},"loc":{"start":{"line":42,"column":24},"end":{"line":44,"column":7}},"line":42},"7":{"name":"debounce","decl":{"start":{"line":50,"column":16},"end":{"line":50,"column":24}},"loc":{"start":{"line":50,"column":37},"end":{"line":60,"column":1}},"line":50},"8":{"name":"executedFunction","decl":{"start":{"line":52,"column":18},"end":{"line":52,"column":34}},"loc":{"start":{"line":52,"column":44},"end":{"line":59,"column":3}},"line":52},"9":{"name":"(anonymous_9)","decl":{"start":{"line":53,"column":18},"end":{"line":53,"column":19}},"loc":{"start":{"line":53,"column":24},"end":{"line":56,"column":5}},"line":53},"10":{"name":"isValidDate","decl":{"start":{"line":62,"column":16},"end":{"line":62,"column":27}},"loc":{"start":{"line":62,"column":40},"end":{"line":76,"column":1}},"line":62},"11":{"name":"setUserInteracted","decl":{"start":{"line":78,"column":16},"end":{"line":78,"column":33}},"loc":{"start":{"line":78,"column":36},"end":{"line":80,"column":1}},"line":78},"12":{"name":"isValidPhoneNumber","decl":{"start":{"line":83,"column":16},"end":{"line":83,"column":34}},"loc":{"start":{"line":83,"column":42},"end":{"line":85,"column":1}},"line":83},"13":{"name":"isValidName","decl":{"start":{"line":87,"column":16},"end":{"line":87,"column":27}},"loc":{"start":{"line":87,"column":34},"end":{"line":89,"column":1}},"line":87},"14":{"name":"isValidEmail","decl":{"start":{"line":91,"column":16},"end":{"line":91,"column":28}},"loc":{"start":{"line":91,"column":36},"end":{"line":93,"column":1}},"line":91},"15":{"name":"isValidState","decl":{"start":{"line":95,"column":16},"end":{"line":95,"column":28}},"loc":{"start":{"line":95,"column":36},"end":{"line":99,"column":1}},"line":95},"16":{"name":"isValidMessage","decl":{"start":{"line":101,"column":16},"end":{"line":101,"column":30}},"loc":{"start":{"line":101,"column":40},"end":{"line":103,"column":1}},"line":101}},"branchMap":{"0":{"loc":{"start":{"line":4,"column":29},"end":{"line":4,"column":38}},"type":"default-arg","locations":[{"start":{"line":4,"column":36},"end":{"line":4,"column":38}}],"line":4},"1":{"loc":{"start":{"line":17,"column":2},"end":{"line":19,"column":3}},"type":"if","locations":[{"start":{"line":17,"column":2},"end":{"line":19,"column":3}},{"start":{},"end":{}}],"line":17},"2":{"loc":{"start":{"line":24,"column":2},"end":{"line":31,"column":3}},"type":"if","locations":[{"start":{"line":24,"column":2},"end":{"line":31,"column":3}},{"start":{"line":29,"column":9},"end":{"line":31,"column":3}}],"line":24},"3":{"loc":{"start":{"line":35,"column":2},"end":{"line":47,"column":3}},"type":"if","locations":[{"start":{"line":35,"column":2},"end":{"line":47,"column":3}},{"start":{"line":45,"column":9},"end":{"line":47,"column":3}}],"line":35},"4":{"loc":{"start":{"line":64,"column":2},"end":{"line":66,"column":3}},"type":"if","locations":[{"start":{"line":64,"column":2},"end":{"line":66,"column":3}},{"start":{},"end":{}}],"line":64},"5":{"loc":{"start":{"line":71,"column":2},"end":{"line":73,"column":3}},"type":"if","locations":[{"start":{"line":71,"column":2},"end":{"line":73,"column":3}},{"start":{},"end":{}}],"line":71},"6":{"loc":{"start":{"line":71,"column":6},"end":{"line":71,"column":62}},"type":"binary-expr","locations":[{"start":{"line":71,"column":6},"end":{"line":71,"column":35}},{"start":{"line":71,"column":39},"end":{"line":71,"column":62}}],"line":71}},"s":{"0":3,"1":1,"2":2,"3":2,"4":1,"5":2,"6":2,"7":1,"8":1,"9":2,"10":1,"11":1,"12":1,"13":0,"14":1,"15":3,"16":7,"17":3,"18":3,"19":7,"20":7,"21":9,"22":9,"23":5,"24":4,"25":4,"26":4,"27":2,"28":2,"29":1,"30":9,"31":5,"32":3,"33":5,"34":5},"f":{"0":3,"1":1,"2":2,"3":2,"4":2,"5":1,"6":0,"7":3,"8":7,"9":3,"10":9,"11":1,"12":9,"13":5,"14":3,"15":5,"16":5},"b":{"0":[2],"1":[1,1],"2":[1,1],"3":[1,1],"4":[5,4],"5":[2,2],"6":[4,4]},"_coverageSchema":"1a1c01bbd47fc00a2c39e90264f33305004495a9","hash":"1a126d8c0a3cec0c437f79e77e8dea96ffd05575"}
,"/Users/mattward/Desktop/Projects/med-chat/public/js/websocket.js": {"path":"/Users/mattward/Desktop/Projects/med-chat/public/js/websocket.js","statementMap":{"0":{"start":{"line":21,"column":24},"end":{"line":21,"column":28}},"1":{"start":{"line":34,"column":2},"end":{"line":41,"column":3}},"2":{"start":{"line":39,"column":4},"end":{"line":39,"column":56}},"3":{"start":{"line":40,"column":4},"end":{"line":40,"column":11}},"4":{"start":{"line":43,"column":19},"end":{"line":43,"column":73}},"5":{"start":{"line":44,"column":16},"end":{"line":44,"column":64}},"6":{"start":{"line":45,"column":2},"end":{"line":45,"column":32}},"7":{"start":{"line":47,"column":2},"end":{"line":49,"column":4}},"8":{"start":{"line":48,"column":4},"end":{"line":48,"column":44}},"9":{"start":{"line":51,"column":2},"end":{"line":61,"column":4}},"10":{"start":{"line":53,"column":4},"end":{"line":58,"column":5}},"11":{"start":{"line":54,"column":6},"end":{"line":54,"column":36}},"12":{"start":{"line":56,"column":6},"end":{"line":56,"column":53}},"13":{"start":{"line":57,"column":6},"end":{"line":57,"column":13}},"14":{"start":{"line":60,"column":4},"end":{"line":60,"column":33}},"15":{"start":{"line":63,"column":2},"end":{"line":66,"column":4}},"16":{"start":{"line":64,"column":4},"end":{"line":64,"column":39}},"17":{"start":{"line":65,"column":4},"end":{"line":65,"column":68}},"18":{"start":{"line":65,"column":21},"end":{"line":65,"column":49}},"19":{"start":{"line":68,"column":2},"end":{"line":70,"column":4}},"20":{"start":{"line":69,"column":4},"end":{"line":69,"column":35}},"21":{"start":{"line":90,"column":2},"end":{"line":90,"column":42}},"22":{"start":{"line":92,"column":2},"end":{"line":141,"column":3}},"23":{"start":{"line":94,"column":6},"end":{"line":99,"column":9}},"24":{"start":{"line":100,"column":6},"end":{"line":100,"column":29}},"25":{"start":{"line":101,"column":6},"end":{"line":101,"column":12}},"26":{"start":{"line":104,"column":6},"end":{"line":108,"column":9}},"27":{"start":{"line":109,"column":6},"end":{"line":109,"column":34}},"28":{"start":{"line":110,"column":6},"end":{"line":110,"column":12}},"29":{"start":{"line":113,"column":6},"end":{"line":118,"column":9}},"30":{"start":{"line":119,"column":6},"end":{"line":119,"column":37}},"31":{"start":{"line":120,"column":6},"end":{"line":120,"column":12}},"32":{"start":{"line":123,"column":6},"end":{"line":125,"column":9}},"33":{"start":{"line":126,"column":6},"end":{"line":126,"column":53}},"34":{"start":{"line":127,"column":6},"end":{"line":136,"column":7}},"35":{"start":{"line":129,"column":8},"end":{"line":129,"column":39}},"36":{"start":{"line":130,"column":8},"end":{"line":130,"column":59}},"37":{"start":{"line":131,"column":8},"end":{"line":131,"column":65}},"38":{"start":{"line":132,"column":8},"end":{"line":132,"column":72}},"39":{"start":{"line":133,"column":8},"end":{"line":135,"column":11}},"40":{"start":{"line":137,"column":6},"end":{"line":137,"column":12}},"41":{"start":{"line":140,"column":6},"end":{"line":140,"column":50}},"42":{"start":{"line":144,"column":2},"end":{"line":146,"column":3}},"43":{"start":{"line":145,"column":4},"end":{"line":145,"column":28}},"44":{"start":{"line":149,"column":0},"end":{"line":160,"column":1}},"45":{"start":{"line":150,"column":2},"end":{"line":155,"column":5}},"46":{"start":{"line":151,"column":4},"end":{"line":151,"column":40}},"47":{"start":{"line":152,"column":4},"end":{"line":154,"column":5}},"48":{"start":{"line":153,"column":6},"end":{"line":153,"column":21}},"49":{"start":{"line":156,"column":2},"end":{"line":159,"column":5}},"50":{"start":{"line":157,"column":4},"end":{"line":157,"column":36}},"51":{"start":{"line":158,"column":4},"end":{"line":158,"column":27}}},"fnMap":{"0":{"name":"setupClientWebSocket","decl":{"start":{"line":33,"column":16},"end":{"line":33,"column":36}},"loc":{"start":{"line":33,"column":45},"end":{"line":71,"column":1}},"line":33},"1":{"name":"(anonymous_1)","decl":{"start":{"line":47,"column":18},"end":{"line":47,"column":19}},"loc":{"start":{"line":47,"column":24},"end":{"line":49,"column":3}},"line":47},"2":{"name":"(anonymous_2)","decl":{"start":{"line":51,"column":21},"end":{"line":51,"column":22}},"loc":{"start":{"line":51,"column":32},"end":{"line":61,"column":3}},"line":51},"3":{"name":"(anonymous_3)","decl":{"start":{"line":63,"column":19},"end":{"line":63,"column":20}},"loc":{"start":{"line":63,"column":25},"end":{"line":66,"column":3}},"line":63},"4":{"name":"(anonymous_4)","decl":{"start":{"line":65,"column":15},"end":{"line":65,"column":16}},"loc":{"start":{"line":65,"column":21},"end":{"line":65,"column":49}},"line":65},"5":{"name":"(anonymous_5)","decl":{"start":{"line":68,"column":19},"end":{"line":68,"column":20}},"loc":{"start":{"line":68,"column":30},"end":{"line":70,"column":3}},"line":68},"6":{"name":"handleWebSocketMessage","decl":{"start":{"line":89,"column":9},"end":{"line":89,"column":31}},"loc":{"start":{"line":89,"column":38},"end":{"line":147,"column":1}},"line":89},"7":{"name":"(anonymous_7)","decl":{"start":{"line":150,"column":21},"end":{"line":150,"column":22}},"loc":{"start":{"line":150,"column":27},"end":{"line":155,"column":3}},"line":150},"8":{"name":"(anonymous_8)","decl":{"start":{"line":156,"column":20},"end":{"line":156,"column":21}},"loc":{"start":{"line":156,"column":26},"end":{"line":159,"column":3}},"line":156}},"branchMap":{"0":{"loc":{"start":{"line":34,"column":2},"end":{"line":41,"column":3}},"type":"if","locations":[{"start":{"line":34,"column":2},"end":{"line":41,"column":3}},{"start":{},"end":{}}],"line":34},"1":{"loc":{"start":{"line":35,"column":4},"end":{"line":37,"column":49}},"type":"binary-expr","locations":[{"start":{"line":35,"column":4},"end":{"line":35,"column":10}},{"start":{"line":36,"column":5},"end":{"line":36,"column":41}},{"start":{"line":37,"column":6},"end":{"line":37,"column":48}}],"line":35},"2":{"loc":{"start":{"line":43,"column":19},"end":{"line":43,"column":73}},"type":"cond-expr","locations":[{"start":{"line":43,"column":59},"end":{"line":43,"column":65}},{"start":{"line":43,"column":68},"end":{"line":43,"column":73}}],"line":43},"3":{"loc":{"start":{"line":44,"column":16},"end":{"line":44,"column":64}},"type":"binary-expr","locations":[{"start":{"line":44,"column":16},"end":{"line":44,"column":22}},{"start":{"line":44,"column":26},"end":{"line":44,"column":64}}],"line":44},"4":{"loc":{"start":{"line":92,"column":2},"end":{"line":141,"column":3}},"type":"switch","locations":[{"start":{"line":93,"column":4},"end":{"line":101,"column":12}},{"start":{"line":103,"column":4},"end":{"line":110,"column":12}},{"start":{"line":112,"column":4},"end":{"line":120,"column":12}},{"start":{"line":122,"column":4},"end":{"line":137,"column":12}},{"start":{"line":139,"column":4},"end":{"line":140,"column":50}}],"line":92},"5":{"loc":{"start":{"line":127,"column":6},"end":{"line":136,"column":7}},"type":"if","locations":[{"start":{"line":127,"column":6},"end":{"line":136,"column":7}},{"start":{},"end":{}}],"line":127},"6":{"loc":{"start":{"line":144,"column":2},"end":{"line":146,"column":3}},"type":"if","locations":[{"start":{"line":144,"column":2},"end":{"line":146,"column":3}},{"start":{},"end":{}}],"line":144},"7":{"loc":{"start":{"line":144,"column":6},"end":{"line":144,"column":77}},"type":"binary-expr","locations":[{"start":{"line":144,"column":6},"end":{"line":144,"column":32}},{"start":{"line":144,"column":36},"end":{"line":144,"column":77}}],"line":144},"8":{"loc":{"start":{"line":149,"column":0},"end":{"line":160,"column":1}},"type":"if","locations":[{"start":{"line":149,"column":0},"end":{"line":160,"column":1}},{"start":{},"end":{}}],"line":149},"9":{"loc":{"start":{"line":152,"column":4},"end":{"line":154,"column":5}},"type":"if","locations":[{"start":{"line":152,"column":4},"end":{"line":154,"column":5}},{"start":{},"end":{}}],"line":152},"10":{"loc":{"start":{"line":152,"column":8},"end":{"line":152,"column":54}},"type":"binary-expr","locations":[{"start":{"line":152,"column":8},"end":{"line":152,"column":14}},{"start":{"line":152,"column":18},"end":{"line":152,"column":54}}],"line":152}},"s":{"0":12,"1":4,"2":0,"3":0,"4":4,"5":4,"6":4,"7":4,"8":1,"9":4,"10":1,"11":1,"12":1,"13":1,"14":0,"15":4,"16":0,"17":0,"18":0,"19":4,"20":1,"21":8,"22":8,"23":3,"24":3,"25":3,"26":1,"27":1,"28":1,"29":1,"30":1,"31":1,"32":2,"33":2,"34":2,"35":1,"36":1,"37":1,"38":1,"39":1,"40":2,"41":1,"42":8,"43":2,"44":12,"45":0,"46":0,"47":0,"48":0,"49":0,"50":0,"51":0},"f":{"0":4,"1":1,"2":1,"3":0,"4":0,"5":1,"6":8,"7":0,"8":0},"b":{"0":[0,4],"1":[4,0,0],"2":[0,4],"3":[4,0],"4":[3,1,1,2,1],"5":[1,1],"6":[2,6],"7":[8,3],"8":[0,12],"9":[0,0],"10":[0,0]},"_coverageSchema":"1a1c01bbd47fc00a2c39e90264f33305004495a9","hash":"18ed082be980b2e462fbb92b79cd3dafcd60b282"}
}
