TN:
SF:app.js
FN:105,(anonymous_0)
FN:127,(anonymous_1)
FN:140,(anonymous_2)
FN:179,(anonymous_3)
FN:201,(anonymous_4)
FN:207,(anonymous_5)
FN:212,(anonymous_6)
FN:245,(anonymous_7)
FN:253,(anonymous_8)
FN:308,(anonymous_9)
FN:323,(anonymous_10)
FNF:11
FNH:8
FNDA:0,(anonymous_0)
FNDA:1,(anonymous_1)
FNDA:2,(anonymous_2)
FNDA:2,(anonymous_3)
FNDA:1,(anonymous_4)
FNDA:2,(anonymous_5)
FNDA:4,(anonymous_6)
FNDA:1,(anonymous_7)
FNDA:6,(anonymous_8)
FNDA:0,(anonymous_9)
FNDA:0,(anonymous_10)
DA:4,3
DA:5,2
DA:7,1
DA:10,3
DA:11,3
DA:12,3
DA:13,3
DA:14,3
DA:15,3
DA:23,3
DA:24,3
DA:25,3
DA:26,3
DA:30,3
DA:31,3
DA:32,3
DA:33,3
DA:36,3
DA:39,3
DA:40,3
DA:41,3
DA:42,3
DA:43,3
DA:44,3
DA:45,3
DA:46,3
DA:47,3
DA:48,3
DA:51,3
DA:52,3
DA:55,3
DA:56,0
DA:57,0
DA:58,0
DA:59,0
DA:61,0
DA:62,0
DA:68,0
DA:78,3
DA:79,3
DA:81,3
DA:87,3
DA:88,1
DA:92,3
DA:95,3
DA:98,3
DA:99,3
DA:102,3
DA:105,3
DA:106,0
DA:110,3
DA:112,1
DA:113,1
DA:116,1
DA:117,1
DA:121,3
DA:122,3
DA:123,3
DA:124,3
DA:127,3
DA:128,1
DA:135,3
DA:136,3
DA:137,3
DA:138,3
DA:140,3
DA:141,2
DA:142,2
DA:144,2
DA:145,2
DA:146,1
DA:147,1
DA:152,1
DA:159,1
DA:164,1
DA:166,1
DA:167,1
DA:169,1
DA:171,1
DA:173,0
DA:174,0
DA:179,3
DA:180,2
DA:181,2
DA:182,2
DA:183,1
DA:184,1
DA:187,1
DA:188,1
DA:190,1
DA:191,1
DA:193,0
DA:194,0
DA:200,3
DA:201,2
DA:203,1
DA:204,1
DA:207,3
DA:208,2
DA:212,3
DA:213,4
DA:214,4
DA:217,4
DA:221,1
DA:222,1
DA:226,3
DA:227,3
DA:230,3
DA:237,3
DA:239,0
DA:240,0
DA:245,3
DA:246,1
DA:250,3
DA:254,6
DA:263,6
DA:265,6
DA:266,3
DA:268,3
DA:269,2
DA:270,2
DA:272,2
DA:273,2
DA:282,2
DA:291,3
DA:293,2
DA:296,1
DA:299,6
DA:301,0
DA:302,0
DA:308,3
DA:309,0
DA:314,0
DA:317,0
DA:321,3
DA:322,0
DA:323,0
DA:324,0
DA:331,3
DA:332,3
LF:140
LH:118
BRDA:4,0,0,2
BRDA:4,0,1,1
BRDA:55,1,0,0
BRDA:55,1,1,3
BRDA:55,2,0,3
BRDA:55,2,1,1
BRDA:79,3,0,3
BRDA:79,3,1,2
BRDA:87,4,0,1
BRDA:87,4,1,2
BRDA:110,5,0,1
BRDA:110,5,1,2
BRDA:145,6,0,1
BRDA:145,6,1,1
BRDA:145,7,0,2
BRDA:145,7,1,1
BRDA:182,8,0,1
BRDA:182,8,1,1
BRDA:200,9,0,2
BRDA:200,9,1,1
BRDA:217,10,0,1
BRDA:217,10,1,3
BRDA:218,11,0,4
BRDA:218,11,1,4
BRDA:265,12,0,3
BRDA:265,12,1,3
BRDA:265,13,0,6
BRDA:265,13,1,3
BRDA:268,14,0,2
BRDA:268,14,1,1
BRDA:272,15,0,2
BRDA:272,15,1,0
BRDA:279,16,0,2
BRDA:279,16,1,0
BRDA:291,17,0,2
BRDA:291,17,1,1
BRDA:321,18,0,0
BRDA:321,18,1,3
BRDA:321,19,0,3
BRDA:321,19,1,1
BRDA:322,20,0,0
BRDA:322,20,1,0
BRF:42
BRH:36
end_of_record
TN:
SF:twilioClient.js
FNF:0
FNH:0
DA:3,3
DA:4,3
DA:5,3
DA:8,3
DA:14,3
DA:17,3
LF:6
LH:6
BRF:0
BRH:0
end_of_record
TN:
SF:modules/search.js
FN:14,updateCache
FN:21,(anonymous_1)
FN:57,searchConversations
FN:61,(anonymous_3)
FN:74,initializeCacheUpdates
FN:85,stopCacheUpdates
FNF:6
FNH:3
FNDA:1,updateCache
FNDA:0,(anonymous_1)
FNDA:0,searchConversations
FNDA:0,(anonymous_3)
FNDA:1,initializeCacheUpdates
FNDA:25,stopCacheUpdates
DA:1,3
DA:2,3
DA:5,3
DA:6,3
DA:7,3
DA:15,1
DA:16,1
DA:17,1
DA:18,1
DA:19,1
DA:20,1
DA:22,0
DA:25,0
DA:26,0
DA:29,0
DA:30,0
DA:31,0
DA:42,1
DA:43,1
DA:47,0
DA:58,0
DA:59,0
DA:60,0
DA:62,0
DA:67,0
DA:68,0
DA:76,1
DA:79,1
DA:86,25
DA:87,0
DA:88,0
DA:93,3
DA:94,1
DA:97,3
LF:34
LH:19
BRDA:16,0,0,1
BRDA:16,0,1,0
BRDA:25,1,0,0
BRDA:25,1,1,0
BRDA:29,2,0,0
BRDA:29,2,1,0
BRDA:30,3,0,0
BRDA:30,3,1,0
BRDA:34,4,0,0
BRDA:34,4,1,0
BRDA:35,5,0,0
BRDA:35,5,1,0
BRDA:36,6,0,0
BRDA:36,6,1,0
BRDA:62,7,0,0
BRDA:62,7,1,0
BRDA:62,7,2,0
BRDA:62,7,3,0
BRDA:86,8,0,0
BRDA:86,8,1,25
BRDA:93,9,0,1
BRDA:93,9,1,2
BRF:22
BRH:4
end_of_record
TN:
SF:routes/callParams.js
FN:27,(anonymous_0)
FNF:1
FNH:0
FNDA:0,(anonymous_0)
DA:3,3
DA:4,3
DA:5,3
DA:6,3
DA:7,3
DA:10,3
DA:11,3
DA:12,3
DA:18,3
DA:28,0
DA:29,0
DA:30,0
DA:33,0
DA:36,0
DA:38,0
DA:39,0
DA:40,0
DA:41,0
DA:42,0
DA:44,0
DA:45,0
DA:46,0
DA:51,0
DA:53,0
DA:54,0
DA:55,0
DA:57,0
DA:63,3
LF:28
LH:10
BRDA:29,0,0,0
BRDA:29,0,1,0
BRDA:40,1,0,0
BRDA:40,1,1,0
BRDA:44,2,0,0
BRDA:44,2,1,0
BRDA:54,3,0,0
BRDA:54,3,1,0
BRF:8
BRH:0
end_of_record
TN:
SF:routes/conversations.js
FN:23,(anonymous_0)
FN:28,(anonymous_1)
FN:64,(anonymous_2)
FN:99,(anonymous_3)
FN:160,(anonymous_4)
FN:184,(anonymous_5)
FN:229,(anonymous_6)
FN:302,(anonymous_7)
FN:364,(anonymous_8)
FNF:9
FNH:0
FNDA:0,(anonymous_0)
FNDA:0,(anonymous_1)
FNDA:0,(anonymous_2)
FNDA:0,(anonymous_3)
FNDA:0,(anonymous_4)
FNDA:0,(anonymous_5)
FNDA:0,(anonymous_6)
FNDA:0,(anonymous_7)
FNDA:0,(anonymous_8)
DA:3,3
DA:4,3
DA:5,3
DA:6,3
DA:7,3
DA:8,3
DA:9,3
DA:12,3
DA:13,3
DA:14,3
DA:15,3
DA:16,3
DA:23,3
DA:24,0
DA:25,0
DA:26,0
DA:28,0
DA:29,0
DA:30,0
DA:43,0
DA:45,0
DA:46,0
DA:55,3
DA:66,0
DA:67,0
DA:68,0
DA:71,0
DA:74,0
DA:76,0
DA:77,0
DA:78,0
DA:79,0
DA:80,0
DA:81,0
DA:87,0
DA:91,0
DA:94,0
DA:98,0
DA:100,0
DA:103,0
DA:107,0
DA:108,0
DA:109,0
DA:111,0
DA:118,0
DA:127,0
DA:128,0
DA:130,0
DA:132,0
DA:143,3
DA:162,0
DA:163,0
DA:164,0
DA:167,0
DA:170,0
DA:171,0
DA:172,0
DA:174,0
DA:175,0
DA:179,0
DA:184,0
DA:191,0
DA:193,0
DA:194,0
DA:196,0
DA:198,0
DA:209,3
DA:231,0
DA:232,0
DA:233,0
DA:236,0
DA:239,0
DA:240,0
DA:242,0
DA:243,0
DA:244,0
DA:251,0
DA:252,0
DA:253,0
DA:254,0
DA:264,0
DA:266,0
DA:272,0
DA:274,0
DA:276,0
DA:287,3
DA:304,0
DA:305,0
DA:306,0
DA:309,0
DA:312,0
DA:313,0
DA:316,0
DA:317,0
DA:322,0
DA:323,0
DA:324,0
DA:327,0
DA:328,0
DA:329,0
DA:330,0
DA:337,0
DA:339,0
DA:340,0
DA:342,0
DA:344,0
DA:355,3
DA:365,0
DA:366,0
DA:367,0
DA:370,0
DA:371,0
DA:372,0
DA:373,0
DA:375,0
DA:380,3
LF:116
LH:19
BRDA:29,0,0,0
BRDA:29,0,1,0
BRDA:33,1,0,0
BRDA:33,1,1,0
BRDA:34,2,0,0
BRDA:34,2,1,0
BRDA:35,3,0,0
BRDA:35,3,1,0
BRDA:36,4,0,0
BRDA:36,4,1,0
BRDA:37,5,0,0
BRDA:37,5,1,0
BRDA:39,6,0,0
BRDA:39,6,1,0
BRDA:67,7,0,0
BRDA:67,7,1,0
BRDA:79,8,0,0
BRDA:79,8,1,0
BRDA:100,9,0,0
BRDA:100,9,1,0
BRDA:109,10,0,0
BRDA:109,10,1,0
BRDA:122,11,0,0
BRDA:122,11,1,0
BRDA:123,12,0,0
BRDA:123,12,1,0
BRDA:128,13,0,0
BRDA:128,13,1,0
BRDA:163,14,0,0
BRDA:163,14,1,0
BRDA:171,15,0,0
BRDA:171,16,0,0
BRDA:194,17,0,0
BRDA:194,17,1,0
BRDA:232,18,0,0
BRDA:232,18,1,0
BRDA:247,19,0,0
BRDA:247,19,1,0
BRDA:251,20,0,0
BRDA:251,20,1,0
BRDA:253,21,0,0
BRDA:253,21,1,0
BRDA:257,22,0,0
BRDA:257,22,1,0
BRDA:272,23,0,0
BRDA:272,23,1,0
BRDA:305,24,0,0
BRDA:305,24,1,0
BRDA:316,25,0,0
BRDA:316,25,1,0
BRDA:327,26,0,0
BRDA:327,26,1,0
BRDA:329,27,0,0
BRDA:329,27,1,0
BRDA:340,28,0,0
BRDA:340,28,1,0
BRDA:366,29,0,0
BRDA:366,29,1,0
BRF:58
BRH:0
end_of_record
TN:
SF:routes/search.js
FN:18,(anonymous_0)
FNF:1
FNH:0
FNDA:0,(anonymous_0)
DA:3,3
DA:4,3
DA:5,3
DA:6,3
DA:7,3
DA:10,3
DA:15,3
DA:19,0
DA:20,0
DA:21,0
DA:22,0
DA:25,0
DA:26,0
DA:27,0
DA:28,0
DA:31,0
DA:32,0
DA:33,0
DA:34,0
DA:38,0
DA:40,0
DA:41,0
DA:46,3
LF:23
LH:8
BRDA:20,0,0,0
BRDA:20,0,1,0
BRDA:26,1,0,0
BRDA:26,1,1,0
BRF:4
BRH:0
end_of_record
TN:
SF:routes/startConversation.js
FN:16,logLatestMessage
FN:60,(anonymous_1)
FNF:2
FNH:0
FNDA:0,logLatestMessage
FNDA:0,(anonymous_1)
DA:3,3
DA:4,3
DA:5,3
DA:6,3
DA:7,3
DA:8,3
DA:9,3
DA:12,3
DA:13,3
DA:17,0
DA:18,0
DA:22,0
DA:23,0
DA:24,0
DA:32,0
DA:35,0
DA:42,3
DA:44,3
DA:61,0
DA:62,0
DA:63,0
DA:66,0
DA:69,0
DA:70,0
DA:72,0
DA:80,0
DA:81,0
DA:83,0
DA:87,0
DA:93,0
DA:95,0
DA:96,0
DA:102,0
DA:105,0
DA:107,0
DA:109,0
DA:114,0
DA:120,0
DA:127,0
DA:129,0
DA:132,0
DA:134,0
DA:138,0
DA:143,3
LF:44
LH:12
BRDA:22,0,0,0
BRDA:22,0,1,0
BRDA:62,1,0,0
BRDA:62,1,1,0
BRDA:81,2,0,0
BRDA:81,2,1,0
BRF:6
BRH:0
end_of_record
