TN:
SF:public/js/api.js
FN:24,(anonymous_0)
FN:24,(anonymous_1)
FN:30,(anonymous_2)
FN:30,(anonymous_3)
FN:37,(anonymous_4)
FN:38,(anonymous_5)
FN:46,(anonymous_6)
FN:49,(anonymous_7)
FN:57,(anonymous_8)
FN:60,(anonymous_9)
FN:67,(anonymous_10)
FN:72,(anonymous_11)
FN:79,(anonymous_12)
FN:80,(anonymous_13)
FN:87,(anonymous_14)
FN:88,(anonymous_15)
FN:95,(anonymous_16)
FN:96,(anonymous_17)
FN:103,(anonymous_18)
FN:104,(anonymous_19)
FN:111,(anonymous_20)
FN:112,(anonymous_21)
FNF:22
FNH:22
FNDA:1,(anonymous_0)
FNDA:1,(anonymous_1)
FNDA:1,(anonymous_2)
FNDA:1,(anonymous_3)
FNDA:1,(anonymous_4)
FNDA:1,(anonymous_5)
FNDA:1,(anonymous_6)
FNDA:1,(anonymous_7)
FNDA:1,(anonymous_8)
FNDA:1,(anonymous_9)
FNDA:1,(anonymous_10)
FNDA:1,(anonymous_11)
FNDA:1,(anonymous_12)
FNDA:1,(anonymous_13)
FNDA:1,(anonymous_14)
FNDA:1,(anonymous_15)
FNDA:1,(anonymous_16)
FNDA:1,(anonymous_17)
FNDA:1,(anonymous_18)
FNDA:1,(anonymous_19)
FNDA:1,(anonymous_20)
FNDA:1,(anonymous_21)
DA:19,2
DA:24,1
DA:30,1
DA:38,1
DA:47,1
DA:49,1
DA:58,1
DA:60,1
DA:68,1
DA:72,1
DA:80,1
DA:88,1
DA:96,1
DA:104,1
DA:112,1
LF:15
LH:15
BRDA:46,0,0,1
BRF:1
BRH:1
end_of_record
TN:
SF:public/js/conversations.js
FN:25,loadConversations
FN:33,(anonymous_1)
FN:65,updateLatestMessagePreview
FN:96,incrementUnreadCount
FN:122,handleNewConversation
FN:124,(anonymous_5)
FN:153,handleUpdateConversation
FN:155,(anonymous_7)
FN:206,removeConversationFromUI
FN:238,fetchConversation
FN:257,listConversations
FN:277,createConversation
FN:297,deleteConversation
FN:320,addMessage
FN:341,listMessages
FN:361,markMessagesAsRead
FN:380,updateConversationPreview
FN:396,(anonymous_17)
FN:400,(anonymous_18)
FN:403,(anonymous_19)
FNF:20
FNH:6
FNDA:1,loadConversations
FNDA:1,(anonymous_1)
FNDA:0,updateLatestMessagePreview
FNDA:0,incrementUnreadCount
FNDA:2,handleNewConversation
FNDA:1,(anonymous_5)
FNDA:1,handleUpdateConversation
FNDA:1,(anonymous_7)
FNDA:0,removeConversationFromUI
FNDA:0,fetchConversation
FNDA:0,listConversations
FNDA:0,createConversation
FNDA:0,deleteConversation
FNDA:0,addMessage
FNDA:0,listMessages
FNDA:0,markMessagesAsRead
FNDA:0,updateConversationPreview
FNDA:0,(anonymous_17)
FNDA:0,(anonymous_18)
FNDA:0,(anonymous_19)
DA:26,1
DA:28,1
DA:29,1
DA:32,1
DA:33,1
DA:36,1
DA:38,1
DA:39,0
DA:44,1
DA:45,1
DA:46,1
DA:48,0
DA:49,0
DA:51,1
DA:66,0
DA:67,0
DA:71,0
DA:72,0
DA:75,0
DA:76,0
DA:77,0
DA:81,0
DA:97,0
DA:98,0
DA:99,0
DA:100,0
DA:101,0
DA:102,0
DA:103,0
DA:105,0
DA:123,2
DA:124,1
DA:127,2
DA:129,1
DA:134,1
DA:137,1
DA:139,1
DA:154,1
DA:155,1
DA:158,1
DA:160,1
DA:167,1
DA:168,1
DA:170,0
DA:171,0
DA:172,0
DA:176,0
DA:177,0
DA:178,0
DA:182,0
DA:183,0
DA:184,0
DA:188,0
DA:193,1
DA:207,0
DA:210,0
DA:211,0
DA:212,0
DA:214,0
DA:218,0
DA:219,0
DA:220,0
DA:221,0
DA:222,0
DA:223,0
DA:239,0
DA:240,0
DA:242,0
DA:243,0
DA:258,0
DA:259,0
DA:261,0
DA:262,0
DA:278,0
DA:279,0
DA:281,0
DA:282,0
DA:298,0
DA:299,0
DA:300,0
DA:301,0
DA:303,0
DA:304,0
DA:321,0
DA:322,0
DA:324,0
DA:325,0
DA:342,0
DA:343,0
DA:345,0
DA:346,0
DA:362,0
DA:363,0
DA:365,0
DA:366,0
DA:381,0
DA:382,0
DA:383,0
DA:384,0
DA:385,0
DA:386,0
DA:388,0
DA:389,0
DA:395,1
DA:396,0
DA:397,0
DA:400,0
DA:401,0
DA:403,0
DA:404,0
LF:110
LH:26
BRDA:38,0,0,0
BRDA:38,0,1,1
BRDA:71,1,0,0
BRDA:71,1,1,0
BRDA:76,2,0,0
BRDA:76,2,1,0
BRDA:76,3,0,0
BRDA:76,3,1,0
BRDA:98,4,0,0
BRDA:98,4,1,0
BRDA:101,5,0,0
BRDA:101,5,1,0
BRDA:102,6,0,0
BRDA:102,6,1,0
BRDA:127,7,0,1
BRDA:127,7,1,1
BRDA:158,8,0,1
BRDA:158,8,1,0
BRDA:163,9,0,1
BRDA:163,9,1,0
BRDA:168,10,0,0
BRDA:168,10,1,1
BRDA:171,11,0,0
BRDA:171,11,1,0
BRDA:172,12,0,0
BRDA:172,12,1,0
BRDA:177,13,0,0
BRDA:177,13,1,0
BRDA:178,14,0,0
BRDA:178,14,1,0
BRDA:183,15,0,0
BRDA:183,15,1,0
BRDA:184,16,0,0
BRDA:184,16,1,0
BRDA:210,17,0,0
BRDA:210,17,1,0
BRDA:218,18,0,0
BRDA:218,18,1,0
BRDA:341,19,0,0
BRDA:382,20,0,0
BRDA:382,20,1,0
BRDA:385,21,0,0
BRDA:385,21,1,0
BRDA:388,22,0,0
BRDA:388,22,1,0
BRDA:395,23,0,0
BRDA:395,23,1,1
BRF:47
BRH:7
end_of_record
TN:
SF:public/js/main.js
FN:28,initializeApplication
FN:70,(anonymous_1)
FN:80,(anonymous_2)
FN:99,(anonymous_3)
FNF:4
FNH:3
FNDA:7,initializeApplication
FNDA:6,(anonymous_1)
FNDA:7,(anonymous_2)
FNDA:0,(anonymous_3)
DA:29,7
DA:30,7
DA:31,7
DA:32,6
DA:33,6
DA:34,4
DA:36,6
DA:37,6
DA:38,6
DA:39,6
DA:41,1
DA:42,1
DA:52,8
DA:60,8
DA:70,8
DA:71,6
DA:80,8
DA:81,7
DA:90,8
DA:91,0
DA:100,0
DA:101,0
LF:22
LH:19
BRDA:33,0,0,4
BRDA:33,0,1,2
BRDA:90,1,0,0
BRDA:90,1,1,8
BRF:4
BRH:3
end_of_record
TN:
SF:public/js/state.js
FNF:0
FNH:0
DA:2,1
DA:6,1
LF:2
LH:2
BRF:0
BRH:0
end_of_record
TN:
SF:public/js/utils.js
FN:4,log
FN:8,formatTime
FN:15,scrollToBottom
FN:22,checkScrollPosition
FN:34,playNotificationSound
FN:39,(anonymous_5)
FN:42,(anonymous_6)
FN:50,debounce
FN:52,executedFunction
FN:53,(anonymous_9)
FN:62,isValidDate
FN:78,setUserInteracted
FN:83,isValidPhoneNumber
FN:87,isValidName
FN:91,isValidEmail
FN:95,isValidState
FN:101,isValidMessage
FNF:17
FNH:0
FNDA:0,log
FNDA:0,formatTime
FNDA:0,scrollToBottom
FNDA:0,checkScrollPosition
FNDA:0,playNotificationSound
FNDA:0,(anonymous_5)
FNDA:0,(anonymous_6)
FNDA:0,debounce
FNDA:0,executedFunction
FNDA:0,(anonymous_9)
FNDA:0,isValidDate
FNDA:0,setUserInteracted
FNDA:0,isValidPhoneNumber
FNDA:0,isValidName
FNDA:0,isValidEmail
FNDA:0,isValidState
FNDA:0,isValidMessage
DA:5,0
DA:9,0
DA:16,0
DA:17,0
DA:18,0
DA:23,0
DA:24,0
DA:28,0
DA:30,0
DA:35,0
DA:36,0
DA:37,0
DA:40,0
DA:43,0
DA:46,0
DA:52,0
DA:53,0
DA:54,0
DA:55,0
DA:57,0
DA:58,0
DA:63,0
DA:64,0
DA:65,0
DA:68,0
DA:69,0
DA:71,0
DA:72,0
DA:75,0
DA:79,0
DA:84,0
DA:88,0
DA:92,0
DA:98,0
DA:102,0
LF:35
LH:0
BRDA:4,0,0,0
BRDA:17,1,0,0
BRDA:17,1,1,0
BRDA:24,2,0,0
BRDA:24,2,1,0
BRDA:35,3,0,0
BRDA:35,3,1,0
BRDA:64,4,0,0
BRDA:64,4,1,0
BRDA:71,5,0,0
BRDA:71,5,1,0
BRDA:71,6,0,0
BRDA:71,6,1,0
BRF:13
BRH:0
end_of_record
